::1 - - [16/Sep/2016:11:24:10 +0000] "GET /?amount= HTTP/1.1" 304 - "http://localhost:30200/" "Mozilla/5.0 (Macintosh; Intel Mac OS X 10_10_5) AppleWebKit/537.36 (KHTML, like Gecko) Chrome/52.0.2743.116 Safari/537.36"
::1 - - [16/Sep/2016:11:24:12 +0000] "GET /assets/fonts/css/font-awesome.min.css HTTP/1.1" 304 - "http://localhost:30200/?amount=" "Mozilla/5.0 (Macintosh; Intel Mac OS X 10_10_5) AppleWebKit/537.36 (KHTML, like Gecko) Chrome/52.0.2743.116 Safari/537.36"
::1 - - [16/Sep/2016:11:24:12 +0000] "GET /assets/css/lib/ngNotificationsBar.css HTTP/1.1" 304 - "http://localhost:30200/?amount=" "Mozilla/5.0 (Macintosh; Intel Mac OS X 10_10_5) AppleWebKit/537.36 (KHTML, like Gecko) Chrome/52.0.2743.116 Safari/537.36"
::1 - - [16/Sep/2016:11:24:12 +0000] "GET /assets/css/main.css HTTP/1.1" 304 - "http://localhost:30200/?amount=" "Mozilla/5.0 (Macintosh; Intel Mac OS X 10_10_5) AppleWebKit/537.36 (KHTML, like Gecko) Chrome/52.0.2743.116 Safari/537.36"
::1 - - [16/Sep/2016:11:24:12 +0000] "GET /lib/angular.min.js HTTP/1.1" 304 - "http://localhost:30200/?amount=" "Mozilla/5.0 (Macintosh; Intel Mac OS X 10_10_5) AppleWebKit/537.36 (KHTML, like Gecko) Chrome/52.0.2743.116 Safari/537.36"
::1 - - [16/Sep/2016:11:24:12 +0000] "GET /lib/angular-route.min.js HTTP/1.1" 304 - "http://localhost:30200/?amount=" "Mozilla/5.0 (Macintosh; Intel Mac OS X 10_10_5) AppleWebKit/537.36 (KHTML, like Gecko) Chrome/52.0.2743.116 Safari/537.36"
::1 - - [16/Sep/2016:11:24:12 +0000] "GET /lib/ngStorage.min.js HTTP/1.1" 304 - "http://localhost:30200/?amount=" "Mozilla/5.0 (Macintosh; Intel Mac OS X 10_10_5) AppleWebKit/537.36 (KHTML, like Gecko) Chrome/52.0.2743.116 Safari/537.36"
::1 - - [16/Sep/2016:11:24:12 +0000] "GET /lib/angular-local-storage.min.js HTTP/1.1" 304 - "http://localhost:30200/?amount=" "Mozilla/5.0 (Macintosh; Intel Mac OS X 10_10_5) AppleWebKit/537.36 (KHTML, like Gecko) Chrome/52.0.2743.116 Safari/537.36"
::1 - - [16/Sep/2016:11:24:12 +0000] "GET /lib/ngNotificationsBar.min.js HTTP/1.1" 304 - "http://localhost:30200/?amount=" "Mozilla/5.0 (Macintosh; Intel Mac OS X 10_10_5) AppleWebKit/537.36 (KHTML, like Gecko) Chrome/52.0.2743.116 Safari/537.36"
::1 - - [16/Sep/2016:11:24:12 +0000] "GET /lib/angular-sanitize.min.js HTTP/1.1" 304 - "http://localhost:30200/?amount=" "Mozilla/5.0 (Macintosh; Intel Mac OS X 10_10_5) AppleWebKit/537.36 (KHTML, like Gecko) Chrome/52.0.2743.116 Safari/537.36"
::1 - - [16/Sep/2016:11:24:12 +0000] "GET /lib/angular-translate-loader-static-files.min.js HTTP/1.1" 304 - "http://localhost:30200/?amount=" "Mozilla/5.0 (Macintosh; Intel Mac OS X 10_10_5) AppleWebKit/537.36 (KHTML, like Gecko) Chrome/52.0.2743.116 Safari/537.36"
::1 - - [16/Sep/2016:11:24:12 +0000] "GET /lib/angular-translate.min.js HTTP/1.1" 304 - "http://localhost:30200/?amount=" "Mozilla/5.0 (Macintosh; Intel Mac OS X 10_10_5) AppleWebKit/537.36 (KHTML, like Gecko) Chrome/52.0.2743.116 Safari/537.36"
::1 - - [16/Sep/2016:11:24:12 +0000] "GET /lib/tmhDynamicLocale.min.js HTTP/1.1" 304 - "http://localhost:30200/?amount=" "Mozilla/5.0 (Macintosh; Intel Mac OS X 10_10_5) AppleWebKit/537.36 (KHTML, like Gecko) Chrome/52.0.2743.116 Safari/537.36"
::1 - - [16/Sep/2016:11:24:12 +0000] "GET /lib/moment.min.js HTTP/1.1" 304 - "http://localhost:30200/?amount=" "Mozilla/5.0 (Macintosh; Intel Mac OS X 10_10_5) AppleWebKit/537.36 (KHTML, like Gecko) Chrome/52.0.2743.116 Safari/537.36"
::1 - - [16/Sep/2016:11:24:12 +0000] "GET /lib/ui-bootstrap-tpls.js HTTP/1.1" 304 - "http://localhost:30200/?amount=" "Mozilla/5.0 (Macintosh; Intel Mac OS X 10_10_5) AppleWebKit/537.36 (KHTML, like Gecko) Chrome/52.0.2743.116 Safari/537.36"
::1 - - [16/Sep/2016:11:24:12 +0000] "GET /all.js HTTP/1.1" 304 - "http://localhost:30200/?amount=" "Mozilla/5.0 (Macintosh; Intel Mac OS X 10_10_5) AppleWebKit/537.36 (KHTML, like Gecko) Chrome/52.0.2743.116 Safari/537.36"
::1 - - [16/Sep/2016:11:24:12 +0000] "GET /lib/angular.min.js.map HTTP/1.1" 404 1036 "-" "Mozilla/5.0 (Macintosh; Intel Mac OS X 10_10_5) AppleWebKit/537.36 (KHTML, like Gecko) Chrome/52.0.2743.116 Safari/537.36"
::1 - - [16/Sep/2016:11:24:12 +0000] "GET /lib/angular-route.min.js.map HTTP/1.1" 404 1036 "-" "Mozilla/5.0 (Macintosh; Intel Mac OS X 10_10_5) AppleWebKit/537.36 (KHTML, like Gecko) Chrome/52.0.2743.116 Safari/537.36"
::1 - - [16/Sep/2016:11:24:12 +0000] "GET /lib/angular-local-storage.min.js.map HTTP/1.1" 404 1036 "-" "Mozilla/5.0 (Macintosh; Intel Mac OS X 10_10_5) AppleWebKit/537.36 (KHTML, like Gecko) Chrome/52.0.2743.116 Safari/537.36"
::1 - - [16/Sep/2016:11:24:12 +0000] "GET /lib/angular-sanitize.min.js.map HTTP/1.1" 404 1036 "-" "Mozilla/5.0 (Macintosh; Intel Mac OS X 10_10_5) AppleWebKit/537.36 (KHTML, like Gecko) Chrome/52.0.2743.116 Safari/537.36"
::1 - - [16/Sep/2016:11:24:12 +0000] "GET /lib/tmhDynamicLocale.min.js.map HTTP/1.1" 404 1036 "-" "Mozilla/5.0 (Macintosh; Intel Mac OS X 10_10_5) AppleWebKit/537.36 (KHTML, like Gecko) Chrome/52.0.2743.116 Safari/537.36"
::1 - - [16/Sep/2016:11:24:12 +0000] "GET /assets/translations/locale-en.json HTTP/1.1" 304 - "http://localhost:30200/?amount=" "Mozilla/5.0 (Macintosh; Intel Mac OS X 10_10_5) AppleWebKit/537.36 (KHTML, like Gecko) Chrome/52.0.2743.116 Safari/537.36"
::1 - - [16/Sep/2016:11:24:13 +0000] "GET /layout/topmenu.html HTTP/1.1" 304 - "http://localhost:30200/?amount=" "Mozilla/5.0 (Macintosh; Intel Mac OS X 10_10_5) AppleWebKit/537.36 (KHTML, like Gecko) Chrome/52.0.2743.116 Safari/537.36"
::1 - - [16/Sep/2016:11:24:13 +0000] "GET /layout/sidemenu.html HTTP/1.1" 304 - "http://localhost:30200/?amount=" "Mozilla/5.0 (Macintosh; Intel Mac OS X 10_10_5) AppleWebKit/537.36 (KHTML, like Gecko) Chrome/52.0.2743.116 Safari/537.36"
::1 - - [16/Sep/2016:11:24:13 +0000] "GET /layout/footer.html HTTP/1.1" 304 - "http://localhost:30200/?amount=" "Mozilla/5.0 (Macintosh; Intel Mac OS X 10_10_5) AppleWebKit/537.36 (KHTML, like Gecko) Chrome/52.0.2743.116 Safari/537.36"
::1 - - [16/Sep/2016:11:24:13 +0000] "GET /billing/billing.html HTTP/1.1" 304 - "http://localhost:30200/?amount=" "Mozilla/5.0 (Macintosh; Intel Mac OS X 10_10_5) AppleWebKit/537.36 (KHTML, like Gecko) Chrome/52.0.2743.116 Safari/537.36"
::1 - - [16/Sep/2016:11:24:13 +0000] "GET /api/loggedin HTTP/1.1" 403 44 "http://localhost:30200/?amount=" "Mozilla/5.0 (Macintosh; Intel Mac OS X 10_10_5) AppleWebKit/537.36 (KHTML, like Gecko) Chrome/52.0.2743.116 Safari/537.36"
::1 - - [16/Sep/2016:11:24:13 +0000] "GET /assets/img/Ringotel_white2.svg HTTP/1.1" 304 - "http://localhost:30200/?amount=" "Mozilla/5.0 (Macintosh; Intel Mac OS X 10_10_5) AppleWebKit/537.36 (KHTML, like Gecko) Chrome/52.0.2743.116 Safari/537.36"
::1 - - [16/Sep/2016:11:24:13 +0000] "GET /assets/img/user.svg HTTP/1.1" 304 - "http://localhost:30200/?amount=" "Mozilla/5.0 (Macintosh; Intel Mac OS X 10_10_5) AppleWebKit/537.36 (KHTML, like Gecko) Chrome/52.0.2743.116 Safari/537.36"
::1 - - [16/Sep/2016:11:24:14 +0000] "GET /auth/login.html HTTP/1.1" 304 - "http://localhost:30200/?amount=" "Mozilla/5.0 (Macintosh; Intel Mac OS X 10_10_5) AppleWebKit/537.36 (KHTML, like Gecko) Chrome/52.0.2743.116 Safari/537.36"
::1 - - [16/Sep/2016:11:24:14 +0000] "GET /assets/img/Ringotel%206.svg HTTP/1.1" 304 - "http://localhost:30200/?amount=" "Mozilla/5.0 (Macintosh; Intel Mac OS X 10_10_5) AppleWebKit/537.36 (KHTML, like Gecko) Chrome/52.0.2743.116 Safari/537.36"
::1 - - [16/Sep/2016:11:24:17 +0000] "POST /api/login HTTP/1.1" 200 638 "http://localhost:30200/?amount=" "Mozilla/5.0 (Macintosh; Intel Mac OS X 10_10_5) AppleWebKit/537.36 (KHTML, like Gecko) Chrome/52.0.2743.116 Safari/537.36"
::1 - - [16/Sep/2016:11:24:17 +0000] "GET /dashboard/dashboard.html HTTP/1.1" 304 - "http://localhost:30200/?amount=" "Mozilla/5.0 (Macintosh; Intel Mac OS X 10_10_5) AppleWebKit/537.36 (KHTML, like Gecko) Chrome/52.0.2743.116 Safari/537.36"
::1 - - [16/Sep/2016:11:24:17 +0000] "GET /api/loggedin HTTP/1.1" 200 213 "http://localhost:30200/?amount=" "Mozilla/5.0 (Macintosh; Intel Mac OS X 10_10_5) AppleWebKit/537.36 (KHTML, like Gecko) Chrome/52.0.2743.116 Safari/537.36"
::1 - - [16/Sep/2016:11:24:17 +0000] "GET /assets/fonts/fonts/fontawesome-webfont.woff2?v=4.3.0 HTTP/1.1" 304 - "http://localhost:30200/?amount=" "Mozilla/5.0 (Macintosh; Intel Mac OS X 10_10_5) AppleWebKit/537.36 (KHTML, like Gecko) Chrome/52.0.2743.116 Safari/537.36"
::1 - - [16/Sep/2016:11:24:17 +0000] "POST /api/getCustomerBalance HTTP/1.1" 200 36 "http://localhost:30200/?amount=" "Mozilla/5.0 (Macintosh; Intel Mac OS X 10_10_5) AppleWebKit/537.36 (KHTML, like Gecko) Chrome/52.0.2743.116 Safari/537.36"
::1 - - [16/Sep/2016:11:24:17 +0000] "POST /api/getPlans HTTP/1.1" 200 1990 "http://localhost:30200/?amount=" "Mozilla/5.0 (Macintosh; Intel Mac OS X 10_10_5) AppleWebKit/537.36 (KHTML, like Gecko) Chrome/52.0.2743.116 Safari/537.36"
::1 - - [16/Sep/2016:11:24:18 +0000] "POST /api/getBranches HTTP/1.1" 200 14958 "http://localhost:30200/?amount=" "Mozilla/5.0 (Macintosh; Intel Mac OS X 10_10_5) AppleWebKit/537.36 (KHTML, like Gecko) Chrome/52.0.2743.116 Safari/537.36"
::1 - - [16/Sep/2016:11:24:19 +0000] "GET /dashboard/dash-instance.html HTTP/1.1" 304 - "http://localhost:30200/?amount=" "Mozilla/5.0 (Macintosh; Intel Mac OS X 10_10_5) AppleWebKit/537.36 (KHTML, like Gecko) Chrome/52.0.2743.116 Safari/537.36"
::1 - - [16/Sep/2016:11:24:30 +0000] "GET /api/loggedin HTTP/1.1" 200 213 "http://localhost:30200/?amount=" "Mozilla/5.0 (Macintosh; Intel Mac OS X 10_10_5) AppleWebKit/537.36 (KHTML, like Gecko) Chrome/52.0.2743.116 Safari/537.36"
::1 - - [16/Sep/2016:11:24:30 +0000] "POST /api/getCustomerBalance HTTP/1.1" 200 36 "http://localhost:30200/?amount=" "Mozilla/5.0 (Macintosh; Intel Mac OS X 10_10_5) AppleWebKit/537.36 (KHTML, like Gecko) Chrome/52.0.2743.116 Safari/537.36"
::1 - - [16/Sep/2016:11:24:30 +0000] "POST /api/transactions HTTP/1.1" 200 28 "http://localhost:30200/?amount=" "Mozilla/5.0 (Macintosh; Intel Mac OS X 10_10_5) AppleWebKit/537.36 (KHTML, like Gecko) Chrome/52.0.2743.116 Safari/537.36"
::1 - - [16/Sep/2016:11:24:30 +0000] "POST /api/charges HTTP/1.1" 200 5955 "http://localhost:30200/?amount=" "Mozilla/5.0 (Macintosh; Intel Mac OS X 10_10_5) AppleWebKit/537.36 (KHTML, like Gecko) Chrome/52.0.2743.116 Safari/537.36"
::1 - - [16/Sep/2016:19:40:44 +0000] "GET /?amount= HTTP/1.1" 200 2219 "http://localhost:30200/" "Mozilla/5.0 (Macintosh; Intel Mac OS X 10_10_5) AppleWebKit/537.36 (KHTML, like Gecko) Chrome/52.0.2743.116 Safari/537.36"
::1 - - [16/Sep/2016:19:40:46 +0000] "GET /assets/fonts/css/font-awesome.min.css HTTP/1.1" 200 23739 "http://localhost:30200/?amount=" "Mozilla/5.0 (Macintosh; Intel Mac OS X 10_10_5) AppleWebKit/537.36 (KHTML, like Gecko) Chrome/52.0.2743.116 Safari/537.36"
::1 - - [16/Sep/2016:19:40:46 +0000] "GET /assets/css/lib/ngNotificationsBar.css HTTP/1.1" 200 2624 "http://localhost:30200/?amount=" "Mozilla/5.0 (Macintosh; Intel Mac OS X 10_10_5) AppleWebKit/537.36 (KHTML, like Gecko) Chrome/52.0.2743.116 Safari/537.36"
::1 - - [16/Sep/2016:19:40:46 +0000] "GET /lib/angular-route.min.js HTTP/1.1" 200 4766 "http://localhost:30200/?amount=" "Mozilla/5.0 (Macintosh; Intel Mac OS X 10_10_5) AppleWebKit/537.36 (KHTML, like Gecko) Chrome/52.0.2743.116 Safari/537.36"
::1 - - [16/Sep/2016:19:40:46 +0000] "GET /lib/ngStorage.min.js HTTP/1.1" 200 1630 "http://localhost:30200/?amount=" "Mozilla/5.0 (Macintosh; Intel Mac OS X 10_10_5) AppleWebKit/537.36 (KHTML, like Gecko) Chrome/52.0.2743.116 Safari/537.36"
::1 - - [16/Sep/2016:19:40:46 +0000] "GET /lib/angular.min.js HTTP/1.1" 200 160048 "http://localhost:30200/?amount=" "Mozilla/5.0 (Macintosh; Intel Mac OS X 10_10_5) AppleWebKit/537.36 (KHTML, like Gecko) Chrome/52.0.2743.116 Safari/537.36"
::1 - - [16/Sep/2016:19:40:46 +0000] "GET /assets/css/main.css HTTP/1.1" 200 159941 "http://localhost:30200/?amount=" "Mozilla/5.0 (Macintosh; Intel Mac OS X 10_10_5) AppleWebKit/537.36 (KHTML, like Gecko) Chrome/52.0.2743.116 Safari/537.36"
::1 - - [16/Sep/2016:19:40:46 +0000] "GET /lib/angular-local-storage.min.js HTTP/1.1" 200 6285 "http://localhost:30200/?amount=" "Mozilla/5.0 (Macintosh; Intel Mac OS X 10_10_5) AppleWebKit/537.36 (KHTML, like Gecko) Chrome/52.0.2743.116 Safari/537.36"
::1 - - [16/Sep/2016:19:40:46 +0000] "GET /lib/ngNotificationsBar.min.js HTTP/1.1" 200 4569 "http://localhost:30200/?amount=" "Mozilla/5.0 (Macintosh; Intel Mac OS X 10_10_5) AppleWebKit/537.36 (KHTML, like Gecko) Chrome/52.0.2743.116 Safari/537.36"
::1 - - [16/Sep/2016:19:40:46 +0000] "GET /lib/angular-sanitize.min.js HTTP/1.1" 200 5861 "http://localhost:30200/?amount=" "Mozilla/5.0 (Macintosh; Intel Mac OS X 10_10_5) AppleWebKit/537.36 (KHTML, like Gecko) Chrome/52.0.2743.116 Safari/537.36"
::1 - - [16/Sep/2016:19:40:46 +0000] "GET /lib/angular-translate-loader-static-files.min.js HTTP/1.1" 200 1393 "http://localhost:30200/?amount=" "Mozilla/5.0 (Macintosh; Intel Mac OS X 10_10_5) AppleWebKit/537.36 (KHTML, like Gecko) Chrome/52.0.2743.116 Safari/537.36"
::1 - - [16/Sep/2016:19:40:46 +0000] "GET /lib/angular-translate.min.js HTTP/1.1" 200 18820 "http://localhost:30200/?amount=" "Mozilla/5.0 (Macintosh; Intel Mac OS X 10_10_5) AppleWebKit/537.36 (KHTML, like Gecko) Chrome/52.0.2743.116 Safari/537.36"
::1 - - [16/Sep/2016:19:40:46 +0000] "GET /lib/moment.min.js HTTP/1.1" 200 35415 "http://localhost:30200/?amount=" "Mozilla/5.0 (Macintosh; Intel Mac OS X 10_10_5) AppleWebKit/537.36 (KHTML, like Gecko) Chrome/52.0.2743.116 Safari/537.36"
::1 - - [16/Sep/2016:19:40:46 +0000] "GET /lib/tmhDynamicLocale.min.js HTTP/1.1" 200 3029 "http://localhost:30200/?amount=" "Mozilla/5.0 (Macintosh; Intel Mac OS X 10_10_5) AppleWebKit/537.36 (KHTML, like Gecko) Chrome/52.0.2743.116 Safari/537.36"
::1 - - [16/Sep/2016:19:40:46 +0000] "GET /all.js HTTP/1.1" 200 211982 "http://localhost:30200/?amount=" "Mozilla/5.0 (Macintosh; Intel Mac OS X 10_10_5) AppleWebKit/537.36 (KHTML, like Gecko) Chrome/52.0.2743.116 Safari/537.36"
::1 - - [16/Sep/2016:19:40:46 +0000] "GET /lib/ui-bootstrap-tpls.js HTTP/1.1" 200 264666 "http://localhost:30200/?amount=" "Mozilla/5.0 (Macintosh; Intel Mac OS X 10_10_5) AppleWebKit/537.36 (KHTML, like Gecko) Chrome/52.0.2743.116 Safari/537.36"
::1 - - [16/Sep/2016:19:40:46 +0000] "GET /lib/angular-sanitize.min.js.map HTTP/1.1" 404 1036 "-" "Mozilla/5.0 (Macintosh; Intel Mac OS X 10_10_5) AppleWebKit/537.36 (KHTML, like Gecko) Chrome/52.0.2743.116 Safari/537.36"
::1 - - [16/Sep/2016:19:40:46 +0000] "GET /lib/angular-route.min.js.map HTTP/1.1" 404 1036 "-" "Mozilla/5.0 (Macintosh; Intel Mac OS X 10_10_5) AppleWebKit/537.36 (KHTML, like Gecko) Chrome/52.0.2743.116 Safari/537.36"
::1 - - [16/Sep/2016:19:40:46 +0000] "GET /lib/angular-local-storage.min.js.map HTTP/1.1" 404 1036 "-" "Mozilla/5.0 (Macintosh; Intel Mac OS X 10_10_5) AppleWebKit/537.36 (KHTML, like Gecko) Chrome/52.0.2743.116 Safari/537.36"
::1 - - [16/Sep/2016:19:40:46 +0000] "GET /lib/angular.min.js.map HTTP/1.1" 404 1036 "-" "Mozilla/5.0 (Macintosh; Intel Mac OS X 10_10_5) AppleWebKit/537.36 (KHTML, like Gecko) Chrome/52.0.2743.116 Safari/537.36"
::1 - - [16/Sep/2016:19:40:46 +0000] "GET /assets/translations/locale-en.json HTTP/1.1" 200 7341 "http://localhost:30200/?amount=" "Mozilla/5.0 (Macintosh; Intel Mac OS X 10_10_5) AppleWebKit/537.36 (KHTML, like Gecko) Chrome/52.0.2743.116 Safari/537.36"
::1 - - [16/Sep/2016:19:40:46 +0000] "GET /layout/topmenu.html HTTP/1.1" 200 1148 "http://localhost:30200/?amount=" "Mozilla/5.0 (Macintosh; Intel Mac OS X 10_10_5) AppleWebKit/537.36 (KHTML, like Gecko) Chrome/52.0.2743.116 Safari/537.36"
::1 - - [16/Sep/2016:19:40:46 +0000] "GET /layout/sidemenu.html HTTP/1.1" 200 1454 "http://localhost:30200/?amount=" "Mozilla/5.0 (Macintosh; Intel Mac OS X 10_10_5) AppleWebKit/537.36 (KHTML, like Gecko) Chrome/52.0.2743.116 Safari/537.36"
::1 - - [16/Sep/2016:19:40:46 +0000] "GET /layout/footer.html HTTP/1.1" 200 132 "http://localhost:30200/?amount=" "Mozilla/5.0 (Macintosh; Intel Mac OS X 10_10_5) AppleWebKit/537.36 (KHTML, like Gecko) Chrome/52.0.2743.116 Safari/537.36"
::1 - - [16/Sep/2016:19:40:46 +0000] "GET /billing/billing.html HTTP/1.1" 200 734 "http://localhost:30200/?amount=" "Mozilla/5.0 (Macintosh; Intel Mac OS X 10_10_5) AppleWebKit/537.36 (KHTML, like Gecko) Chrome/52.0.2743.116 Safari/537.36"
::1 - - [16/Sep/2016:19:40:46 +0000] "GET /assets/img/Ringotel_white2.svg HTTP/1.1" 304 - "http://localhost:30200/?amount=" "Mozilla/5.0 (Macintosh; Intel Mac OS X 10_10_5) AppleWebKit/537.36 (KHTML, like Gecko) Chrome/52.0.2743.116 Safari/537.36"
::1 - - [16/Sep/2016:19:40:46 +0000] "GET /assets/img/user.svg HTTP/1.1" 304 - "http://localhost:30200/?amount=" "Mozilla/5.0 (Macintosh; Intel Mac OS X 10_10_5) AppleWebKit/537.36 (KHTML, like Gecko) Chrome/52.0.2743.116 Safari/537.36"
::1 - - [16/Sep/2016:19:40:46 +0000] "GET /lib/tmhDynamicLocale.min.js.map HTTP/1.1" 404 1036 "-" "Mozilla/5.0 (Macintosh; Intel Mac OS X 10_10_5) AppleWebKit/537.36 (KHTML, like Gecko) Chrome/52.0.2743.116 Safari/537.36"
::1 - - [16/Sep/2016:19:40:46 +0000] "GET /api/loggedin HTTP/1.1" 403 44 "http://localhost:30200/?amount=" "Mozilla/5.0 (Macintosh; Intel Mac OS X 10_10_5) AppleWebKit/537.36 (KHTML, like Gecko) Chrome/52.0.2743.116 Safari/537.36"
::1 - - [16/Sep/2016:19:40:48 +0000] "GET /auth/login.html HTTP/1.1" 304 - "http://localhost:30200/?amount=" "Mozilla/5.0 (Macintosh; Intel Mac OS X 10_10_5) AppleWebKit/537.36 (KHTML, like Gecko) Chrome/52.0.2743.116 Safari/537.36"
::1 - - [16/Sep/2016:19:40:48 +0000] "GET /assets/img/Ringotel%206.svg HTTP/1.1" 304 - "http://localhost:30200/?amount=" "Mozilla/5.0 (Macintosh; Intel Mac OS X 10_10_5) AppleWebKit/537.36 (KHTML, like Gecko) Chrome/52.0.2743.116 Safari/537.36"
::1 - - [16/Sep/2016:19:40:51 +0000] "POST /api/login HTTP/1.1" 200 638 "http://localhost:30200/?amount=" "Mozilla/5.0 (Macintosh; Intel Mac OS X 10_10_5) AppleWebKit/537.36 (KHTML, like Gecko) Chrome/52.0.2743.116 Safari/537.36"
::1 - - [16/Sep/2016:19:40:51 +0000] "GET /dashboard/dashboard.html HTTP/1.1" 304 - "http://localhost:30200/?amount=" "Mozilla/5.0 (Macintosh; Intel Mac OS X 10_10_5) AppleWebKit/537.36 (KHTML, like Gecko) Chrome/52.0.2743.116 Safari/537.36"
::1 - - [16/Sep/2016:19:40:51 +0000] "GET /api/loggedin HTTP/1.1" 200 213 "http://localhost:30200/?amount=" "Mozilla/5.0 (Macintosh; Intel Mac OS X 10_10_5) AppleWebKit/537.36 (KHTML, like Gecko) Chrome/52.0.2743.116 Safari/537.36"
::1 - - [16/Sep/2016:19:40:51 +0000] "GET /assets/fonts/fonts/fontawesome-webfont.woff2?v=4.3.0 HTTP/1.1" 304 - "http://localhost:30200/?amount=" "Mozilla/5.0 (Macintosh; Intel Mac OS X 10_10_5) AppleWebKit/537.36 (KHTML, like Gecko) Chrome/52.0.2743.116 Safari/537.36"
::1 - - [16/Sep/2016:19:40:51 +0000] "POST /api/getCustomerBalance HTTP/1.1" 200 36 "http://localhost:30200/?amount=" "Mozilla/5.0 (Macintosh; Intel Mac OS X 10_10_5) AppleWebKit/537.36 (KHTML, like Gecko) Chrome/52.0.2743.116 Safari/537.36"
::1 - - [16/Sep/2016:19:40:51 +0000] "POST /api/getPlans HTTP/1.1" 200 1990 "http://localhost:30200/?amount=" "Mozilla/5.0 (Macintosh; Intel Mac OS X 10_10_5) AppleWebKit/537.36 (KHTML, like Gecko) Chrome/52.0.2743.116 Safari/537.36"
::1 - - [16/Sep/2016:19:40:52 +0000] "POST /api/getBranches HTTP/1.1" 200 14958 "http://localhost:30200/?amount=" "Mozilla/5.0 (Macintosh; Intel Mac OS X 10_10_5) AppleWebKit/537.36 (KHTML, like Gecko) Chrome/52.0.2743.116 Safari/537.36"
::1 - - [16/Sep/2016:19:40:52 +0000] "GET /dashboard/dash-instance.html HTTP/1.1" 304 - "http://localhost:30200/?amount=" "Mozilla/5.0 (Macintosh; Intel Mac OS X 10_10_5) AppleWebKit/537.36 (KHTML, like Gecko) Chrome/52.0.2743.116 Safari/537.36"
::1 - - [16/Sep/2016:19:41:00 +0000] "GET /api/loggedin HTTP/1.1" 200 213 "http://localhost:30200/?amount=" "Mozilla/5.0 (Macintosh; Intel Mac OS X 10_10_5) AppleWebKit/537.36 (KHTML, like Gecko) Chrome/52.0.2743.116 Safari/537.36"
::1 - - [16/Sep/2016:19:41:00 +0000] "POST /api/getCustomerBalance HTTP/1.1" 200 36 "http://localhost:30200/?amount=" "Mozilla/5.0 (Macintosh; Intel Mac OS X 10_10_5) AppleWebKit/537.36 (KHTML, like Gecko) Chrome/52.0.2743.116 Safari/537.36"
::1 - - [16/Sep/2016:19:41:00 +0000] "POST /api/transactions HTTP/1.1" 200 28 "http://localhost:30200/?amount=" "Mozilla/5.0 (Macintosh; Intel Mac OS X 10_10_5) AppleWebKit/537.36 (KHTML, like Gecko) Chrome/52.0.2743.116 Safari/537.36"
::1 - - [16/Sep/2016:19:41:00 +0000] "POST /api/charges HTTP/1.1" 200 5955 "http://localhost:30200/?amount=" "Mozilla/5.0 (Macintosh; Intel Mac OS X 10_10_5) AppleWebKit/537.36 (KHTML, like Gecko) Chrome/52.0.2743.116 Safari/537.36"
