::1 - - [04/Oct/2016:11:59:12 +0000] "GET / HTTP/1.1" 304 - "-" "Mozilla/5.0 (Macintosh; Intel Mac OS X 10_10_5) AppleWebKit/537.36 (KHTML, like Gecko) Chrome/53.0.2785.116 Safari/537.36"
::1 - - [04/Oct/2016:11:59:12 +0000] "GET /assets/css/lib/ngNotificationsBar.css HTTP/1.1" 304 - "http://localhost:30200/" "Mozilla/5.0 (Macintosh; Intel Mac OS X 10_10_5) AppleWebKit/537.36 (KHTML, like Gecko) Chrome/53.0.2785.116 Safari/537.36"
::1 - - [04/Oct/2016:11:59:12 +0000] "GET /assets/fonts/css/font-awesome.min.css HTTP/1.1" 304 - "http://localhost:30200/" "Mozilla/5.0 (Macintosh; Intel Mac OS X 10_10_5) AppleWebKit/537.36 (KHTML, like Gecko) Chrome/53.0.2785.116 Safari/537.36"
::1 - - [04/Oct/2016:11:59:12 +0000] "GET /assets/css/main.css HTTP/1.1" 304 - "http://localhost:30200/" "Mozilla/5.0 (Macintosh; Intel Mac OS X 10_10_5) AppleWebKit/537.36 (KHTML, like Gecko) Chrome/53.0.2785.116 Safari/537.36"
::1 - - [04/Oct/2016:11:59:12 +0000] "GET /lib/angular.min.js HTTP/1.1" 304 - "http://localhost:30200/" "Mozilla/5.0 (Macintosh; Intel Mac OS X 10_10_5) AppleWebKit/537.36 (KHTML, like Gecko) Chrome/53.0.2785.116 Safari/537.36"
::1 - - [04/Oct/2016:11:59:12 +0000] "GET /lib/angular-route.min.js HTTP/1.1" 304 - "http://localhost:30200/" "Mozilla/5.0 (Macintosh; Intel Mac OS X 10_10_5) AppleWebKit/537.36 (KHTML, like Gecko) Chrome/53.0.2785.116 Safari/537.36"
::1 - - [04/Oct/2016:11:59:12 +0000] "GET /lib/ngStorage.min.js HTTP/1.1" 304 - "http://localhost:30200/" "Mozilla/5.0 (Macintosh; Intel Mac OS X 10_10_5) AppleWebKit/537.36 (KHTML, like Gecko) Chrome/53.0.2785.116 Safari/537.36"
::1 - - [04/Oct/2016:11:59:12 +0000] "GET /lib/ngNotificationsBar.min.js HTTP/1.1" 304 - "http://localhost:30200/" "Mozilla/5.0 (Macintosh; Intel Mac OS X 10_10_5) AppleWebKit/537.36 (KHTML, like Gecko) Chrome/53.0.2785.116 Safari/537.36"
::1 - - [04/Oct/2016:11:59:12 +0000] "GET /lib/angular-translate.min.js HTTP/1.1" 304 - "http://localhost:30200/" "Mozilla/5.0 (Macintosh; Intel Mac OS X 10_10_5) AppleWebKit/537.36 (KHTML, like Gecko) Chrome/53.0.2785.116 Safari/537.36"
::1 - - [04/Oct/2016:11:59:12 +0000] "GET /lib/angular-local-storage.min.js HTTP/1.1" 304 - "http://localhost:30200/" "Mozilla/5.0 (Macintosh; Intel Mac OS X 10_10_5) AppleWebKit/537.36 (KHTML, like Gecko) Chrome/53.0.2785.116 Safari/537.36"
::1 - - [04/Oct/2016:11:59:12 +0000] "GET /lib/angular-sanitize.min.js HTTP/1.1" 304 - "http://localhost:30200/" "Mozilla/5.0 (Macintosh; Intel Mac OS X 10_10_5) AppleWebKit/537.36 (KHTML, like Gecko) Chrome/53.0.2785.116 Safari/537.36"
::1 - - [04/Oct/2016:11:59:12 +0000] "GET /lib/moment.min.js HTTP/1.1" 304 - "http://localhost:30200/" "Mozilla/5.0 (Macintosh; Intel Mac OS X 10_10_5) AppleWebKit/537.36 (KHTML, like Gecko) Chrome/53.0.2785.116 Safari/537.36"
::1 - - [04/Oct/2016:11:59:12 +0000] "GET /lib/angular-translate-loader-static-files.min.js HTTP/1.1" 304 - "http://localhost:30200/" "Mozilla/5.0 (Macintosh; Intel Mac OS X 10_10_5) AppleWebKit/537.36 (KHTML, like Gecko) Chrome/53.0.2785.116 Safari/537.36"
::1 - - [04/Oct/2016:11:59:12 +0000] "GET /lib/angular-messages.min.js HTTP/1.1" 304 - "http://localhost:30200/" "Mozilla/5.0 (Macintosh; Intel Mac OS X 10_10_5) AppleWebKit/537.36 (KHTML, like Gecko) Chrome/53.0.2785.116 Safari/537.36"
::1 - - [04/Oct/2016:11:59:12 +0000] "GET /lib/tmhDynamicLocale.min.js HTTP/1.1" 304 - "http://localhost:30200/" "Mozilla/5.0 (Macintosh; Intel Mac OS X 10_10_5) AppleWebKit/537.36 (KHTML, like Gecko) Chrome/53.0.2785.116 Safari/537.36"
::1 - - [04/Oct/2016:11:59:12 +0000] "GET /lib/ui-bootstrap-tpls.js HTTP/1.1" 304 - "http://localhost:30200/" "Mozilla/5.0 (Macintosh; Intel Mac OS X 10_10_5) AppleWebKit/537.36 (KHTML, like Gecko) Chrome/53.0.2785.116 Safari/537.36"
::1 - - [04/Oct/2016:11:59:12 +0000] "GET /all.js HTTP/1.1" 304 - "http://localhost:30200/" "Mozilla/5.0 (Macintosh; Intel Mac OS X 10_10_5) AppleWebKit/537.36 (KHTML, like Gecko) Chrome/53.0.2785.116 Safari/537.36"
::1 - - [04/Oct/2016:11:59:14 +0000] "GET /assets/translations/locale-en.json HTTP/1.1" 304 - "http://localhost:30200/" "Mozilla/5.0 (Macintosh; Intel Mac OS X 10_10_5) AppleWebKit/537.36 (KHTML, like Gecko) Chrome/53.0.2785.116 Safari/537.36"
::1 - - [04/Oct/2016:11:59:14 +0000] "GET /layout/topbar/topbar.html HTTP/1.1" 304 - "http://localhost:30200/" "Mozilla/5.0 (Macintosh; Intel Mac OS X 10_10_5) AppleWebKit/537.36 (KHTML, like Gecko) Chrome/53.0.2785.116 Safari/537.36"
::1 - - [04/Oct/2016:11:59:14 +0000] "GET /layout/sidemenu/sidemenu.html HTTP/1.1" 304 - "http://localhost:30200/" "Mozilla/5.0 (Macintosh; Intel Mac OS X 10_10_5) AppleWebKit/537.36 (KHTML, like Gecko) Chrome/53.0.2785.116 Safari/537.36"
::1 - - [04/Oct/2016:11:59:14 +0000] "GET /layout/langnav/langnav.html HTTP/1.1" 304 - "http://localhost:30200/" "Mozilla/5.0 (Macintosh; Intel Mac OS X 10_10_5) AppleWebKit/537.36 (KHTML, like Gecko) Chrome/53.0.2785.116 Safari/537.36"
::1 - - [04/Oct/2016:11:59:14 +0000] "GET /layout/footer/footer.html HTTP/1.1" 304 - "http://localhost:30200/" "Mozilla/5.0 (Macintosh; Intel Mac OS X 10_10_5) AppleWebKit/537.36 (KHTML, like Gecko) Chrome/53.0.2785.116 Safari/537.36"
::1 - - [04/Oct/2016:11:59:14 +0000] "GET /billing/billing.html HTTP/1.1" 304 - "http://localhost:30200/" "Mozilla/5.0 (Macintosh; Intel Mac OS X 10_10_5) AppleWebKit/537.36 (KHTML, like Gecko) Chrome/53.0.2785.116 Safari/537.36"
::1 - - [04/Oct/2016:11:59:14 +0000] "GET /assets/img/Ringotel_white2.svg HTTP/1.1" 304 - "http://localhost:30200/" "Mozilla/5.0 (Macintosh; Intel Mac OS X 10_10_5) AppleWebKit/537.36 (KHTML, like Gecko) Chrome/53.0.2785.116 Safari/537.36"
::1 - - [04/Oct/2016:11:59:14 +0000] "GET /assets/img/user.svg HTTP/1.1" 304 - "http://localhost:30200/" "Mozilla/5.0 (Macintosh; Intel Mac OS X 10_10_5) AppleWebKit/537.36 (KHTML, like Gecko) Chrome/53.0.2785.116 Safari/537.36"
::1 - - [04/Oct/2016:11:59:14 +0000] "GET /lib/i18n/angular-locale_en.js HTTP/1.1" 304 - "http://localhost:30200/" "Mozilla/5.0 (Macintosh; Intel Mac OS X 10_10_5) AppleWebKit/537.36 (KHTML, like Gecko) Chrome/53.0.2785.116 Safari/537.36"
::1 - - [04/Oct/2016:11:59:14 +0000] "GET /api/loggedin HTTP/1.1" 403 44 "http://localhost:30200/" "Mozilla/5.0 (Macintosh; Intel Mac OS X 10_10_5) AppleWebKit/537.36 (KHTML, like Gecko) Chrome/53.0.2785.116 Safari/537.36"
::1 - - [04/Oct/2016:11:59:14 +0000] "GET /auth/login.html HTTP/1.1" 304 - "http://localhost:30200/" "Mozilla/5.0 (Macintosh; Intel Mac OS X 10_10_5) AppleWebKit/537.36 (KHTML, like Gecko) Chrome/53.0.2785.116 Safari/537.36"
::1 - - [04/Oct/2016:11:59:14 +0000] "GET /assets/img/Ringotel%206.svg HTTP/1.1" 304 - "http://localhost:30200/" "Mozilla/5.0 (Macintosh; Intel Mac OS X 10_10_5) AppleWebKit/537.36 (KHTML, like Gecko) Chrome/53.0.2785.116 Safari/537.36"
::1 - - [04/Oct/2016:11:59:18 +0000] "POST /api/login HTTP/1.1" 200 638 "http://localhost:30200/" "Mozilla/5.0 (Macintosh; Intel Mac OS X 10_10_5) AppleWebKit/537.36 (KHTML, like Gecko) Chrome/53.0.2785.116 Safari/537.36"
::1 - - [04/Oct/2016:11:59:18 +0000] "GET /dashboard/dashboard.html HTTP/1.1" 304 - "http://localhost:30200/" "Mozilla/5.0 (Macintosh; Intel Mac OS X 10_10_5) AppleWebKit/537.36 (KHTML, like Gecko) Chrome/53.0.2785.116 Safari/537.36"
::1 - - [04/Oct/2016:11:59:19 +0000] "GET /api/loggedin HTTP/1.1" 200 213 "http://localhost:30200/" "Mozilla/5.0 (Macintosh; Intel Mac OS X 10_10_5) AppleWebKit/537.36 (KHTML, like Gecko) Chrome/53.0.2785.116 Safari/537.36"
::1 - - [04/Oct/2016:11:59:19 +0000] "GET /assets/fonts/fonts/fontawesome-webfont.woff2?v=4.3.0 HTTP/1.1" 304 - "http://localhost:30200/assets/fonts/css/font-awesome.min.css" "Mozilla/5.0 (Macintosh; Intel Mac OS X 10_10_5) AppleWebKit/537.36 (KHTML, like Gecko) Chrome/53.0.2785.116 Safari/537.36"
::1 - - [04/Oct/2016:11:59:19 +0000] "POST /api/getPlans HTTP/1.1" 200 2399 "http://localhost:30200/" "Mozilla/5.0 (Macintosh; Intel Mac OS X 10_10_5) AppleWebKit/537.36 (KHTML, like Gecko) Chrome/53.0.2785.116 Safari/537.36"
::1 - - [04/Oct/2016:11:59:19 +0000] "POST /api/getCustomerBalance HTTP/1.1" 200 36 "http://localhost:30200/" "Mozilla/5.0 (Macintosh; Intel Mac OS X 10_10_5) AppleWebKit/537.36 (KHTML, like Gecko) Chrome/53.0.2785.116 Safari/537.36"
::1 - - [04/Oct/2016:11:59:20 +0000] "POST /api/getBranches HTTP/1.1" 200 18886 "http://localhost:30200/" "Mozilla/5.0 (Macintosh; Intel Mac OS X 10_10_5) AppleWebKit/537.36 (KHTML, like Gecko) Chrome/53.0.2785.116 Safari/537.36"
::1 - - [04/Oct/2016:11:59:20 +0000] "GET /dashboard/dash-instance.html HTTP/1.1" 304 - "http://localhost:30200/" "Mozilla/5.0 (Macintosh; Intel Mac OS X 10_10_5) AppleWebKit/537.36 (KHTML, like Gecko) Chrome/53.0.2785.116 Safari/537.36"
::1 - - [04/Oct/2016:11:59:29 +0000] "GET /api/loggedin HTTP/1.1" 200 213 "http://localhost:30200/" "Mozilla/5.0 (Macintosh; Intel Mac OS X 10_10_5) AppleWebKit/537.36 (KHTML, like Gecko) Chrome/53.0.2785.116 Safari/537.36"
::1 - - [04/Oct/2016:11:59:29 +0000] "GET /components/date-picker/date-picker.html HTTP/1.1" 304 - "http://localhost:30200/" "Mozilla/5.0 (Macintosh; Intel Mac OS X 10_10_5) AppleWebKit/537.36 (KHTML, like Gecko) Chrome/53.0.2785.116 Safari/537.36"
::1 - - [04/Oct/2016:11:59:30 +0000] "POST /api/getCustomerBalance HTTP/1.1" 200 36 "http://localhost:30200/" "Mozilla/5.0 (Macintosh; Intel Mac OS X 10_10_5) AppleWebKit/537.36 (KHTML, like Gecko) Chrome/53.0.2785.116 Safari/537.36"
::1 - - [04/Oct/2016:11:59:30 +0000] "POST /api/transactions HTTP/1.1" 200 28 "http://localhost:30200/" "Mozilla/5.0 (Macintosh; Intel Mac OS X 10_10_5) AppleWebKit/537.36 (KHTML, like Gecko) Chrome/53.0.2785.116 Safari/537.36"
::1 - - [04/Oct/2016:11:59:30 +0000] "POST /api/charges HTTP/1.1" 200 3522 "http://localhost:30200/" "Mozilla/5.0 (Macintosh; Intel Mac OS X 10_10_5) AppleWebKit/537.36 (KHTML, like Gecko) Chrome/53.0.2785.116 Safari/537.36"
::1 - - [04/Oct/2016:12:01:35 +0000] "GET /api/loggedin HTTP/1.1" 200 213 "http://localhost:30200/" "Mozilla/5.0 (Macintosh; Intel Mac OS X 10_10_5) AppleWebKit/537.36 (KHTML, like Gecko) Chrome/53.0.2785.116 Safari/537.36"
::1 - - [04/Oct/2016:12:01:36 +0000] "POST /api/getCustomerBalance HTTP/1.1" 200 36 "http://localhost:30200/" "Mozilla/5.0 (Macintosh; Intel Mac OS X 10_10_5) AppleWebKit/537.36 (KHTML, like Gecko) Chrome/53.0.2785.116 Safari/537.36"
::1 - - [04/Oct/2016:12:01:36 +0000] "POST /api/getPlans HTTP/1.1" 200 2399 "http://localhost:30200/" "Mozilla/5.0 (Macintosh; Intel Mac OS X 10_10_5) AppleWebKit/537.36 (KHTML, like Gecko) Chrome/53.0.2785.116 Safari/537.36"
::1 - - [04/Oct/2016:12:01:36 +0000] "POST /api/getBranches HTTP/1.1" 200 18886 "http://localhost:30200/" "Mozilla/5.0 (Macintosh; Intel Mac OS X 10_10_5) AppleWebKit/537.36 (KHTML, like Gecko) Chrome/53.0.2785.116 Safari/537.36"
::1 - - [04/Oct/2016:17:40:59 +0000] "GET /instance/instance.html HTTP/1.1" 200 8171 "http://localhost:30200/" "Mozilla/5.0 (Macintosh; Intel Mac OS X 10_10_5) AppleWebKit/537.36 (KHTML, like Gecko) Chrome/53.0.2785.116 Safari/537.36"
::1 - - [04/Oct/2016:17:40:59 +0000] "GET /api/loggedin HTTP/1.1" 403 44 "http://localhost:30200/" "Mozilla/5.0 (Macintosh; Intel Mac OS X 10_10_5) AppleWebKit/537.36 (KHTML, like Gecko) Chrome/53.0.2785.116 Safari/537.36"
::1 - - [04/Oct/2016:17:41:01 +0000] "POST /api/login HTTP/1.1" 200 638 "http://localhost:30200/" "Mozilla/5.0 (Macintosh; Intel Mac OS X 10_10_5) AppleWebKit/537.36 (KHTML, like Gecko) Chrome/53.0.2785.116 Safari/537.36"
::1 - - [04/Oct/2016:17:41:01 +0000] "GET /api/loggedin HTTP/1.1" 200 213 "http://localhost:30200/" "Mozilla/5.0 (Macintosh; Intel Mac OS X 10_10_5) AppleWebKit/537.36 (KHTML, like Gecko) Chrome/53.0.2785.116 Safari/537.36"
::1 - - [04/Oct/2016:17:41:01 +0000] "POST /api/getCustomerBalance HTTP/1.1" 200 36 "http://localhost:30200/" "Mozilla/5.0 (Macintosh; Intel Mac OS X 10_10_5) AppleWebKit/537.36 (KHTML, like Gecko) Chrome/53.0.2785.116 Safari/537.36"
::1 - - [04/Oct/2016:17:41:01 +0000] "POST /api/getPlans HTTP/1.1" 200 2399 "http://localhost:30200/" "Mozilla/5.0 (Macintosh; Intel Mac OS X 10_10_5) AppleWebKit/537.36 (KHTML, like Gecko) Chrome/53.0.2785.116 Safari/537.36"
::1 - - [04/Oct/2016:17:41:02 +0000] "POST /api/getBranches HTTP/1.1" 200 18886 "http://localhost:30200/" "Mozilla/5.0 (Macintosh; Intel Mac OS X 10_10_5) AppleWebKit/537.36 (KHTML, like Gecko) Chrome/53.0.2785.116 Safari/537.36"
::1 - - [04/Oct/2016:17:41:17 +0000] "GET /assets/css/lib/ngNotificationsBar.css HTTP/1.1" 304 - "http://localhost:30200/" "Mozilla/5.0 (Macintosh; Intel Mac OS X 10_10_5) AppleWebKit/537.36 (KHTML, like Gecko) Chrome/53.0.2785.116 Safari/537.36"
::1 - - [04/Oct/2016:17:41:17 +0000] "GET /assets/fonts/css/font-awesome.min.css HTTP/1.1" 304 - "http://localhost:30200/" "Mozilla/5.0 (Macintosh; Intel Mac OS X 10_10_5) AppleWebKit/537.36 (KHTML, like Gecko) Chrome/53.0.2785.116 Safari/537.36"
::1 - - [04/Oct/2016:17:41:17 +0000] "GET /assets/css/main.css HTTP/1.1" 304 - "http://localhost:30200/" "Mozilla/5.0 (Macintosh; Intel Mac OS X 10_10_5) AppleWebKit/537.36 (KHTML, like Gecko) Chrome/53.0.2785.116 Safari/537.36"
::1 - - [04/Oct/2016:17:41:17 +0000] "GET /lib/angular.min.js.map HTTP/1.1" 404 1036 "-" "Mozilla/5.0 (Macintosh; Intel Mac OS X 10_10_5) AppleWebKit/537.36 (KHTML, like Gecko) Chrome/53.0.2785.116 Safari/537.36"
::1 - - [04/Oct/2016:17:41:17 +0000] "GET /lib/angular-route.min.js.map HTTP/1.1" 404 1036 "-" "Mozilla/5.0 (Macintosh; Intel Mac OS X 10_10_5) AppleWebKit/537.36 (KHTML, like Gecko) Chrome/53.0.2785.116 Safari/537.36"
::1 - - [04/Oct/2016:17:41:17 +0000] "GET /lib/angular-local-storage.min.js.map HTTP/1.1" 404 1036 "-" "Mozilla/5.0 (Macintosh; Intel Mac OS X 10_10_5) AppleWebKit/537.36 (KHTML, like Gecko) Chrome/53.0.2785.116 Safari/537.36"
::1 - - [04/Oct/2016:17:41:17 +0000] "GET /lib/angular-sanitize.min.js.map HTTP/1.1" 404 1036 "-" "Mozilla/5.0 (Macintosh; Intel Mac OS X 10_10_5) AppleWebKit/537.36 (KHTML, like Gecko) Chrome/53.0.2785.116 Safari/537.36"
::1 - - [04/Oct/2016:17:41:17 +0000] "GET /lib/angular-messages.min.js.map HTTP/1.1" 404 1036 "-" "Mozilla/5.0 (Macintosh; Intel Mac OS X 10_10_5) AppleWebKit/537.36 (KHTML, like Gecko) Chrome/53.0.2785.116 Safari/537.36"
::1 - - [04/Oct/2016:17:41:17 +0000] "GET /lib/tmhDynamicLocale.min.js.map HTTP/1.1" 404 1036 "-" "Mozilla/5.0 (Macintosh; Intel Mac OS X 10_10_5) AppleWebKit/537.36 (KHTML, like Gecko) Chrome/53.0.2785.116 Safari/537.36"
::1 - - [04/Oct/2016:17:42:44 +0000] "GET / HTTP/1.1" 200 2297 "-" "Mozilla/5.0 (Macintosh; Intel Mac OS X 10_10_5) AppleWebKit/537.36 (KHTML, like Gecko) Chrome/53.0.2785.116 Safari/537.36"
::1 - - [04/Oct/2016:17:42:44 +0000] "GET /assets/fonts/css/font-awesome.min.css HTTP/1.1" 200 23739 "http://localhost:30200/" "Mozilla/5.0 (Macintosh; Intel Mac OS X 10_10_5) AppleWebKit/537.36 (KHTML, like Gecko) Chrome/53.0.2785.116 Safari/537.36"
::1 - - [04/Oct/2016:17:42:45 +0000] "GET /assets/css/lib/ngNotificationsBar.css HTTP/1.1" 200 2624 "http://localhost:30200/" "Mozilla/5.0 (Macintosh; Intel Mac OS X 10_10_5) AppleWebKit/537.36 (KHTML, like Gecko) Chrome/53.0.2785.116 Safari/537.36"
::1 - - [04/Oct/2016:17:42:45 +0000] "GET /lib/angular-route.min.js HTTP/1.1" 200 4766 "http://localhost:30200/" "Mozilla/5.0 (Macintosh; Intel Mac OS X 10_10_5) AppleWebKit/537.36 (KHTML, like Gecko) Chrome/53.0.2785.116 Safari/537.36"
::1 - - [04/Oct/2016:17:42:45 +0000] "GET /lib/ngStorage.min.js HTTP/1.1" 200 1630 "http://localhost:30200/" "Mozilla/5.0 (Macintosh; Intel Mac OS X 10_10_5) AppleWebKit/537.36 (KHTML, like Gecko) Chrome/53.0.2785.116 Safari/537.36"
::1 - - [04/Oct/2016:17:42:45 +0000] "GET /lib/angular-local-storage.min.js HTTP/1.1" 200 6285 "http://localhost:30200/" "Mozilla/5.0 (Macintosh; Intel Mac OS X 10_10_5) AppleWebKit/537.36 (KHTML, like Gecko) Chrome/53.0.2785.116 Safari/537.36"
::1 - - [04/Oct/2016:17:42:45 +0000] "GET /assets/css/main.css HTTP/1.1" 200 161455 "http://localhost:30200/" "Mozilla/5.0 (Macintosh; Intel Mac OS X 10_10_5) AppleWebKit/537.36 (KHTML, like Gecko) Chrome/53.0.2785.116 Safari/537.36"
::1 - - [04/Oct/2016:17:42:45 +0000] "GET /lib/angular.min.js HTTP/1.1" 200 160048 "http://localhost:30200/" "Mozilla/5.0 (Macintosh; Intel Mac OS X 10_10_5) AppleWebKit/537.36 (KHTML, like Gecko) Chrome/53.0.2785.116 Safari/537.36"
::1 - - [04/Oct/2016:17:42:45 +0000] "GET /lib/ngNotificationsBar.min.js HTTP/1.1" 200 4569 "http://localhost:30200/" "Mozilla/5.0 (Macintosh; Intel Mac OS X 10_10_5) AppleWebKit/537.36 (KHTML, like Gecko) Chrome/53.0.2785.116 Safari/537.36"
::1 - - [04/Oct/2016:17:42:45 +0000] "GET /lib/angular-sanitize.min.js HTTP/1.1" 200 5861 "http://localhost:30200/" "Mozilla/5.0 (Macintosh; Intel Mac OS X 10_10_5) AppleWebKit/537.36 (KHTML, like Gecko) Chrome/53.0.2785.116 Safari/537.36"
::1 - - [04/Oct/2016:17:42:45 +0000] "GET /lib/angular-messages.min.js HTTP/1.1" 200 3010 "http://localhost:30200/" "Mozilla/5.0 (Macintosh; Intel Mac OS X 10_10_5) AppleWebKit/537.36 (KHTML, like Gecko) Chrome/53.0.2785.116 Safari/537.36"
::1 - - [04/Oct/2016:17:42:45 +0000] "GET /lib/angular-translate.min.js HTTP/1.1" 200 18820 "http://localhost:30200/" "Mozilla/5.0 (Macintosh; Intel Mac OS X 10_10_5) AppleWebKit/537.36 (KHTML, like Gecko) Chrome/53.0.2785.116 Safari/537.36"
::1 - - [04/Oct/2016:17:42:45 +0000] "GET /lib/angular-translate-loader-static-files.min.js HTTP/1.1" 200 1393 "http://localhost:30200/" "Mozilla/5.0 (Macintosh; Intel Mac OS X 10_10_5) AppleWebKit/537.36 (KHTML, like Gecko) Chrome/53.0.2785.116 Safari/537.36"
::1 - - [04/Oct/2016:17:42:45 +0000] "GET /lib/moment.min.js HTTP/1.1" 200 35415 "http://localhost:30200/" "Mozilla/5.0 (Macintosh; Intel Mac OS X 10_10_5) AppleWebKit/537.36 (KHTML, like Gecko) Chrome/53.0.2785.116 Safari/537.36"
::1 - - [04/Oct/2016:17:42:45 +0000] "GET /lib/tmhDynamicLocale.min.js HTTP/1.1" 200 3029 "http://localhost:30200/" "Mozilla/5.0 (Macintosh; Intel Mac OS X 10_10_5) AppleWebKit/537.36 (KHTML, like Gecko) Chrome/53.0.2785.116 Safari/537.36"
::1 - - [04/Oct/2016:17:42:45 +0000] "GET /lib/ui-bootstrap-tpls.js HTTP/1.1" 200 264666 "http://localhost:30200/" "Mozilla/5.0 (Macintosh; Intel Mac OS X 10_10_5) AppleWebKit/537.36 (KHTML, like Gecko) Chrome/53.0.2785.116 Safari/537.36"
::1 - - [04/Oct/2016:17:42:45 +0000] "GET /all.js HTTP/1.1" 200 222067 "http://localhost:30200/" "Mozilla/5.0 (Macintosh; Intel Mac OS X 10_10_5) AppleWebKit/537.36 (KHTML, like Gecko) Chrome/53.0.2785.116 Safari/537.36"
::1 - - [04/Oct/2016:17:42:46 +0000] "GET /assets/translations/locale-en.json HTTP/1.1" 200 7554 "http://localhost:30200/" "Mozilla/5.0 (Macintosh; Intel Mac OS X 10_10_5) AppleWebKit/537.36 (KHTML, like Gecko) Chrome/53.0.2785.116 Safari/537.36"
::1 - - [04/Oct/2016:17:42:46 +0000] "GET /layout/topbar/topbar.html HTTP/1.1" 200 579 "http://localhost:30200/" "Mozilla/5.0 (Macintosh; Intel Mac OS X 10_10_5) AppleWebKit/537.36 (KHTML, like Gecko) Chrome/53.0.2785.116 Safari/537.36"
::1 - - [04/Oct/2016:17:42:46 +0000] "GET /layout/sidemenu/sidemenu.html HTTP/1.1" 200 1359 "http://localhost:30200/" "Mozilla/5.0 (Macintosh; Intel Mac OS X 10_10_5) AppleWebKit/537.36 (KHTML, like Gecko) Chrome/53.0.2785.116 Safari/537.36"
::1 - - [04/Oct/2016:17:42:46 +0000] "GET /layout/footer/footer.html HTTP/1.1" 200 132 "http://localhost:30200/" "Mozilla/5.0 (Macintosh; Intel Mac OS X 10_10_5) AppleWebKit/537.36 (KHTML, like Gecko) Chrome/53.0.2785.116 Safari/537.36"
::1 - - [04/Oct/2016:17:42:46 +0000] "GET /layout/langnav/langnav.html HTTP/1.1" 200 362 "http://localhost:30200/" "Mozilla/5.0 (Macintosh; Intel Mac OS X 10_10_5) AppleWebKit/537.36 (KHTML, like Gecko) Chrome/53.0.2785.116 Safari/537.36"
::1 - - [04/Oct/2016:17:42:46 +0000] "GET /auth/login.html HTTP/1.1" 200 1427 "http://localhost:30200/" "Mozilla/5.0 (Macintosh; Intel Mac OS X 10_10_5) AppleWebKit/537.36 (KHTML, like Gecko) Chrome/53.0.2785.116 Safari/537.36"
::1 - - [04/Oct/2016:17:42:46 +0000] "GET /lib/angular.min.js.map HTTP/1.1" 404 1036 "-" "Mozilla/5.0 (Macintosh; Intel Mac OS X 10_10_5) AppleWebKit/537.36 (KHTML, like Gecko) Chrome/53.0.2785.116 Safari/537.36"
::1 - - [04/Oct/2016:17:42:46 +0000] "GET /lib/angular-route.min.js.map HTTP/1.1" 404 1036 "-" "Mozilla/5.0 (Macintosh; Intel Mac OS X 10_10_5) AppleWebKit/537.36 (KHTML, like Gecko) Chrome/53.0.2785.116 Safari/537.36"
::1 - - [04/Oct/2016:17:42:47 +0000] "GET /lib/angular-local-storage.min.js.map HTTP/1.1" 404 1036 "-" "Mozilla/5.0 (Macintosh; Intel Mac OS X 10_10_5) AppleWebKit/537.36 (KHTML, like Gecko) Chrome/53.0.2785.116 Safari/537.36"
::1 - - [04/Oct/2016:17:42:47 +0000] "GET /lib/angular-sanitize.min.js.map HTTP/1.1" 404 1036 "-" "Mozilla/5.0 (Macintosh; Intel Mac OS X 10_10_5) AppleWebKit/537.36 (KHTML, like Gecko) Chrome/53.0.2785.116 Safari/537.36"
::1 - - [04/Oct/2016:17:42:47 +0000] "GET /lib/angular-messages.min.js.map HTTP/1.1" 404 1036 "-" "Mozilla/5.0 (Macintosh; Intel Mac OS X 10_10_5) AppleWebKit/537.36 (KHTML, like Gecko) Chrome/53.0.2785.116 Safari/537.36"
::1 - - [04/Oct/2016:17:42:47 +0000] "GET /lib/tmhDynamicLocale.min.js.map HTTP/1.1" 404 1036 "-" "Mozilla/5.0 (Macintosh; Intel Mac OS X 10_10_5) AppleWebKit/537.36 (KHTML, like Gecko) Chrome/53.0.2785.116 Safari/537.36"
::1 - - [04/Oct/2016:17:42:47 +0000] "GET /assets/img/Ringotel_white2.svg HTTP/1.1" 200 7639 "http://localhost:30200/" "Mozilla/5.0 (Macintosh; Intel Mac OS X 10_10_5) AppleWebKit/537.36 (KHTML, like Gecko) Chrome/53.0.2785.116 Safari/537.36"
::1 - - [04/Oct/2016:17:42:47 +0000] "GET /assets/img/user.svg HTTP/1.1" 200 1946 "http://localhost:30200/" "Mozilla/5.0 (Macintosh; Intel Mac OS X 10_10_5) AppleWebKit/537.36 (KHTML, like Gecko) Chrome/53.0.2785.116 Safari/537.36"
::1 - - [04/Oct/2016:17:42:47 +0000] "GET /lib/i18n/angular-locale_en.js HTTP/1.1" 200 2706 "http://localhost:30200/" "Mozilla/5.0 (Macintosh; Intel Mac OS X 10_10_5) AppleWebKit/537.36 (KHTML, like Gecko) Chrome/53.0.2785.116 Safari/537.36"
::1 - - [04/Oct/2016:17:42:47 +0000] "GET /assets/img/Ringotel%206.svg HTTP/1.1" 200 7776 "http://localhost:30200/" "Mozilla/5.0 (Macintosh; Intel Mac OS X 10_10_5) AppleWebKit/537.36 (KHTML, like Gecko) Chrome/53.0.2785.116 Safari/537.36"
::1 - - [04/Oct/2016:17:42:49 +0000] "POST /api/login HTTP/1.1" 200 638 "http://localhost:30200/" "Mozilla/5.0 (Macintosh; Intel Mac OS X 10_10_5) AppleWebKit/537.36 (KHTML, like Gecko) Chrome/53.0.2785.116 Safari/537.36"
::1 - - [04/Oct/2016:17:42:50 +0000] "GET /dashboard/dashboard.html HTTP/1.1" 200 5343 "http://localhost:30200/" "Mozilla/5.0 (Macintosh; Intel Mac OS X 10_10_5) AppleWebKit/537.36 (KHTML, like Gecko) Chrome/53.0.2785.116 Safari/537.36"
::1 - - [04/Oct/2016:17:42:50 +0000] "GET /api/loggedin HTTP/1.1" 200 213 "http://localhost:30200/" "Mozilla/5.0 (Macintosh; Intel Mac OS X 10_10_5) AppleWebKit/537.36 (KHTML, like Gecko) Chrome/53.0.2785.116 Safari/537.36"
::1 - - [04/Oct/2016:17:42:50 +0000] "GET /assets/fonts/fonts/fontawesome-webfont.woff2?v=4.3.0 HTTP/1.1" 200 56780 "http://localhost:30200/assets/fonts/css/font-awesome.min.css" "Mozilla/5.0 (Macintosh; Intel Mac OS X 10_10_5) AppleWebKit/537.36 (KHTML, like Gecko) Chrome/53.0.2785.116 Safari/537.36"
::1 - - [04/Oct/2016:17:42:50 +0000] "POST /api/getCustomerBalance HTTP/1.1" 200 36 "http://localhost:30200/" "Mozilla/5.0 (Macintosh; Intel Mac OS X 10_10_5) AppleWebKit/537.36 (KHTML, like Gecko) Chrome/53.0.2785.116 Safari/537.36"
::1 - - [04/Oct/2016:17:42:50 +0000] "POST /api/getPlans HTTP/1.1" 200 2399 "http://localhost:30200/" "Mozilla/5.0 (Macintosh; Intel Mac OS X 10_10_5) AppleWebKit/537.36 (KHTML, like Gecko) Chrome/53.0.2785.116 Safari/537.36"
::1 - - [04/Oct/2016:17:42:50 +0000] "POST /api/getBranches HTTP/1.1" 200 18886 "http://localhost:30200/" "Mozilla/5.0 (Macintosh; Intel Mac OS X 10_10_5) AppleWebKit/537.36 (KHTML, like Gecko) Chrome/53.0.2785.116 Safari/537.36"
::1 - - [04/Oct/2016:17:42:50 +0000] "GET /dashboard/dash-instance.html HTTP/1.1" 200 3248 "http://localhost:30200/" "Mozilla/5.0 (Macintosh; Intel Mac OS X 10_10_5) AppleWebKit/537.36 (KHTML, like Gecko) Chrome/53.0.2785.116 Safari/537.36"
::1 - - [04/Oct/2016:17:43:26 +0000] "GET /billing/billing.html HTTP/1.1" 200 2888 "http://localhost:30200/" "Mozilla/5.0 (Macintosh; Intel Mac OS X 10_10_5) AppleWebKit/537.36 (KHTML, like Gecko) Chrome/53.0.2785.116 Safari/537.36"
::1 - - [04/Oct/2016:17:43:26 +0000] "GET /api/loggedin HTTP/1.1" 200 213 "http://localhost:30200/" "Mozilla/5.0 (Macintosh; Intel Mac OS X 10_10_5) AppleWebKit/537.36 (KHTML, like Gecko) Chrome/53.0.2785.116 Safari/537.36"
::1 - - [04/Oct/2016:17:43:26 +0000] "GET /components/date-picker/date-picker.html HTTP/1.1" 200 380 "http://localhost:30200/" "Mozilla/5.0 (Macintosh; Intel Mac OS X 10_10_5) AppleWebKit/537.36 (KHTML, like Gecko) Chrome/53.0.2785.116 Safari/537.36"
::1 - - [04/Oct/2016:17:43:26 +0000] "POST /api/getCustomerBalance HTTP/1.1" 200 36 "http://localhost:30200/" "Mozilla/5.0 (Macintosh; Intel Mac OS X 10_10_5) AppleWebKit/537.36 (KHTML, like Gecko) Chrome/53.0.2785.116 Safari/537.36"
::1 - - [04/Oct/2016:17:43:26 +0000] "POST /api/transactions HTTP/1.1" 200 28 "http://localhost:30200/" "Mozilla/5.0 (Macintosh; Intel Mac OS X 10_10_5) AppleWebKit/537.36 (KHTML, like Gecko) Chrome/53.0.2785.116 Safari/537.36"
::1 - - [04/Oct/2016:17:43:26 +0000] "POST /api/charges HTTP/1.1" 200 3522 "http://localhost:30200/" "Mozilla/5.0 (Macintosh; Intel Mac OS X 10_10_5) AppleWebKit/537.36 (KHTML, like Gecko) Chrome/53.0.2785.116 Safari/537.36"
::1 - - [04/Oct/2016:17:44:33 +0000] "POST /api/transactions HTTP/1.1" 200 28 "http://localhost:30200/" "Mozilla/5.0 (Macintosh; Intel Mac OS X 10_10_5) AppleWebKit/537.36 (KHTML, like Gecko) Chrome/53.0.2785.116 Safari/537.36"
::1 - - [04/Oct/2016:17:44:34 +0000] "POST /api/charges HTTP/1.1" 200 3522 "http://localhost:30200/" "Mozilla/5.0 (Macintosh; Intel Mac OS X 10_10_5) AppleWebKit/537.36 (KHTML, like Gecko) Chrome/53.0.2785.116 Safari/537.36"
::1 - - [04/Oct/2016:17:47:51 +0000] "GET /instance/instance.html HTTP/1.1" 200 8171 "http://localhost:30200/" "Mozilla/5.0 (Macintosh; Intel Mac OS X 10_10_5) AppleWebKit/537.36 (KHTML, like Gecko) Chrome/53.0.2785.116 Safari/537.36"
::1 - - [04/Oct/2016:17:47:51 +0000] "GET /api/loggedin HTTP/1.1" 200 213 "http://localhost:30200/" "Mozilla/5.0 (Macintosh; Intel Mac OS X 10_10_5) AppleWebKit/537.36 (KHTML, like Gecko) Chrome/53.0.2785.116 Safari/537.36"
::1 - - [04/Oct/2016:17:47:52 +0000] "POST /api/getCustomerBalance HTTP/1.1" 200 36 "http://localhost:30200/" "Mozilla/5.0 (Macintosh; Intel Mac OS X 10_10_5) AppleWebKit/537.36 (KHTML, like Gecko) Chrome/53.0.2785.116 Safari/537.36"
::1 - - [04/Oct/2016:17:47:52 +0000] "GET /instance/instance-summary.html HTTP/1.1" 200 1060 "http://localhost:30200/" "Mozilla/5.0 (Macintosh; Intel Mac OS X 10_10_5) AppleWebKit/537.36 (KHTML, like Gecko) Chrome/53.0.2785.116 Safari/537.36"
::1 - - [04/Oct/2016:17:47:52 +0000] "POST /api/getPlans HTTP/1.1" 200 2399 "http://localhost:30200/" "Mozilla/5.0 (Macintosh; Intel Mac OS X 10_10_5) AppleWebKit/537.36 (KHTML, like Gecko) Chrome/53.0.2785.116 Safari/537.36"
::1 - - [04/Oct/2016:17:47:52 +0000] "POST /api/getServers HTTP/1.1" 200 98 "http://localhost:30200/" "Mozilla/5.0 (Macintosh; Intel Mac OS X 10_10_5) AppleWebKit/537.36 (KHTML, like Gecko) Chrome/53.0.2785.116 Safari/537.36"
::1 - - [04/Oct/2016:17:47:52 +0000] "GET /instance/plan.html HTTP/1.1" 200 1479 "http://localhost:30200/" "Mozilla/5.0 (Macintosh; Intel Mac OS X 10_10_5) AppleWebKit/537.36 (KHTML, like Gecko) Chrome/53.0.2785.116 Safari/537.36"
::1 - - [04/Oct/2016:17:47:52 +0000] "GET /instance/server-item.html HTTP/1.1" 200 508 "http://localhost:30200/" "Mozilla/5.0 (Macintosh; Intel Mac OS X 10_10_5) AppleWebKit/537.36 (KHTML, like Gecko) Chrome/53.0.2785.116 Safari/537.36"
::1 - - [04/Oct/2016:17:47:52 +0000] "GET /assets/flags/4x3/de.svg HTTP/1.1" 200 286 "http://localhost:30200/assets/css/main.css" "Mozilla/5.0 (Macintosh; Intel Mac OS X 10_10_5) AppleWebKit/537.36 (KHTML, like Gecko) Chrome/53.0.2785.116 Safari/537.36"
::1 - - [04/Oct/2016:17:50:49 +0000] "GET / HTTP/1.1" 200 2297 "-" "Mozilla/5.0 (Macintosh; Intel Mac OS X 10_10_5) AppleWebKit/537.36 (KHTML, like Gecko) Chrome/53.0.2785.116 Safari/537.36"
::1 - - [04/Oct/2016:17:50:50 +0000] "GET /assets/fonts/css/font-awesome.min.css HTTP/1.1" 200 23739 "http://localhost:30200/" "Mozilla/5.0 (Macintosh; Intel Mac OS X 10_10_5) AppleWebKit/537.36 (KHTML, like Gecko) Chrome/53.0.2785.116 Safari/537.36"
::1 - - [04/Oct/2016:17:50:51 +0000] "GET /assets/css/lib/ngNotificationsBar.css HTTP/1.1" 200 2624 "http://localhost:30200/" "Mozilla/5.0 (Macintosh; Intel Mac OS X 10_10_5) AppleWebKit/537.36 (KHTML, like Gecko) Chrome/53.0.2785.116 Safari/537.36"
::1 - - [04/Oct/2016:17:50:51 +0000] "GET /lib/angular-route.min.js HTTP/1.1" 200 4766 "http://localhost:30200/" "Mozilla/5.0 (Macintosh; Intel Mac OS X 10_10_5) AppleWebKit/537.36 (KHTML, like Gecko) Chrome/53.0.2785.116 Safari/537.36"
::1 - - [04/Oct/2016:17:50:51 +0000] "GET /lib/ngStorage.min.js HTTP/1.1" 200 1630 "http://localhost:30200/" "Mozilla/5.0 (Macintosh; Intel Mac OS X 10_10_5) AppleWebKit/537.36 (KHTML, like Gecko) Chrome/53.0.2785.116 Safari/537.36"
::1 - - [04/Oct/2016:17:50:51 +0000] "GET /assets/css/main.css HTTP/1.1" 200 161455 "http://localhost:30200/" "Mozilla/5.0 (Macintosh; Intel Mac OS X 10_10_5) AppleWebKit/537.36 (KHTML, like Gecko) Chrome/53.0.2785.116 Safari/537.36"
::1 - - [04/Oct/2016:17:50:51 +0000] "GET /lib/angular-local-storage.min.js HTTP/1.1" 200 6285 "http://localhost:30200/" "Mozilla/5.0 (Macintosh; Intel Mac OS X 10_10_5) AppleWebKit/537.36 (KHTML, like Gecko) Chrome/53.0.2785.116 Safari/537.36"
::1 - - [04/Oct/2016:17:50:51 +0000] "GET /lib/angular.min.js HTTP/1.1" 200 160048 "http://localhost:30200/" "Mozilla/5.0 (Macintosh; Intel Mac OS X 10_10_5) AppleWebKit/537.36 (KHTML, like Gecko) Chrome/53.0.2785.116 Safari/537.36"
::1 - - [04/Oct/2016:17:50:51 +0000] "GET /lib/ngNotificationsBar.min.js HTTP/1.1" 200 4569 "http://localhost:30200/" "Mozilla/5.0 (Macintosh; Intel Mac OS X 10_10_5) AppleWebKit/537.36 (KHTML, like Gecko) Chrome/53.0.2785.116 Safari/537.36"
::1 - - [04/Oct/2016:17:50:51 +0000] "GET /lib/angular-sanitize.min.js HTTP/1.1" 200 5861 "http://localhost:30200/" "Mozilla/5.0 (Macintosh; Intel Mac OS X 10_10_5) AppleWebKit/537.36 (KHTML, like Gecko) Chrome/53.0.2785.116 Safari/537.36"
::1 - - [04/Oct/2016:17:50:51 +0000] "GET /lib/angular-messages.min.js HTTP/1.1" 200 3010 "http://localhost:30200/" "Mozilla/5.0 (Macintosh; Intel Mac OS X 10_10_5) AppleWebKit/537.36 (KHTML, like Gecko) Chrome/53.0.2785.116 Safari/537.36"
::1 - - [04/Oct/2016:17:50:51 +0000] "GET /lib/angular-translate.min.js HTTP/1.1" 200 18820 "http://localhost:30200/" "Mozilla/5.0 (Macintosh; Intel Mac OS X 10_10_5) AppleWebKit/537.36 (KHTML, like Gecko) Chrome/53.0.2785.116 Safari/537.36"
::1 - - [04/Oct/2016:17:50:51 +0000] "GET /lib/angular-translate-loader-static-files.min.js HTTP/1.1" 200 1393 "http://localhost:30200/" "Mozilla/5.0 (Macintosh; Intel Mac OS X 10_10_5) AppleWebKit/537.36 (KHTML, like Gecko) Chrome/53.0.2785.116 Safari/537.36"
::1 - - [04/Oct/2016:17:50:51 +0000] "GET /lib/tmhDynamicLocale.min.js HTTP/1.1" 200 3029 "http://localhost:30200/" "Mozilla/5.0 (Macintosh; Intel Mac OS X 10_10_5) AppleWebKit/537.36 (KHTML, like Gecko) Chrome/53.0.2785.116 Safari/537.36"
::1 - - [04/Oct/2016:17:50:51 +0000] "GET /lib/moment.min.js HTTP/1.1" 200 35415 "http://localhost:30200/" "Mozilla/5.0 (Macintosh; Intel Mac OS X 10_10_5) AppleWebKit/537.36 (KHTML, like Gecko) Chrome/53.0.2785.116 Safari/537.36"
::1 - - [04/Oct/2016:17:50:51 +0000] "GET /lib/ui-bootstrap-tpls.js HTTP/1.1" 200 264666 "http://localhost:30200/" "Mozilla/5.0 (Macintosh; Intel Mac OS X 10_10_5) AppleWebKit/537.36 (KHTML, like Gecko) Chrome/53.0.2785.116 Safari/537.36"
::1 - - [04/Oct/2016:17:50:51 +0000] "GET /all.js HTTP/1.1" 200 222067 "http://localhost:30200/" "Mozilla/5.0 (Macintosh; Intel Mac OS X 10_10_5) AppleWebKit/537.36 (KHTML, like Gecko) Chrome/53.0.2785.116 Safari/537.36"
::1 - - [04/Oct/2016:17:50:52 +0000] "GET /assets/translations/locale-en.json HTTP/1.1" 200 7554 "http://localhost:30200/" "Mozilla/5.0 (Macintosh; Intel Mac OS X 10_10_5) AppleWebKit/537.36 (KHTML, like Gecko) Chrome/53.0.2785.116 Safari/537.36"
::1 - - [04/Oct/2016:17:50:52 +0000] "GET /layout/sidemenu/sidemenu.html HTTP/1.1" 200 1359 "http://localhost:30200/" "Mozilla/5.0 (Macintosh; Intel Mac OS X 10_10_5) AppleWebKit/537.36 (KHTML, like Gecko) Chrome/53.0.2785.116 Safari/537.36"
::1 - - [04/Oct/2016:17:50:52 +0000] "GET /layout/topbar/topbar.html HTTP/1.1" 200 579 "http://localhost:30200/" "Mozilla/5.0 (Macintosh; Intel Mac OS X 10_10_5) AppleWebKit/537.36 (KHTML, like Gecko) Chrome/53.0.2785.116 Safari/537.36"
::1 - - [04/Oct/2016:17:50:52 +0000] "GET /layout/langnav/langnav.html HTTP/1.1" 200 362 "http://localhost:30200/" "Mozilla/5.0 (Macintosh; Intel Mac OS X 10_10_5) AppleWebKit/537.36 (KHTML, like Gecko) Chrome/53.0.2785.116 Safari/537.36"
::1 - - [04/Oct/2016:17:50:52 +0000] "GET /layout/footer/footer.html HTTP/1.1" 200 132 "http://localhost:30200/" "Mozilla/5.0 (Macintosh; Intel Mac OS X 10_10_5) AppleWebKit/537.36 (KHTML, like Gecko) Chrome/53.0.2785.116 Safari/537.36"
::1 - - [04/Oct/2016:17:50:52 +0000] "GET /instance/instance.html HTTP/1.1" 200 8171 "http://localhost:30200/" "Mozilla/5.0 (Macintosh; Intel Mac OS X 10_10_5) AppleWebKit/537.36 (KHTML, like Gecko) Chrome/53.0.2785.116 Safari/537.36"
::1 - - [04/Oct/2016:17:50:52 +0000] "GET /api/loggedin HTTP/1.1" 200 213 "http://localhost:30200/" "Mozilla/5.0 (Macintosh; Intel Mac OS X 10_10_5) AppleWebKit/537.36 (KHTML, like Gecko) Chrome/53.0.2785.116 Safari/537.36"
::1 - - [04/Oct/2016:17:50:52 +0000] "GET /lib/angular.min.js.map HTTP/1.1" 404 1036 "-" "Mozilla/5.0 (Macintosh; Intel Mac OS X 10_10_5) AppleWebKit/537.36 (KHTML, like Gecko) Chrome/53.0.2785.116 Safari/537.36"
::1 - - [04/Oct/2016:17:50:52 +0000] "GET /lib/angular-route.min.js.map HTTP/1.1" 404 1036 "-" "Mozilla/5.0 (Macintosh; Intel Mac OS X 10_10_5) AppleWebKit/537.36 (KHTML, like Gecko) Chrome/53.0.2785.116 Safari/537.36"
::1 - - [04/Oct/2016:17:50:52 +0000] "GET /lib/angular-local-storage.min.js.map HTTP/1.1" 404 1036 "-" "Mozilla/5.0 (Macintosh; Intel Mac OS X 10_10_5) AppleWebKit/537.36 (KHTML, like Gecko) Chrome/53.0.2785.116 Safari/537.36"
::1 - - [04/Oct/2016:17:50:52 +0000] "GET /lib/angular-sanitize.min.js.map HTTP/1.1" 404 1036 "-" "Mozilla/5.0 (Macintosh; Intel Mac OS X 10_10_5) AppleWebKit/537.36 (KHTML, like Gecko) Chrome/53.0.2785.116 Safari/537.36"
::1 - - [04/Oct/2016:17:50:52 +0000] "GET /lib/angular-messages.min.js.map HTTP/1.1" 404 1036 "-" "Mozilla/5.0 (Macintosh; Intel Mac OS X 10_10_5) AppleWebKit/537.36 (KHTML, like Gecko) Chrome/53.0.2785.116 Safari/537.36"
::1 - - [04/Oct/2016:17:50:52 +0000] "GET /lib/tmhDynamicLocale.min.js.map HTTP/1.1" 404 1036 "-" "Mozilla/5.0 (Macintosh; Intel Mac OS X 10_10_5) AppleWebKit/537.36 (KHTML, like Gecko) Chrome/53.0.2785.116 Safari/537.36"
::1 - - [04/Oct/2016:17:50:52 +0000] "GET /assets/img/user.svg HTTP/1.1" 200 1946 "http://localhost:30200/" "Mozilla/5.0 (Macintosh; Intel Mac OS X 10_10_5) AppleWebKit/537.36 (KHTML, like Gecko) Chrome/53.0.2785.116 Safari/537.36"
::1 - - [04/Oct/2016:17:50:52 +0000] "GET /assets/img/Ringotel_white2.svg HTTP/1.1" 200 7639 "http://localhost:30200/" "Mozilla/5.0 (Macintosh; Intel Mac OS X 10_10_5) AppleWebKit/537.36 (KHTML, like Gecko) Chrome/53.0.2785.116 Safari/537.36"
::1 - - [04/Oct/2016:17:50:52 +0000] "GET /lib/i18n/angular-locale_en.js HTTP/1.1" 200 2706 "http://localhost:30200/" "Mozilla/5.0 (Macintosh; Intel Mac OS X 10_10_5) AppleWebKit/537.36 (KHTML, like Gecko) Chrome/53.0.2785.116 Safari/537.36"
::1 - - [04/Oct/2016:17:50:52 +0000] "GET /instance/instance-summary.html HTTP/1.1" 200 1060 "http://localhost:30200/" "Mozilla/5.0 (Macintosh; Intel Mac OS X 10_10_5) AppleWebKit/537.36 (KHTML, like Gecko) Chrome/53.0.2785.116 Safari/537.36"
::1 - - [04/Oct/2016:17:50:53 +0000] "POST /api/getCustomerBalance HTTP/1.1" 200 36 "http://localhost:30200/" "Mozilla/5.0 (Macintosh; Intel Mac OS X 10_10_5) AppleWebKit/537.36 (KHTML, like Gecko) Chrome/53.0.2785.116 Safari/537.36"
::1 - - [04/Oct/2016:17:50:53 +0000] "GET /assets/fonts/fonts/fontawesome-webfont.woff2?v=4.3.0 HTTP/1.1" 200 56780 "http://localhost:30200/assets/fonts/css/font-awesome.min.css" "Mozilla/5.0 (Macintosh; Intel Mac OS X 10_10_5) AppleWebKit/537.36 (KHTML, like Gecko) Chrome/53.0.2785.116 Safari/537.36"
::1 - - [04/Oct/2016:17:50:53 +0000] "POST /api/getPlans HTTP/1.1" 200 2399 "http://localhost:30200/" "Mozilla/5.0 (Macintosh; Intel Mac OS X 10_10_5) AppleWebKit/537.36 (KHTML, like Gecko) Chrome/53.0.2785.116 Safari/537.36"
::1 - - [04/Oct/2016:17:50:53 +0000] "POST /api/getServers HTTP/1.1" 200 98 "http://localhost:30200/" "Mozilla/5.0 (Macintosh; Intel Mac OS X 10_10_5) AppleWebKit/537.36 (KHTML, like Gecko) Chrome/53.0.2785.116 Safari/537.36"
::1 - - [04/Oct/2016:17:50:53 +0000] "GET /instance/plan.html HTTP/1.1" 200 1479 "http://localhost:30200/" "Mozilla/5.0 (Macintosh; Intel Mac OS X 10_10_5) AppleWebKit/537.36 (KHTML, like Gecko) Chrome/53.0.2785.116 Safari/537.36"
::1 - - [04/Oct/2016:17:50:53 +0000] "GET /instance/server-item.html HTTP/1.1" 200 508 "http://localhost:30200/" "Mozilla/5.0 (Macintosh; Intel Mac OS X 10_10_5) AppleWebKit/537.36 (KHTML, like Gecko) Chrome/53.0.2785.116 Safari/537.36"
::1 - - [04/Oct/2016:17:50:53 +0000] "GET /assets/flags/4x3/de.svg HTTP/1.1" 200 286 "http://localhost:30200/assets/css/main.css" "Mozilla/5.0 (Macintosh; Intel Mac OS X 10_10_5) AppleWebKit/537.36 (KHTML, like Gecko) Chrome/53.0.2785.116 Safari/537.36"
::1 - - [04/Oct/2016:18:04:03 +0000] "GET / HTTP/1.1" 200 2297 "-" "Mozilla/5.0 (Macintosh; Intel Mac OS X 10_10_5) AppleWebKit/537.36 (KHTML, like Gecko) Chrome/53.0.2785.116 Safari/537.36"
::1 - - [04/Oct/2016:18:04:03 +0000] "GET /assets/fonts/css/font-awesome.min.css HTTP/1.1" 200 23739 "http://localhost:30200/" "Mozilla/5.0 (Macintosh; Intel Mac OS X 10_10_5) AppleWebKit/537.36 (KHTML, like Gecko) Chrome/53.0.2785.116 Safari/537.36"
::1 - - [04/Oct/2016:18:04:03 +0000] "GET /assets/css/lib/ngNotificationsBar.css HTTP/1.1" 200 2624 "http://localhost:30200/" "Mozilla/5.0 (Macintosh; Intel Mac OS X 10_10_5) AppleWebKit/537.36 (KHTML, like Gecko) Chrome/53.0.2785.116 Safari/537.36"
::1 - - [04/Oct/2016:18:04:03 +0000] "GET /assets/css/main.css HTTP/1.1" 200 161455 "http://localhost:30200/" "Mozilla/5.0 (Macintosh; Intel Mac OS X 10_10_5) AppleWebKit/537.36 (KHTML, like Gecko) Chrome/53.0.2785.116 Safari/537.36"
::1 - - [04/Oct/2016:18:04:03 +0000] "GET /lib/angular-route.min.js HTTP/1.1" 200 4766 "http://localhost:30200/" "Mozilla/5.0 (Macintosh; Intel Mac OS X 10_10_5) AppleWebKit/537.36 (KHTML, like Gecko) Chrome/53.0.2785.116 Safari/537.36"
::1 - - [04/Oct/2016:18:04:03 +0000] "GET /lib/ngStorage.min.js HTTP/1.1" 200 1630 "http://localhost:30200/" "Mozilla/5.0 (Macintosh; Intel Mac OS X 10_10_5) AppleWebKit/537.36 (KHTML, like Gecko) Chrome/53.0.2785.116 Safari/537.36"
::1 - - [04/Oct/2016:18:04:03 +0000] "GET /lib/angular.min.js HTTP/1.1" 200 160048 "http://localhost:30200/" "Mozilla/5.0 (Macintosh; Intel Mac OS X 10_10_5) AppleWebKit/537.36 (KHTML, like Gecko) Chrome/53.0.2785.116 Safari/537.36"
::1 - - [04/Oct/2016:18:04:03 +0000] "GET /lib/angular-local-storage.min.js HTTP/1.1" 200 6285 "http://localhost:30200/" "Mozilla/5.0 (Macintosh; Intel Mac OS X 10_10_5) AppleWebKit/537.36 (KHTML, like Gecko) Chrome/53.0.2785.116 Safari/537.36"
::1 - - [04/Oct/2016:18:04:03 +0000] "GET /lib/ngNotificationsBar.min.js HTTP/1.1" 200 4569 "http://localhost:30200/" "Mozilla/5.0 (Macintosh; Intel Mac OS X 10_10_5) AppleWebKit/537.36 (KHTML, like Gecko) Chrome/53.0.2785.116 Safari/537.36"
::1 - - [04/Oct/2016:18:04:03 +0000] "GET /lib/angular-sanitize.min.js HTTP/1.1" 200 5861 "http://localhost:30200/" "Mozilla/5.0 (Macintosh; Intel Mac OS X 10_10_5) AppleWebKit/537.36 (KHTML, like Gecko) Chrome/53.0.2785.116 Safari/537.36"
::1 - - [04/Oct/2016:18:04:03 +0000] "GET /lib/angular-messages.min.js HTTP/1.1" 200 3010 "http://localhost:30200/" "Mozilla/5.0 (Macintosh; Intel Mac OS X 10_10_5) AppleWebKit/537.36 (KHTML, like Gecko) Chrome/53.0.2785.116 Safari/537.36"
::1 - - [04/Oct/2016:18:04:03 +0000] "GET /lib/angular-translate.min.js HTTP/1.1" 200 18820 "http://localhost:30200/" "Mozilla/5.0 (Macintosh; Intel Mac OS X 10_10_5) AppleWebKit/537.36 (KHTML, like Gecko) Chrome/53.0.2785.116 Safari/537.36"
::1 - - [04/Oct/2016:18:04:03 +0000] "GET /lib/angular-translate-loader-static-files.min.js HTTP/1.1" 200 1393 "http://localhost:30200/" "Mozilla/5.0 (Macintosh; Intel Mac OS X 10_10_5) AppleWebKit/537.36 (KHTML, like Gecko) Chrome/53.0.2785.116 Safari/537.36"
::1 - - [04/Oct/2016:18:04:03 +0000] "GET /lib/moment.min.js HTTP/1.1" 200 35415 "http://localhost:30200/" "Mozilla/5.0 (Macintosh; Intel Mac OS X 10_10_5) AppleWebKit/537.36 (KHTML, like Gecko) Chrome/53.0.2785.116 Safari/537.36"
::1 - - [04/Oct/2016:18:04:03 +0000] "GET /lib/tmhDynamicLocale.min.js HTTP/1.1" 200 3029 "http://localhost:30200/" "Mozilla/5.0 (Macintosh; Intel Mac OS X 10_10_5) AppleWebKit/537.36 (KHTML, like Gecko) Chrome/53.0.2785.116 Safari/537.36"
::1 - - [04/Oct/2016:18:04:03 +0000] "GET /lib/ui-bootstrap-tpls.js HTTP/1.1" 200 264666 "http://localhost:30200/" "Mozilla/5.0 (Macintosh; Intel Mac OS X 10_10_5) AppleWebKit/537.36 (KHTML, like Gecko) Chrome/53.0.2785.116 Safari/537.36"
::1 - - [04/Oct/2016:18:04:03 +0000] "GET /all.js HTTP/1.1" 200 222067 "http://localhost:30200/" "Mozilla/5.0 (Macintosh; Intel Mac OS X 10_10_5) AppleWebKit/537.36 (KHTML, like Gecko) Chrome/53.0.2785.116 Safari/537.36"
::1 - - [04/Oct/2016:18:04:04 +0000] "GET /layout/sidemenu/sidemenu.html HTTP/1.1" 200 1359 "http://localhost:30200/" "Mozilla/5.0 (Macintosh; Intel Mac OS X 10_10_5) AppleWebKit/537.36 (KHTML, like Gecko) Chrome/53.0.2785.116 Safari/537.36"
::1 - - [04/Oct/2016:18:04:04 +0000] "GET /layout/topbar/topbar.html HTTP/1.1" 200 579 "http://localhost:30200/" "Mozilla/5.0 (Macintosh; Intel Mac OS X 10_10_5) AppleWebKit/537.36 (KHTML, like Gecko) Chrome/53.0.2785.116 Safari/537.36"
::1 - - [04/Oct/2016:18:04:04 +0000] "GET /assets/translations/locale-en.json HTTP/1.1" 200 7554 "http://localhost:30200/" "Mozilla/5.0 (Macintosh; Intel Mac OS X 10_10_5) AppleWebKit/537.36 (KHTML, like Gecko) Chrome/53.0.2785.116 Safari/537.36"
::1 - - [04/Oct/2016:18:04:04 +0000] "GET /layout/langnav/langnav.html HTTP/1.1" 200 362 "http://localhost:30200/" "Mozilla/5.0 (Macintosh; Intel Mac OS X 10_10_5) AppleWebKit/537.36 (KHTML, like Gecko) Chrome/53.0.2785.116 Safari/537.36"
::1 - - [04/Oct/2016:18:04:04 +0000] "GET /layout/footer/footer.html HTTP/1.1" 200 132 "http://localhost:30200/" "Mozilla/5.0 (Macintosh; Intel Mac OS X 10_10_5) AppleWebKit/537.36 (KHTML, like Gecko) Chrome/53.0.2785.116 Safari/537.36"
::1 - - [04/Oct/2016:18:04:04 +0000] "GET /instance/instance.html HTTP/1.1" 200 8171 "http://localhost:30200/" "Mozilla/5.0 (Macintosh; Intel Mac OS X 10_10_5) AppleWebKit/537.36 (KHTML, like Gecko) Chrome/53.0.2785.116 Safari/537.36"
::1 - - [04/Oct/2016:18:04:05 +0000] "GET /api/loggedin HTTP/1.1" 200 213 "http://localhost:30200/" "Mozilla/5.0 (Macintosh; Intel Mac OS X 10_10_5) AppleWebKit/537.36 (KHTML, like Gecko) Chrome/53.0.2785.116 Safari/537.36"
::1 - - [04/Oct/2016:18:04:05 +0000] "GET /lib/angular-sanitize.min.js.map HTTP/1.1" 404 1036 "-" "Mozilla/5.0 (Macintosh; Intel Mac OS X 10_10_5) AppleWebKit/537.36 (KHTML, like Gecko) Chrome/53.0.2785.116 Safari/537.36"
::1 - - [04/Oct/2016:18:04:05 +0000] "GET /lib/angular-local-storage.min.js.map HTTP/1.1" 404 1036 "-" "Mozilla/5.0 (Macintosh; Intel Mac OS X 10_10_5) AppleWebKit/537.36 (KHTML, like Gecko) Chrome/53.0.2785.116 Safari/537.36"
::1 - - [04/Oct/2016:18:04:05 +0000] "GET /lib/angular-route.min.js.map HTTP/1.1" 404 1036 "-" "Mozilla/5.0 (Macintosh; Intel Mac OS X 10_10_5) AppleWebKit/537.36 (KHTML, like Gecko) Chrome/53.0.2785.116 Safari/537.36"
::1 - - [04/Oct/2016:18:04:05 +0000] "GET /lib/angular.min.js.map HTTP/1.1" 404 1036 "-" "Mozilla/5.0 (Macintosh; Intel Mac OS X 10_10_5) AppleWebKit/537.36 (KHTML, like Gecko) Chrome/53.0.2785.116 Safari/537.36"
::1 - - [04/Oct/2016:18:04:05 +0000] "GET /lib/angular-messages.min.js.map HTTP/1.1" 404 1036 "-" "Mozilla/5.0 (Macintosh; Intel Mac OS X 10_10_5) AppleWebKit/537.36 (KHTML, like Gecko) Chrome/53.0.2785.116 Safari/537.36"
::1 - - [04/Oct/2016:18:04:05 +0000] "GET /assets/img/user.svg HTTP/1.1" 200 1946 "http://localhost:30200/" "Mozilla/5.0 (Macintosh; Intel Mac OS X 10_10_5) AppleWebKit/537.36 (KHTML, like Gecko) Chrome/53.0.2785.116 Safari/537.36"
::1 - - [04/Oct/2016:18:04:05 +0000] "GET /assets/img/Ringotel_white2.svg HTTP/1.1" 200 7639 "http://localhost:30200/" "Mozilla/5.0 (Macintosh; Intel Mac OS X 10_10_5) AppleWebKit/537.36 (KHTML, like Gecko) Chrome/53.0.2785.116 Safari/537.36"
::1 - - [04/Oct/2016:18:04:05 +0000] "GET /lib/tmhDynamicLocale.min.js.map HTTP/1.1" 404 1036 "-" "Mozilla/5.0 (Macintosh; Intel Mac OS X 10_10_5) AppleWebKit/537.36 (KHTML, like Gecko) Chrome/53.0.2785.116 Safari/537.36"
::1 - - [04/Oct/2016:18:04:05 +0000] "GET /lib/i18n/angular-locale_en.js HTTP/1.1" 200 2706 "http://localhost:30200/" "Mozilla/5.0 (Macintosh; Intel Mac OS X 10_10_5) AppleWebKit/537.36 (KHTML, like Gecko) Chrome/53.0.2785.116 Safari/537.36"
::1 - - [04/Oct/2016:18:04:05 +0000] "GET /instance/instance-summary.html HTTP/1.1" 200 1060 "http://localhost:30200/" "Mozilla/5.0 (Macintosh; Intel Mac OS X 10_10_5) AppleWebKit/537.36 (KHTML, like Gecko) Chrome/53.0.2785.116 Safari/537.36"
::1 - - [04/Oct/2016:18:04:05 +0000] "GET /assets/fonts/fonts/fontawesome-webfont.woff2?v=4.3.0 HTTP/1.1" 200 56780 "http://localhost:30200/assets/fonts/css/font-awesome.min.css" "Mozilla/5.0 (Macintosh; Intel Mac OS X 10_10_5) AppleWebKit/537.36 (KHTML, like Gecko) Chrome/53.0.2785.116 Safari/537.36"
::1 - - [04/Oct/2016:18:04:06 +0000] "POST /api/getCustomerBalance HTTP/1.1" 200 36 "http://localhost:30200/" "Mozilla/5.0 (Macintosh; Intel Mac OS X 10_10_5) AppleWebKit/537.36 (KHTML, like Gecko) Chrome/53.0.2785.116 Safari/537.36"
::1 - - [04/Oct/2016:18:04:06 +0000] "POST /api/getServers HTTP/1.1" 200 98 "http://localhost:30200/" "Mozilla/5.0 (Macintosh; Intel Mac OS X 10_10_5) AppleWebKit/537.36 (KHTML, like Gecko) Chrome/53.0.2785.116 Safari/537.36"
::1 - - [04/Oct/2016:18:04:06 +0000] "POST /api/getPlans HTTP/1.1" 200 2399 "http://localhost:30200/" "Mozilla/5.0 (Macintosh; Intel Mac OS X 10_10_5) AppleWebKit/537.36 (KHTML, like Gecko) Chrome/53.0.2785.116 Safari/537.36"
::1 - - [04/Oct/2016:18:04:06 +0000] "GET /instance/server-item.html HTTP/1.1" 200 508 "http://localhost:30200/" "Mozilla/5.0 (Macintosh; Intel Mac OS X 10_10_5) AppleWebKit/537.36 (KHTML, like Gecko) Chrome/53.0.2785.116 Safari/537.36"
::1 - - [04/Oct/2016:18:04:06 +0000] "GET /instance/plan.html HTTP/1.1" 200 1477 "http://localhost:30200/" "Mozilla/5.0 (Macintosh; Intel Mac OS X 10_10_5) AppleWebKit/537.36 (KHTML, like Gecko) Chrome/53.0.2785.116 Safari/537.36"
::1 - - [04/Oct/2016:18:04:06 +0000] "GET /assets/flags/4x3/de.svg HTTP/1.1" 200 286 "http://localhost:30200/assets/css/main.css" "Mozilla/5.0 (Macintosh; Intel Mac OS X 10_10_5) AppleWebKit/537.36 (KHTML, like Gecko) Chrome/53.0.2785.116 Safari/537.36"
::1 - - [04/Oct/2016:18:04:33 +0000] "GET / HTTP/1.1" 200 2297 "-" "Mozilla/5.0 (Macintosh; Intel Mac OS X 10_10_5) AppleWebKit/537.36 (KHTML, like Gecko) Chrome/53.0.2785.116 Safari/537.36"
::1 - - [04/Oct/2016:18:04:34 +0000] "GET /assets/css/lib/ngNotificationsBar.css HTTP/1.1" 200 2624 "http://localhost:30200/" "Mozilla/5.0 (Macintosh; Intel Mac OS X 10_10_5) AppleWebKit/537.36 (KHTML, like Gecko) Chrome/53.0.2785.116 Safari/537.36"
::1 - - [04/Oct/2016:18:04:34 +0000] "GET /assets/fonts/css/font-awesome.min.css HTTP/1.1" 200 23739 "http://localhost:30200/" "Mozilla/5.0 (Macintosh; Intel Mac OS X 10_10_5) AppleWebKit/537.36 (KHTML, like Gecko) Chrome/53.0.2785.116 Safari/537.36"
::1 - - [04/Oct/2016:18:04:34 +0000] "GET /assets/css/main.css HTTP/1.1" 200 161455 "http://localhost:30200/" "Mozilla/5.0 (Macintosh; Intel Mac OS X 10_10_5) AppleWebKit/537.36 (KHTML, like Gecko) Chrome/53.0.2785.116 Safari/537.36"
::1 - - [04/Oct/2016:18:04:34 +0000] "GET /lib/angular-route.min.js HTTP/1.1" 200 4766 "http://localhost:30200/" "Mozilla/5.0 (Macintosh; Intel Mac OS X 10_10_5) AppleWebKit/537.36 (KHTML, like Gecko) Chrome/53.0.2785.116 Safari/537.36"
::1 - - [04/Oct/2016:18:04:34 +0000] "GET /lib/angular.min.js HTTP/1.1" 200 160048 "http://localhost:30200/" "Mozilla/5.0 (Macintosh; Intel Mac OS X 10_10_5) AppleWebKit/537.36 (KHTML, like Gecko) Chrome/53.0.2785.116 Safari/537.36"
::1 - - [04/Oct/2016:18:04:34 +0000] "GET /lib/ngStorage.min.js HTTP/1.1" 200 1630 "http://localhost:30200/" "Mozilla/5.0 (Macintosh; Intel Mac OS X 10_10_5) AppleWebKit/537.36 (KHTML, like Gecko) Chrome/53.0.2785.116 Safari/537.36"
::1 - - [04/Oct/2016:18:04:34 +0000] "GET /lib/angular-local-storage.min.js HTTP/1.1" 200 6285 "http://localhost:30200/" "Mozilla/5.0 (Macintosh; Intel Mac OS X 10_10_5) AppleWebKit/537.36 (KHTML, like Gecko) Chrome/53.0.2785.116 Safari/537.36"
::1 - - [04/Oct/2016:18:04:34 +0000] "GET /lib/ngNotificationsBar.min.js HTTP/1.1" 200 4569 "http://localhost:30200/" "Mozilla/5.0 (Macintosh; Intel Mac OS X 10_10_5) AppleWebKit/537.36 (KHTML, like Gecko) Chrome/53.0.2785.116 Safari/537.36"
::1 - - [04/Oct/2016:18:04:34 +0000] "GET /lib/angular-sanitize.min.js HTTP/1.1" 200 5861 "http://localhost:30200/" "Mozilla/5.0 (Macintosh; Intel Mac OS X 10_10_5) AppleWebKit/537.36 (KHTML, like Gecko) Chrome/53.0.2785.116 Safari/537.36"
::1 - - [04/Oct/2016:18:04:34 +0000] "GET /lib/angular-messages.min.js HTTP/1.1" 200 3010 "http://localhost:30200/" "Mozilla/5.0 (Macintosh; Intel Mac OS X 10_10_5) AppleWebKit/537.36 (KHTML, like Gecko) Chrome/53.0.2785.116 Safari/537.36"
::1 - - [04/Oct/2016:18:04:34 +0000] "GET /lib/angular-translate.min.js HTTP/1.1" 200 18820 "http://localhost:30200/" "Mozilla/5.0 (Macintosh; Intel Mac OS X 10_10_5) AppleWebKit/537.36 (KHTML, like Gecko) Chrome/53.0.2785.116 Safari/537.36"
::1 - - [04/Oct/2016:18:04:34 +0000] "GET /lib/angular-translate-loader-static-files.min.js HTTP/1.1" 200 1393 "http://localhost:30200/" "Mozilla/5.0 (Macintosh; Intel Mac OS X 10_10_5) AppleWebKit/537.36 (KHTML, like Gecko) Chrome/53.0.2785.116 Safari/537.36"
::1 - - [04/Oct/2016:18:04:34 +0000] "GET /lib/tmhDynamicLocale.min.js HTTP/1.1" 200 3029 "http://localhost:30200/" "Mozilla/5.0 (Macintosh; Intel Mac OS X 10_10_5) AppleWebKit/537.36 (KHTML, like Gecko) Chrome/53.0.2785.116 Safari/537.36"
::1 - - [04/Oct/2016:18:04:34 +0000] "GET /lib/moment.min.js HTTP/1.1" 200 35415 "http://localhost:30200/" "Mozilla/5.0 (Macintosh; Intel Mac OS X 10_10_5) AppleWebKit/537.36 (KHTML, like Gecko) Chrome/53.0.2785.116 Safari/537.36"
::1 - - [04/Oct/2016:18:04:34 +0000] "GET /lib/ui-bootstrap-tpls.js HTTP/1.1" 200 264666 "http://localhost:30200/" "Mozilla/5.0 (Macintosh; Intel Mac OS X 10_10_5) AppleWebKit/537.36 (KHTML, like Gecko) Chrome/53.0.2785.116 Safari/537.36"
::1 - - [04/Oct/2016:18:04:34 +0000] "GET /all.js HTTP/1.1" 200 222067 "http://localhost:30200/" "Mozilla/5.0 (Macintosh; Intel Mac OS X 10_10_5) AppleWebKit/537.36 (KHTML, like Gecko) Chrome/53.0.2785.116 Safari/537.36"
::1 - - [04/Oct/2016:18:04:35 +0000] "GET /layout/topbar/topbar.html HTTP/1.1" 200 579 "http://localhost:30200/" "Mozilla/5.0 (Macintosh; Intel Mac OS X 10_10_5) AppleWebKit/537.36 (KHTML, like Gecko) Chrome/53.0.2785.116 Safari/537.36"
::1 - - [04/Oct/2016:18:04:35 +0000] "GET /layout/langnav/langnav.html HTTP/1.1" 200 362 "http://localhost:30200/" "Mozilla/5.0 (Macintosh; Intel Mac OS X 10_10_5) AppleWebKit/537.36 (KHTML, like Gecko) Chrome/53.0.2785.116 Safari/537.36"
::1 - - [04/Oct/2016:18:04:35 +0000] "GET /layout/sidemenu/sidemenu.html HTTP/1.1" 200 1359 "http://localhost:30200/" "Mozilla/5.0 (Macintosh; Intel Mac OS X 10_10_5) AppleWebKit/537.36 (KHTML, like Gecko) Chrome/53.0.2785.116 Safari/537.36"
::1 - - [04/Oct/2016:18:04:35 +0000] "GET /assets/translations/locale-en.json HTTP/1.1" 200 7554 "http://localhost:30200/" "Mozilla/5.0 (Macintosh; Intel Mac OS X 10_10_5) AppleWebKit/537.36 (KHTML, like Gecko) Chrome/53.0.2785.116 Safari/537.36"
::1 - - [04/Oct/2016:18:04:35 +0000] "GET /layout/footer/footer.html HTTP/1.1" 200 132 "http://localhost:30200/" "Mozilla/5.0 (Macintosh; Intel Mac OS X 10_10_5) AppleWebKit/537.36 (KHTML, like Gecko) Chrome/53.0.2785.116 Safari/537.36"
::1 - - [04/Oct/2016:18:04:35 +0000] "GET /instance/instance.html HTTP/1.1" 200 8171 "http://localhost:30200/" "Mozilla/5.0 (Macintosh; Intel Mac OS X 10_10_5) AppleWebKit/537.36 (KHTML, like Gecko) Chrome/53.0.2785.116 Safari/537.36"
::1 - - [04/Oct/2016:18:04:35 +0000] "GET /api/loggedin HTTP/1.1" 200 213 "http://localhost:30200/" "Mozilla/5.0 (Macintosh; Intel Mac OS X 10_10_5) AppleWebKit/537.36 (KHTML, like Gecko) Chrome/53.0.2785.116 Safari/537.36"
::1 - - [04/Oct/2016:18:04:35 +0000] "GET /assets/img/Ringotel_white2.svg HTTP/1.1" 200 7639 "http://localhost:30200/" "Mozilla/5.0 (Macintosh; Intel Mac OS X 10_10_5) AppleWebKit/537.36 (KHTML, like Gecko) Chrome/53.0.2785.116 Safari/537.36"
::1 - - [04/Oct/2016:18:04:35 +0000] "GET /lib/angular.min.js.map HTTP/1.1" 404 1036 "-" "Mozilla/5.0 (Macintosh; Intel Mac OS X 10_10_5) AppleWebKit/537.36 (KHTML, like Gecko) Chrome/53.0.2785.116 Safari/537.36"
::1 - - [04/Oct/2016:18:04:35 +0000] "GET /lib/angular-local-storage.min.js.map HTTP/1.1" 404 1036 "-" "Mozilla/5.0 (Macintosh; Intel Mac OS X 10_10_5) AppleWebKit/537.36 (KHTML, like Gecko) Chrome/53.0.2785.116 Safari/537.36"
::1 - - [04/Oct/2016:18:04:36 +0000] "GET /lib/angular-route.min.js.map HTTP/1.1" 404 1036 "-" "Mozilla/5.0 (Macintosh; Intel Mac OS X 10_10_5) AppleWebKit/537.36 (KHTML, like Gecko) Chrome/53.0.2785.116 Safari/537.36"
::1 - - [04/Oct/2016:18:04:36 +0000] "GET /lib/angular-sanitize.min.js.map HTTP/1.1" 404 1036 "-" "Mozilla/5.0 (Macintosh; Intel Mac OS X 10_10_5) AppleWebKit/537.36 (KHTML, like Gecko) Chrome/53.0.2785.116 Safari/537.36"
::1 - - [04/Oct/2016:18:04:36 +0000] "GET /lib/i18n/angular-locale_en.js HTTP/1.1" 200 2706 "http://localhost:30200/" "Mozilla/5.0 (Macintosh; Intel Mac OS X 10_10_5) AppleWebKit/537.36 (KHTML, like Gecko) Chrome/53.0.2785.116 Safari/537.36"
::1 - - [04/Oct/2016:18:04:36 +0000] "GET /assets/img/user.svg HTTP/1.1" 200 1946 "http://localhost:30200/" "Mozilla/5.0 (Macintosh; Intel Mac OS X 10_10_5) AppleWebKit/537.36 (KHTML, like Gecko) Chrome/53.0.2785.116 Safari/537.36"
::1 - - [04/Oct/2016:18:04:36 +0000] "GET /lib/tmhDynamicLocale.min.js.map HTTP/1.1" 404 1036 "-" "Mozilla/5.0 (Macintosh; Intel Mac OS X 10_10_5) AppleWebKit/537.36 (KHTML, like Gecko) Chrome/53.0.2785.116 Safari/537.36"
::1 - - [04/Oct/2016:18:04:36 +0000] "GET /lib/angular-messages.min.js.map HTTP/1.1" 404 1036 "-" "Mozilla/5.0 (Macintosh; Intel Mac OS X 10_10_5) AppleWebKit/537.36 (KHTML, like Gecko) Chrome/53.0.2785.116 Safari/537.36"
::1 - - [04/Oct/2016:18:04:36 +0000] "GET /instance/instance-summary.html HTTP/1.1" 200 1060 "http://localhost:30200/" "Mozilla/5.0 (Macintosh; Intel Mac OS X 10_10_5) AppleWebKit/537.36 (KHTML, like Gecko) Chrome/53.0.2785.116 Safari/537.36"
::1 - - [04/Oct/2016:18:04:36 +0000] "GET /assets/fonts/fonts/fontawesome-webfont.woff2?v=4.3.0 HTTP/1.1" 200 56780 "http://localhost:30200/assets/fonts/css/font-awesome.min.css" "Mozilla/5.0 (Macintosh; Intel Mac OS X 10_10_5) AppleWebKit/537.36 (KHTML, like Gecko) Chrome/53.0.2785.116 Safari/537.36"
::1 - - [04/Oct/2016:18:04:37 +0000] "POST /api/getServers HTTP/1.1" 200 98 "http://localhost:30200/" "Mozilla/5.0 (Macintosh; Intel Mac OS X 10_10_5) AppleWebKit/537.36 (KHTML, like Gecko) Chrome/53.0.2785.116 Safari/537.36"
::1 - - [04/Oct/2016:18:04:37 +0000] "POST /api/getPlans HTTP/1.1" 200 2399 "http://localhost:30200/" "Mozilla/5.0 (Macintosh; Intel Mac OS X 10_10_5) AppleWebKit/537.36 (KHTML, like Gecko) Chrome/53.0.2785.116 Safari/537.36"
::1 - - [04/Oct/2016:18:04:37 +0000] "POST /api/getCustomerBalance HTTP/1.1" 200 36 "http://localhost:30200/" "Mozilla/5.0 (Macintosh; Intel Mac OS X 10_10_5) AppleWebKit/537.36 (KHTML, like Gecko) Chrome/53.0.2785.116 Safari/537.36"
::1 - - [04/Oct/2016:18:04:37 +0000] "GET /instance/server-item.html HTTP/1.1" 200 506 "http://localhost:30200/" "Mozilla/5.0 (Macintosh; Intel Mac OS X 10_10_5) AppleWebKit/537.36 (KHTML, like Gecko) Chrome/53.0.2785.116 Safari/537.36"
::1 - - [04/Oct/2016:18:04:37 +0000] "GET /instance/plan.html HTTP/1.1" 200 1477 "http://localhost:30200/" "Mozilla/5.0 (Macintosh; Intel Mac OS X 10_10_5) AppleWebKit/537.36 (KHTML, like Gecko) Chrome/53.0.2785.116 Safari/537.36"
::1 - - [04/Oct/2016:18:04:37 +0000] "GET /assets/flags/4x3/de.svg HTTP/1.1" 200 286 "http://localhost:30200/assets/css/main.css" "Mozilla/5.0 (Macintosh; Intel Mac OS X 10_10_5) AppleWebKit/537.36 (KHTML, like Gecko) Chrome/53.0.2785.116 Safari/537.36"
