::1 - - [30/Aug/2016:07:20:37 +0000] "GET / HTTP/1.1" 304 - "-" "Mozilla/5.0 (Macintosh; Intel Mac OS X 10_10_5) AppleWebKit/537.36 (KHTML, like Gecko) Chrome/52.0.2743.116 Safari/537.36"
::1 - - [30/Aug/2016:07:20:38 +0000] "GET /assets/fonts/css/font-awesome.min.css HTTP/1.1" 304 - "http://localhost:30200/" "Mozilla/5.0 (Macintosh; Intel Mac OS X 10_10_5) AppleWebKit/537.36 (KHTML, like Gecko) Chrome/52.0.2743.116 Safari/537.36"
::1 - - [30/Aug/2016:07:20:38 +0000] "GET /assets/css/lib/ngNotificationsBar.css HTTP/1.1" 304 - "http://localhost:30200/" "Mozilla/5.0 (Macintosh; Intel Mac OS X 10_10_5) AppleWebKit/537.36 (KHTML, like Gecko) Chrome/52.0.2743.116 Safari/537.36"
::1 - - [30/Aug/2016:07:20:38 +0000] "GET /assets/css/main.css HTTP/1.1" 304 - "http://localhost:30200/" "Mozilla/5.0 (Macintosh; Intel Mac OS X 10_10_5) AppleWebKit/537.36 (KHTML, like Gecko) Chrome/52.0.2743.116 Safari/537.36"
::1 - - [30/Aug/2016:07:20:38 +0000] "GET /lib/angular.min.js HTTP/1.1" 304 - "http://localhost:30200/" "Mozilla/5.0 (Macintosh; Intel Mac OS X 10_10_5) AppleWebKit/537.36 (KHTML, like Gecko) Chrome/52.0.2743.116 Safari/537.36"
::1 - - [30/Aug/2016:07:20:38 +0000] "GET /lib/angular-route.min.js HTTP/1.1" 304 - "http://localhost:30200/" "Mozilla/5.0 (Macintosh; Intel Mac OS X 10_10_5) AppleWebKit/537.36 (KHTML, like Gecko) Chrome/52.0.2743.116 Safari/537.36"
::1 - - [30/Aug/2016:07:20:38 +0000] "GET /lib/ngStorage.min.js HTTP/1.1" 304 - "http://localhost:30200/" "Mozilla/5.0 (Macintosh; Intel Mac OS X 10_10_5) AppleWebKit/537.36 (KHTML, like Gecko) Chrome/52.0.2743.116 Safari/537.36"
::1 - - [30/Aug/2016:07:20:38 +0000] "GET /lib/angular-local-storage.min.js HTTP/1.1" 304 - "http://localhost:30200/" "Mozilla/5.0 (Macintosh; Intel Mac OS X 10_10_5) AppleWebKit/537.36 (KHTML, like Gecko) Chrome/52.0.2743.116 Safari/537.36"
::1 - - [30/Aug/2016:07:20:38 +0000] "GET /lib/ngNotificationsBar.min.js HTTP/1.1" 304 - "http://localhost:30200/" "Mozilla/5.0 (Macintosh; Intel Mac OS X 10_10_5) AppleWebKit/537.36 (KHTML, like Gecko) Chrome/52.0.2743.116 Safari/537.36"
::1 - - [30/Aug/2016:07:20:38 +0000] "GET /lib/angular-sanitize.min.js HTTP/1.1" 304 - "http://localhost:30200/" "Mozilla/5.0 (Macintosh; Intel Mac OS X 10_10_5) AppleWebKit/537.36 (KHTML, like Gecko) Chrome/52.0.2743.116 Safari/537.36"
::1 - - [30/Aug/2016:07:20:38 +0000] "GET /lib/angular-translate.min.js HTTP/1.1" 304 - "http://localhost:30200/" "Mozilla/5.0 (Macintosh; Intel Mac OS X 10_10_5) AppleWebKit/537.36 (KHTML, like Gecko) Chrome/52.0.2743.116 Safari/537.36"
::1 - - [30/Aug/2016:07:20:38 +0000] "GET /lib/angular-translate-loader-static-files.min.js HTTP/1.1" 304 - "http://localhost:30200/" "Mozilla/5.0 (Macintosh; Intel Mac OS X 10_10_5) AppleWebKit/537.36 (KHTML, like Gecko) Chrome/52.0.2743.116 Safari/537.36"
::1 - - [30/Aug/2016:07:20:38 +0000] "GET /lib/tmhDynamicLocale.min.js HTTP/1.1" 304 - "http://localhost:30200/" "Mozilla/5.0 (Macintosh; Intel Mac OS X 10_10_5) AppleWebKit/537.36 (KHTML, like Gecko) Chrome/52.0.2743.116 Safari/537.36"
::1 - - [30/Aug/2016:07:20:38 +0000] "GET /lib/moment.min.js HTTP/1.1" 304 - "http://localhost:30200/" "Mozilla/5.0 (Macintosh; Intel Mac OS X 10_10_5) AppleWebKit/537.36 (KHTML, like Gecko) Chrome/52.0.2743.116 Safari/537.36"
::1 - - [30/Aug/2016:07:20:38 +0000] "GET /lib/ui-bootstrap-tpls.js HTTP/1.1" 304 - "http://localhost:30200/" "Mozilla/5.0 (Macintosh; Intel Mac OS X 10_10_5) AppleWebKit/537.36 (KHTML, like Gecko) Chrome/52.0.2743.116 Safari/537.36"
::1 - - [30/Aug/2016:07:20:38 +0000] "GET /all.js HTTP/1.1" 304 - "http://localhost:30200/" "Mozilla/5.0 (Macintosh; Intel Mac OS X 10_10_5) AppleWebKit/537.36 (KHTML, like Gecko) Chrome/52.0.2743.116 Safari/537.36"
::1 - - [30/Aug/2016:07:20:38 +0000] "GET /layout/topmenu.html HTTP/1.1" 200 1148 "http://localhost:30200/" "Mozilla/5.0 (Macintosh; Intel Mac OS X 10_10_5) AppleWebKit/537.36 (KHTML, like Gecko) Chrome/52.0.2743.116 Safari/537.36"
::1 - - [30/Aug/2016:07:20:38 +0000] "GET /assets/translations/locale-en.json HTTP/1.1" 200 7341 "http://localhost:30200/" "Mozilla/5.0 (Macintosh; Intel Mac OS X 10_10_5) AppleWebKit/537.36 (KHTML, like Gecko) Chrome/52.0.2743.116 Safari/537.36"
::1 - - [30/Aug/2016:07:20:38 +0000] "GET /layout/footer.html HTTP/1.1" 200 132 "http://localhost:30200/" "Mozilla/5.0 (Macintosh; Intel Mac OS X 10_10_5) AppleWebKit/537.36 (KHTML, like Gecko) Chrome/52.0.2743.116 Safari/537.36"
::1 - - [30/Aug/2016:07:20:38 +0000] "GET /layout/sidemenu.html HTTP/1.1" 200 1454 "http://localhost:30200/" "Mozilla/5.0 (Macintosh; Intel Mac OS X 10_10_5) AppleWebKit/537.36 (KHTML, like Gecko) Chrome/52.0.2743.116 Safari/537.36"
::1 - - [30/Aug/2016:07:20:38 +0000] "GET /billing/billing.html HTTP/1.1" 200 502 "http://localhost:30200/" "Mozilla/5.0 (Macintosh; Intel Mac OS X 10_10_5) AppleWebKit/537.36 (KHTML, like Gecko) Chrome/52.0.2743.116 Safari/537.36"
::1 - - [30/Aug/2016:07:20:39 +0000] "GET /assets/img/Ringotel_white2.svg HTTP/1.1" 304 - "http://localhost:30200/" "Mozilla/5.0 (Macintosh; Intel Mac OS X 10_10_5) AppleWebKit/537.36 (KHTML, like Gecko) Chrome/52.0.2743.116 Safari/537.36"
::1 - - [30/Aug/2016:07:20:39 +0000] "GET /assets/img/user.svg HTTP/1.1" 304 - "http://localhost:30200/" "Mozilla/5.0 (Macintosh; Intel Mac OS X 10_10_5) AppleWebKit/537.36 (KHTML, like Gecko) Chrome/52.0.2743.116 Safari/537.36"
::1 - - [30/Aug/2016:07:20:39 +0000] "GET /api/loggedin HTTP/1.1" 403 44 "http://localhost:30200/" "Mozilla/5.0 (Macintosh; Intel Mac OS X 10_10_5) AppleWebKit/537.36 (KHTML, like Gecko) Chrome/52.0.2743.116 Safari/537.36"
::1 - - [30/Aug/2016:07:20:39 +0000] "GET /favicon.ico HTTP/1.1" 404 1036 "http://localhost:30200/" "Mozilla/5.0 (Macintosh; Intel Mac OS X 10_10_5) AppleWebKit/537.36 (KHTML, like Gecko) Chrome/52.0.2743.116 Safari/537.36"
::1 - - [30/Aug/2016:07:20:39 +0000] "GET /auth/login.html HTTP/1.1" 304 - "http://localhost:30200/" "Mozilla/5.0 (Macintosh; Intel Mac OS X 10_10_5) AppleWebKit/537.36 (KHTML, like Gecko) Chrome/52.0.2743.116 Safari/537.36"
::1 - - [30/Aug/2016:07:20:39 +0000] "GET /assets/img/Ringotel%206.svg HTTP/1.1" 304 - "http://localhost:30200/" "Mozilla/5.0 (Macintosh; Intel Mac OS X 10_10_5) AppleWebKit/537.36 (KHTML, like Gecko) Chrome/52.0.2743.116 Safari/537.36"
::1 - - [30/Aug/2016:07:20:41 +0000] "GET /assets/fonts/css/font-awesome.min.css HTTP/1.1" 304 - "http://localhost:30200/" "Mozilla/5.0 (Macintosh; Intel Mac OS X 10_10_5) AppleWebKit/537.36 (KHTML, like Gecko) Chrome/52.0.2743.116 Safari/537.36"
::1 - - [30/Aug/2016:07:20:41 +0000] "GET /assets/css/lib/ngNotificationsBar.css HTTP/1.1" 304 - "http://localhost:30200/" "Mozilla/5.0 (Macintosh; Intel Mac OS X 10_10_5) AppleWebKit/537.36 (KHTML, like Gecko) Chrome/52.0.2743.116 Safari/537.36"
::1 - - [30/Aug/2016:07:20:41 +0000] "GET /assets/css/main.css HTTP/1.1" 304 - "http://localhost:30200/" "Mozilla/5.0 (Macintosh; Intel Mac OS X 10_10_5) AppleWebKit/537.36 (KHTML, like Gecko) Chrome/52.0.2743.116 Safari/537.36"
::1 - - [30/Aug/2016:07:20:41 +0000] "GET /lib/angular.min.js.map HTTP/1.1" 404 1036 "-" "Mozilla/5.0 (Macintosh; Intel Mac OS X 10_10_5) AppleWebKit/537.36 (KHTML, like Gecko) Chrome/52.0.2743.116 Safari/537.36"
::1 - - [30/Aug/2016:07:20:41 +0000] "GET /lib/angular-route.min.js.map HTTP/1.1" 404 1036 "-" "Mozilla/5.0 (Macintosh; Intel Mac OS X 10_10_5) AppleWebKit/537.36 (KHTML, like Gecko) Chrome/52.0.2743.116 Safari/537.36"
::1 - - [30/Aug/2016:07:20:41 +0000] "GET /lib/angular-local-storage.min.js.map HTTP/1.1" 404 1036 "-" "Mozilla/5.0 (Macintosh; Intel Mac OS X 10_10_5) AppleWebKit/537.36 (KHTML, like Gecko) Chrome/52.0.2743.116 Safari/537.36"
::1 - - [30/Aug/2016:07:20:41 +0000] "GET /lib/angular-sanitize.min.js.map HTTP/1.1" 404 1036 "-" "Mozilla/5.0 (Macintosh; Intel Mac OS X 10_10_5) AppleWebKit/537.36 (KHTML, like Gecko) Chrome/52.0.2743.116 Safari/537.36"
::1 - - [30/Aug/2016:07:20:41 +0000] "GET /lib/tmhDynamicLocale.min.js.map HTTP/1.1" 404 1036 "-" "Mozilla/5.0 (Macintosh; Intel Mac OS X 10_10_5) AppleWebKit/537.36 (KHTML, like Gecko) Chrome/52.0.2743.116 Safari/537.36"
::1 - - [30/Aug/2016:07:20:42 +0000] "POST /api/login HTTP/1.1" 200 638 "http://localhost:30200/" "Mozilla/5.0 (Macintosh; Intel Mac OS X 10_10_5) AppleWebKit/537.36 (KHTML, like Gecko) Chrome/52.0.2743.116 Safari/537.36"
::1 - - [30/Aug/2016:07:20:42 +0000] "GET /dashboard/dashboard.html HTTP/1.1" 304 - "http://localhost:30200/" "Mozilla/5.0 (Macintosh; Intel Mac OS X 10_10_5) AppleWebKit/537.36 (KHTML, like Gecko) Chrome/52.0.2743.116 Safari/537.36"
::1 - - [30/Aug/2016:07:20:43 +0000] "POST /api/login HTTP/1.1" 200 638 "http://localhost:30200/" "Mozilla/5.0 (Macintosh; Intel Mac OS X 10_10_5) AppleWebKit/537.36 (KHTML, like Gecko) Chrome/52.0.2743.116 Safari/537.36"
::1 - - [30/Aug/2016:07:20:43 +0000] "GET /api/loggedin HTTP/1.1" 200 213 "http://localhost:30200/" "Mozilla/5.0 (Macintosh; Intel Mac OS X 10_10_5) AppleWebKit/537.36 (KHTML, like Gecko) Chrome/52.0.2743.116 Safari/537.36"
::1 - - [30/Aug/2016:07:20:43 +0000] "GET /assets/fonts/fonts/fontawesome-webfont.woff2?v=4.3.0 HTTP/1.1" 200 56780 "http://localhost:30200/assets/fonts/css/font-awesome.min.css" "Mozilla/5.0 (Macintosh; Intel Mac OS X 10_10_5) AppleWebKit/537.36 (KHTML, like Gecko) Chrome/52.0.2743.116 Safari/537.36"
::1 - - [30/Aug/2016:07:20:43 +0000] "POST /api/getCustomerBalance HTTP/1.1" 200 36 "http://localhost:30200/" "Mozilla/5.0 (Macintosh; Intel Mac OS X 10_10_5) AppleWebKit/537.36 (KHTML, like Gecko) Chrome/52.0.2743.116 Safari/537.36"
::1 - - [30/Aug/2016:07:20:43 +0000] "POST /api/getPlans HTTP/1.1" 200 2345 "http://localhost:30200/" "Mozilla/5.0 (Macintosh; Intel Mac OS X 10_10_5) AppleWebKit/537.36 (KHTML, like Gecko) Chrome/52.0.2743.116 Safari/537.36"
::1 - - [30/Aug/2016:07:20:43 +0000] "POST /api/getBranches HTTP/1.1" 200 13151 "http://localhost:30200/" "Mozilla/5.0 (Macintosh; Intel Mac OS X 10_10_5) AppleWebKit/537.36 (KHTML, like Gecko) Chrome/52.0.2743.116 Safari/537.36"
::1 - - [30/Aug/2016:07:20:43 +0000] "GET /dashboard/dash-instance.html HTTP/1.1" 304 - "http://localhost:30200/" "Mozilla/5.0 (Macintosh; Intel Mac OS X 10_10_5) AppleWebKit/537.36 (KHTML, like Gecko) Chrome/52.0.2743.116 Safari/537.36"
::1 - - [30/Aug/2016:07:35:43 +0000] "GET /api/loggedin HTTP/1.1" 200 213 "http://localhost:30200/" "Mozilla/5.0 (Macintosh; Intel Mac OS X 10_10_5) AppleWebKit/537.36 (KHTML, like Gecko) Chrome/52.0.2743.116 Safari/537.36"
::1 - - [30/Aug/2016:07:35:43 +0000] "POST /api/getCustomerBalance HTTP/1.1" 200 36 "http://localhost:30200/" "Mozilla/5.0 (Macintosh; Intel Mac OS X 10_10_5) AppleWebKit/537.36 (KHTML, like Gecko) Chrome/52.0.2743.116 Safari/537.36"
::1 - - [30/Aug/2016:07:35:43 +0000] "POST /api/transactions HTTP/1.1" 200 28 "http://localhost:30200/" "Mozilla/5.0 (Macintosh; Intel Mac OS X 10_10_5) AppleWebKit/537.36 (KHTML, like Gecko) Chrome/52.0.2743.116 Safari/537.36"
::1 - - [30/Aug/2016:07:35:43 +0000] "POST /api/charges HTTP/1.1" 200 497 "http://localhost:30200/" "Mozilla/5.0 (Macintosh; Intel Mac OS X 10_10_5) AppleWebKit/537.36 (KHTML, like Gecko) Chrome/52.0.2743.116 Safari/537.36"
::1 - - [30/Aug/2016:09:47:56 +0000] "GET / HTTP/1.1" 304 - "-" "Mozilla/5.0 (Macintosh; Intel Mac OS X 10_10_5) AppleWebKit/537.36 (KHTML, like Gecko) Chrome/52.0.2743.116 Safari/537.36"
::1 - - [30/Aug/2016:09:47:57 +0000] "GET /assets/fonts/css/font-awesome.min.css HTTP/1.1" 304 - "http://localhost:30200/" "Mozilla/5.0 (Macintosh; Intel Mac OS X 10_10_5) AppleWebKit/537.36 (KHTML, like Gecko) Chrome/52.0.2743.116 Safari/537.36"
::1 - - [30/Aug/2016:09:47:57 +0000] "GET /assets/css/lib/ngNotificationsBar.css HTTP/1.1" 304 - "http://localhost:30200/" "Mozilla/5.0 (Macintosh; Intel Mac OS X 10_10_5) AppleWebKit/537.36 (KHTML, like Gecko) Chrome/52.0.2743.116 Safari/537.36"
::1 - - [30/Aug/2016:09:47:57 +0000] "GET /assets/css/main.css HTTP/1.1" 304 - "http://localhost:30200/" "Mozilla/5.0 (Macintosh; Intel Mac OS X 10_10_5) AppleWebKit/537.36 (KHTML, like Gecko) Chrome/52.0.2743.116 Safari/537.36"
::1 - - [30/Aug/2016:09:47:57 +0000] "GET /lib/angular.min.js HTTP/1.1" 304 - "http://localhost:30200/" "Mozilla/5.0 (Macintosh; Intel Mac OS X 10_10_5) AppleWebKit/537.36 (KHTML, like Gecko) Chrome/52.0.2743.116 Safari/537.36"
::1 - - [30/Aug/2016:09:47:57 +0000] "GET /lib/angular-route.min.js HTTP/1.1" 304 - "http://localhost:30200/" "Mozilla/5.0 (Macintosh; Intel Mac OS X 10_10_5) AppleWebKit/537.36 (KHTML, like Gecko) Chrome/52.0.2743.116 Safari/537.36"
::1 - - [30/Aug/2016:09:47:57 +0000] "GET /lib/ngStorage.min.js HTTP/1.1" 304 - "http://localhost:30200/" "Mozilla/5.0 (Macintosh; Intel Mac OS X 10_10_5) AppleWebKit/537.36 (KHTML, like Gecko) Chrome/52.0.2743.116 Safari/537.36"
::1 - - [30/Aug/2016:09:47:57 +0000] "GET /lib/angular-local-storage.min.js HTTP/1.1" 304 - "http://localhost:30200/" "Mozilla/5.0 (Macintosh; Intel Mac OS X 10_10_5) AppleWebKit/537.36 (KHTML, like Gecko) Chrome/52.0.2743.116 Safari/537.36"
::1 - - [30/Aug/2016:09:47:57 +0000] "GET /lib/ngNotificationsBar.min.js HTTP/1.1" 304 - "http://localhost:30200/" "Mozilla/5.0 (Macintosh; Intel Mac OS X 10_10_5) AppleWebKit/537.36 (KHTML, like Gecko) Chrome/52.0.2743.116 Safari/537.36"
::1 - - [30/Aug/2016:09:47:57 +0000] "GET /lib/angular-sanitize.min.js HTTP/1.1" 304 - "http://localhost:30200/" "Mozilla/5.0 (Macintosh; Intel Mac OS X 10_10_5) AppleWebKit/537.36 (KHTML, like Gecko) Chrome/52.0.2743.116 Safari/537.36"
::1 - - [30/Aug/2016:09:47:57 +0000] "GET /lib/angular-translate.min.js HTTP/1.1" 304 - "http://localhost:30200/" "Mozilla/5.0 (Macintosh; Intel Mac OS X 10_10_5) AppleWebKit/537.36 (KHTML, like Gecko) Chrome/52.0.2743.116 Safari/537.36"
::1 - - [30/Aug/2016:09:47:57 +0000] "GET /lib/angular-translate-loader-static-files.min.js HTTP/1.1" 304 - "http://localhost:30200/" "Mozilla/5.0 (Macintosh; Intel Mac OS X 10_10_5) AppleWebKit/537.36 (KHTML, like Gecko) Chrome/52.0.2743.116 Safari/537.36"
::1 - - [30/Aug/2016:09:47:57 +0000] "GET /lib/moment.min.js HTTP/1.1" 304 - "http://localhost:30200/" "Mozilla/5.0 (Macintosh; Intel Mac OS X 10_10_5) AppleWebKit/537.36 (KHTML, like Gecko) Chrome/52.0.2743.116 Safari/537.36"
::1 - - [30/Aug/2016:09:47:57 +0000] "GET /lib/tmhDynamicLocale.min.js HTTP/1.1" 304 - "http://localhost:30200/" "Mozilla/5.0 (Macintosh; Intel Mac OS X 10_10_5) AppleWebKit/537.36 (KHTML, like Gecko) Chrome/52.0.2743.116 Safari/537.36"
::1 - - [30/Aug/2016:09:47:57 +0000] "GET /all.js HTTP/1.1" 304 - "http://localhost:30200/" "Mozilla/5.0 (Macintosh; Intel Mac OS X 10_10_5) AppleWebKit/537.36 (KHTML, like Gecko) Chrome/52.0.2743.116 Safari/537.36"
::1 - - [30/Aug/2016:09:47:57 +0000] "GET /lib/ui-bootstrap-tpls.js HTTP/1.1" 304 - "http://localhost:30200/" "Mozilla/5.0 (Macintosh; Intel Mac OS X 10_10_5) AppleWebKit/537.36 (KHTML, like Gecko) Chrome/52.0.2743.116 Safari/537.36"
::1 - - [30/Aug/2016:09:47:57 +0000] "GET /lib/angular-route.min.js.map HTTP/1.1" 404 1036 "-" "Mozilla/5.0 (Macintosh; Intel Mac OS X 10_10_5) AppleWebKit/537.36 (KHTML, like Gecko) Chrome/52.0.2743.116 Safari/537.36"
::1 - - [30/Aug/2016:09:47:57 +0000] "GET /lib/angular.min.js.map HTTP/1.1" 404 1036 "-" "Mozilla/5.0 (Macintosh; Intel Mac OS X 10_10_5) AppleWebKit/537.36 (KHTML, like Gecko) Chrome/52.0.2743.116 Safari/537.36"
::1 - - [30/Aug/2016:09:47:57 +0000] "GET /lib/angular-local-storage.min.js.map HTTP/1.1" 404 1036 "-" "Mozilla/5.0 (Macintosh; Intel Mac OS X 10_10_5) AppleWebKit/537.36 (KHTML, like Gecko) Chrome/52.0.2743.116 Safari/537.36"
::1 - - [30/Aug/2016:09:47:57 +0000] "GET /lib/angular-sanitize.min.js.map HTTP/1.1" 404 1036 "-" "Mozilla/5.0 (Macintosh; Intel Mac OS X 10_10_5) AppleWebKit/537.36 (KHTML, like Gecko) Chrome/52.0.2743.116 Safari/537.36"
::1 - - [30/Aug/2016:09:47:57 +0000] "GET /lib/tmhDynamicLocale.min.js.map HTTP/1.1" 404 1036 "-" "Mozilla/5.0 (Macintosh; Intel Mac OS X 10_10_5) AppleWebKit/537.36 (KHTML, like Gecko) Chrome/52.0.2743.116 Safari/537.36"
::1 - - [30/Aug/2016:09:47:57 +0000] "GET /layout/topmenu.html HTTP/1.1" 200 1148 "http://localhost:30200/" "Mozilla/5.0 (Macintosh; Intel Mac OS X 10_10_5) AppleWebKit/537.36 (KHTML, like Gecko) Chrome/52.0.2743.116 Safari/537.36"
::1 - - [30/Aug/2016:09:47:57 +0000] "GET /layout/sidemenu.html HTTP/1.1" 200 1454 "http://localhost:30200/" "Mozilla/5.0 (Macintosh; Intel Mac OS X 10_10_5) AppleWebKit/537.36 (KHTML, like Gecko) Chrome/52.0.2743.116 Safari/537.36"
::1 - - [30/Aug/2016:09:47:57 +0000] "GET /assets/translations/locale-en.json HTTP/1.1" 200 7341 "http://localhost:30200/" "Mozilla/5.0 (Macintosh; Intel Mac OS X 10_10_5) AppleWebKit/537.36 (KHTML, like Gecko) Chrome/52.0.2743.116 Safari/537.36"
::1 - - [30/Aug/2016:09:47:57 +0000] "GET /layout/footer.html HTTP/1.1" 200 132 "http://localhost:30200/" "Mozilla/5.0 (Macintosh; Intel Mac OS X 10_10_5) AppleWebKit/537.36 (KHTML, like Gecko) Chrome/52.0.2743.116 Safari/537.36"
::1 - - [30/Aug/2016:09:47:57 +0000] "GET /billing/billing.html HTTP/1.1" 200 502 "http://localhost:30200/" "Mozilla/5.0 (Macintosh; Intel Mac OS X 10_10_5) AppleWebKit/537.36 (KHTML, like Gecko) Chrome/52.0.2743.116 Safari/537.36"
::1 - - [30/Aug/2016:09:47:58 +0000] "GET /api/loggedin HTTP/1.1" 403 44 "http://localhost:30200/" "Mozilla/5.0 (Macintosh; Intel Mac OS X 10_10_5) AppleWebKit/537.36 (KHTML, like Gecko) Chrome/52.0.2743.116 Safari/537.36"
::1 - - [30/Aug/2016:09:47:58 +0000] "GET /assets/img/Ringotel_white2.svg HTTP/1.1" 304 - "http://localhost:30200/" "Mozilla/5.0 (Macintosh; Intel Mac OS X 10_10_5) AppleWebKit/537.36 (KHTML, like Gecko) Chrome/52.0.2743.116 Safari/537.36"
::1 - - [30/Aug/2016:09:47:58 +0000] "GET /assets/img/user.svg HTTP/1.1" 304 - "http://localhost:30200/" "Mozilla/5.0 (Macintosh; Intel Mac OS X 10_10_5) AppleWebKit/537.36 (KHTML, like Gecko) Chrome/52.0.2743.116 Safari/537.36"
::1 - - [30/Aug/2016:09:47:59 +0000] "GET /auth/login.html HTTP/1.1" 304 - "http://localhost:30200/" "Mozilla/5.0 (Macintosh; Intel Mac OS X 10_10_5) AppleWebKit/537.36 (KHTML, like Gecko) Chrome/52.0.2743.116 Safari/537.36"
::1 - - [30/Aug/2016:09:47:59 +0000] "GET /assets/img/Ringotel%206.svg HTTP/1.1" 304 - "http://localhost:30200/" "Mozilla/5.0 (Macintosh; Intel Mac OS X 10_10_5) AppleWebKit/537.36 (KHTML, like Gecko) Chrome/52.0.2743.116 Safari/537.36"
::1 - - [30/Aug/2016:09:48:01 +0000] "POST /api/login HTTP/1.1" 200 638 "http://localhost:30200/" "Mozilla/5.0 (Macintosh; Intel Mac OS X 10_10_5) AppleWebKit/537.36 (KHTML, like Gecko) Chrome/52.0.2743.116 Safari/537.36"
::1 - - [30/Aug/2016:09:48:01 +0000] "GET /dashboard/dashboard.html HTTP/1.1" 304 - "http://localhost:30200/" "Mozilla/5.0 (Macintosh; Intel Mac OS X 10_10_5) AppleWebKit/537.36 (KHTML, like Gecko) Chrome/52.0.2743.116 Safari/537.36"
::1 - - [30/Aug/2016:09:48:01 +0000] "GET /api/loggedin HTTP/1.1" 200 213 "http://localhost:30200/" "Mozilla/5.0 (Macintosh; Intel Mac OS X 10_10_5) AppleWebKit/537.36 (KHTML, like Gecko) Chrome/52.0.2743.116 Safari/537.36"
::1 - - [30/Aug/2016:09:48:01 +0000] "GET /assets/fonts/fonts/fontawesome-webfont.woff2?v=4.3.0 HTTP/1.1" 200 56780 "http://localhost:30200/assets/fonts/css/font-awesome.min.css" "Mozilla/5.0 (Macintosh; Intel Mac OS X 10_10_5) AppleWebKit/537.36 (KHTML, like Gecko) Chrome/52.0.2743.116 Safari/537.36"
::1 - - [30/Aug/2016:09:48:01 +0000] "POST /api/getCustomerBalance HTTP/1.1" 200 36 "http://localhost:30200/" "Mozilla/5.0 (Macintosh; Intel Mac OS X 10_10_5) AppleWebKit/537.36 (KHTML, like Gecko) Chrome/52.0.2743.116 Safari/537.36"
::1 - - [30/Aug/2016:09:48:01 +0000] "POST /api/getPlans HTTP/1.1" 200 2345 "http://localhost:30200/" "Mozilla/5.0 (Macintosh; Intel Mac OS X 10_10_5) AppleWebKit/537.36 (KHTML, like Gecko) Chrome/52.0.2743.116 Safari/537.36"
::1 - - [30/Aug/2016:09:48:02 +0000] "POST /api/getBranches HTTP/1.1" 200 13151 "http://localhost:30200/" "Mozilla/5.0 (Macintosh; Intel Mac OS X 10_10_5) AppleWebKit/537.36 (KHTML, like Gecko) Chrome/52.0.2743.116 Safari/537.36"
::1 - - [30/Aug/2016:09:48:02 +0000] "GET /dashboard/dash-instance.html HTTP/1.1" 304 - "http://localhost:30200/" "Mozilla/5.0 (Macintosh; Intel Mac OS X 10_10_5) AppleWebKit/537.36 (KHTML, like Gecko) Chrome/52.0.2743.116 Safari/537.36"
::1 - - [30/Aug/2016:09:48:05 +0000] "GET /api/loggedin HTTP/1.1" 200 213 "http://localhost:30200/" "Mozilla/5.0 (Macintosh; Intel Mac OS X 10_10_5) AppleWebKit/537.36 (KHTML, like Gecko) Chrome/52.0.2743.116 Safari/537.36"
::1 - - [30/Aug/2016:09:48:05 +0000] "POST /api/getCustomerBalance HTTP/1.1" 200 36 "http://localhost:30200/" "Mozilla/5.0 (Macintosh; Intel Mac OS X 10_10_5) AppleWebKit/537.36 (KHTML, like Gecko) Chrome/52.0.2743.116 Safari/537.36"
::1 - - [30/Aug/2016:09:48:05 +0000] "POST /api/transactions HTTP/1.1" 200 28 "http://localhost:30200/" "Mozilla/5.0 (Macintosh; Intel Mac OS X 10_10_5) AppleWebKit/537.36 (KHTML, like Gecko) Chrome/52.0.2743.116 Safari/537.36"
::1 - - [30/Aug/2016:09:48:05 +0000] "POST /api/charges HTTP/1.1" 500 128 "http://localhost:30200/" "Mozilla/5.0 (Macintosh; Intel Mac OS X 10_10_5) AppleWebKit/537.36 (KHTML, like Gecko) Chrome/52.0.2743.116 Safari/537.36"
::1 - - [30/Aug/2016:09:49:33 +0000] "GET / HTTP/1.1" 304 - "-" "Mozilla/5.0 (Macintosh; Intel Mac OS X 10_10_5) AppleWebKit/537.36 (KHTML, like Gecko) Chrome/52.0.2743.116 Safari/537.36"
::1 - - [30/Aug/2016:09:49:33 +0000] "GET /assets/fonts/css/font-awesome.min.css HTTP/1.1" 304 - "http://localhost:30200/" "Mozilla/5.0 (Macintosh; Intel Mac OS X 10_10_5) AppleWebKit/537.36 (KHTML, like Gecko) Chrome/52.0.2743.116 Safari/537.36"
::1 - - [30/Aug/2016:09:49:33 +0000] "GET /assets/css/lib/ngNotificationsBar.css HTTP/1.1" 304 - "http://localhost:30200/" "Mozilla/5.0 (Macintosh; Intel Mac OS X 10_10_5) AppleWebKit/537.36 (KHTML, like Gecko) Chrome/52.0.2743.116 Safari/537.36"
::1 - - [30/Aug/2016:09:49:33 +0000] "GET /assets/css/main.css HTTP/1.1" 304 - "http://localhost:30200/" "Mozilla/5.0 (Macintosh; Intel Mac OS X 10_10_5) AppleWebKit/537.36 (KHTML, like Gecko) Chrome/52.0.2743.116 Safari/537.36"
::1 - - [30/Aug/2016:09:49:34 +0000] "GET /lib/angular.min.js HTTP/1.1" 304 - "http://localhost:30200/" "Mozilla/5.0 (Macintosh; Intel Mac OS X 10_10_5) AppleWebKit/537.36 (KHTML, like Gecko) Chrome/52.0.2743.116 Safari/537.36"
::1 - - [30/Aug/2016:09:49:34 +0000] "GET /lib/angular-route.min.js HTTP/1.1" 304 - "http://localhost:30200/" "Mozilla/5.0 (Macintosh; Intel Mac OS X 10_10_5) AppleWebKit/537.36 (KHTML, like Gecko) Chrome/52.0.2743.116 Safari/537.36"
::1 - - [30/Aug/2016:09:49:34 +0000] "GET /lib/ngStorage.min.js HTTP/1.1" 304 - "http://localhost:30200/" "Mozilla/5.0 (Macintosh; Intel Mac OS X 10_10_5) AppleWebKit/537.36 (KHTML, like Gecko) Chrome/52.0.2743.116 Safari/537.36"
::1 - - [30/Aug/2016:09:49:34 +0000] "GET /lib/angular-local-storage.min.js HTTP/1.1" 304 - "http://localhost:30200/" "Mozilla/5.0 (Macintosh; Intel Mac OS X 10_10_5) AppleWebKit/537.36 (KHTML, like Gecko) Chrome/52.0.2743.116 Safari/537.36"
::1 - - [30/Aug/2016:09:49:34 +0000] "GET /lib/ngNotificationsBar.min.js HTTP/1.1" 304 - "http://localhost:30200/" "Mozilla/5.0 (Macintosh; Intel Mac OS X 10_10_5) AppleWebKit/537.36 (KHTML, like Gecko) Chrome/52.0.2743.116 Safari/537.36"
::1 - - [30/Aug/2016:09:49:34 +0000] "GET /lib/angular-sanitize.min.js HTTP/1.1" 304 - "http://localhost:30200/" "Mozilla/5.0 (Macintosh; Intel Mac OS X 10_10_5) AppleWebKit/537.36 (KHTML, like Gecko) Chrome/52.0.2743.116 Safari/537.36"
::1 - - [30/Aug/2016:09:49:34 +0000] "GET /lib/angular-translate.min.js HTTP/1.1" 304 - "http://localhost:30200/" "Mozilla/5.0 (Macintosh; Intel Mac OS X 10_10_5) AppleWebKit/537.36 (KHTML, like Gecko) Chrome/52.0.2743.116 Safari/537.36"
::1 - - [30/Aug/2016:09:49:34 +0000] "GET /lib/angular-translate-loader-static-files.min.js HTTP/1.1" 304 - "http://localhost:30200/" "Mozilla/5.0 (Macintosh; Intel Mac OS X 10_10_5) AppleWebKit/537.36 (KHTML, like Gecko) Chrome/52.0.2743.116 Safari/537.36"
::1 - - [30/Aug/2016:09:49:34 +0000] "GET /lib/moment.min.js HTTP/1.1" 304 - "http://localhost:30200/" "Mozilla/5.0 (Macintosh; Intel Mac OS X 10_10_5) AppleWebKit/537.36 (KHTML, like Gecko) Chrome/52.0.2743.116 Safari/537.36"
::1 - - [30/Aug/2016:09:49:34 +0000] "GET /lib/tmhDynamicLocale.min.js HTTP/1.1" 304 - "http://localhost:30200/" "Mozilla/5.0 (Macintosh; Intel Mac OS X 10_10_5) AppleWebKit/537.36 (KHTML, like Gecko) Chrome/52.0.2743.116 Safari/537.36"
::1 - - [30/Aug/2016:09:49:34 +0000] "GET /lib/ui-bootstrap-tpls.js HTTP/1.1" 304 - "http://localhost:30200/" "Mozilla/5.0 (Macintosh; Intel Mac OS X 10_10_5) AppleWebKit/537.36 (KHTML, like Gecko) Chrome/52.0.2743.116 Safari/537.36"
::1 - - [30/Aug/2016:09:49:34 +0000] "GET /all.js HTTP/1.1" 304 - "http://localhost:30200/" "Mozilla/5.0 (Macintosh; Intel Mac OS X 10_10_5) AppleWebKit/537.36 (KHTML, like Gecko) Chrome/52.0.2743.116 Safari/537.36"
::1 - - [30/Aug/2016:09:49:34 +0000] "GET /lib/angular.min.js.map HTTP/1.1" 404 1036 "-" "Mozilla/5.0 (Macintosh; Intel Mac OS X 10_10_5) AppleWebKit/537.36 (KHTML, like Gecko) Chrome/52.0.2743.116 Safari/537.36"
::1 - - [30/Aug/2016:09:49:34 +0000] "GET /lib/angular-route.min.js.map HTTP/1.1" 404 1036 "-" "Mozilla/5.0 (Macintosh; Intel Mac OS X 10_10_5) AppleWebKit/537.36 (KHTML, like Gecko) Chrome/52.0.2743.116 Safari/537.36"
::1 - - [30/Aug/2016:09:49:34 +0000] "GET /lib/angular-local-storage.min.js.map HTTP/1.1" 404 1036 "-" "Mozilla/5.0 (Macintosh; Intel Mac OS X 10_10_5) AppleWebKit/537.36 (KHTML, like Gecko) Chrome/52.0.2743.116 Safari/537.36"
::1 - - [30/Aug/2016:09:49:34 +0000] "GET /lib/angular-sanitize.min.js.map HTTP/1.1" 404 1036 "-" "Mozilla/5.0 (Macintosh; Intel Mac OS X 10_10_5) AppleWebKit/537.36 (KHTML, like Gecko) Chrome/52.0.2743.116 Safari/537.36"
::1 - - [30/Aug/2016:09:49:34 +0000] "GET /lib/tmhDynamicLocale.min.js.map HTTP/1.1" 404 1036 "-" "Mozilla/5.0 (Macintosh; Intel Mac OS X 10_10_5) AppleWebKit/537.36 (KHTML, like Gecko) Chrome/52.0.2743.116 Safari/537.36"
::1 - - [30/Aug/2016:09:49:34 +0000] "GET /assets/translations/locale-en.json HTTP/1.1" 304 - "http://localhost:30200/" "Mozilla/5.0 (Macintosh; Intel Mac OS X 10_10_5) AppleWebKit/537.36 (KHTML, like Gecko) Chrome/52.0.2743.116 Safari/537.36"
::1 - - [30/Aug/2016:09:49:34 +0000] "GET /layout/topmenu.html HTTP/1.1" 304 - "http://localhost:30200/" "Mozilla/5.0 (Macintosh; Intel Mac OS X 10_10_5) AppleWebKit/537.36 (KHTML, like Gecko) Chrome/52.0.2743.116 Safari/537.36"
::1 - - [30/Aug/2016:09:49:34 +0000] "GET /layout/sidemenu.html HTTP/1.1" 304 - "http://localhost:30200/" "Mozilla/5.0 (Macintosh; Intel Mac OS X 10_10_5) AppleWebKit/537.36 (KHTML, like Gecko) Chrome/52.0.2743.116 Safari/537.36"
::1 - - [30/Aug/2016:09:49:34 +0000] "GET /layout/footer.html HTTP/1.1" 304 - "http://localhost:30200/" "Mozilla/5.0 (Macintosh; Intel Mac OS X 10_10_5) AppleWebKit/537.36 (KHTML, like Gecko) Chrome/52.0.2743.116 Safari/537.36"
::1 - - [30/Aug/2016:09:49:34 +0000] "GET /billing/billing.html HTTP/1.1" 304 - "http://localhost:30200/" "Mozilla/5.0 (Macintosh; Intel Mac OS X 10_10_5) AppleWebKit/537.36 (KHTML, like Gecko) Chrome/52.0.2743.116 Safari/537.36"
::1 - - [30/Aug/2016:09:49:34 +0000] "GET /api/loggedin HTTP/1.1" 200 213 "http://localhost:30200/" "Mozilla/5.0 (Macintosh; Intel Mac OS X 10_10_5) AppleWebKit/537.36 (KHTML, like Gecko) Chrome/52.0.2743.116 Safari/537.36"
::1 - - [30/Aug/2016:09:49:34 +0000] "GET /assets/img/Ringotel_white2.svg HTTP/1.1" 304 - "http://localhost:30200/" "Mozilla/5.0 (Macintosh; Intel Mac OS X 10_10_5) AppleWebKit/537.36 (KHTML, like Gecko) Chrome/52.0.2743.116 Safari/537.36"
::1 - - [30/Aug/2016:09:49:34 +0000] "GET /assets/img/user.svg HTTP/1.1" 304 - "http://localhost:30200/" "Mozilla/5.0 (Macintosh; Intel Mac OS X 10_10_5) AppleWebKit/537.36 (KHTML, like Gecko) Chrome/52.0.2743.116 Safari/537.36"
::1 - - [30/Aug/2016:09:49:35 +0000] "POST /api/getCustomerBalance HTTP/1.1" 200 36 "http://localhost:30200/" "Mozilla/5.0 (Macintosh; Intel Mac OS X 10_10_5) AppleWebKit/537.36 (KHTML, like Gecko) Chrome/52.0.2743.116 Safari/537.36"
::1 - - [30/Aug/2016:09:49:35 +0000] "POST /api/transactions HTTP/1.1" 200 28 "http://localhost:30200/" "Mozilla/5.0 (Macintosh; Intel Mac OS X 10_10_5) AppleWebKit/537.36 (KHTML, like Gecko) Chrome/52.0.2743.116 Safari/537.36"
::1 - - [30/Aug/2016:09:49:35 +0000] "POST /api/charges HTTP/1.1" 500 121 "http://localhost:30200/" "Mozilla/5.0 (Macintosh; Intel Mac OS X 10_10_5) AppleWebKit/537.36 (KHTML, like Gecko) Chrome/52.0.2743.116 Safari/537.36"
::1 - - [30/Aug/2016:09:50:02 +0000] "GET / HTTP/1.1" 304 - "-" "Mozilla/5.0 (Macintosh; Intel Mac OS X 10_10_5) AppleWebKit/537.36 (KHTML, like Gecko) Chrome/52.0.2743.116 Safari/537.36"
::1 - - [30/Aug/2016:09:50:03 +0000] "GET /assets/fonts/css/font-awesome.min.css HTTP/1.1" 304 - "http://localhost:30200/" "Mozilla/5.0 (Macintosh; Intel Mac OS X 10_10_5) AppleWebKit/537.36 (KHTML, like Gecko) Chrome/52.0.2743.116 Safari/537.36"
::1 - - [30/Aug/2016:09:50:03 +0000] "GET /assets/css/lib/ngNotificationsBar.css HTTP/1.1" 304 - "http://localhost:30200/" "Mozilla/5.0 (Macintosh; Intel Mac OS X 10_10_5) AppleWebKit/537.36 (KHTML, like Gecko) Chrome/52.0.2743.116 Safari/537.36"
::1 - - [30/Aug/2016:09:50:03 +0000] "GET /assets/css/main.css HTTP/1.1" 304 - "http://localhost:30200/" "Mozilla/5.0 (Macintosh; Intel Mac OS X 10_10_5) AppleWebKit/537.36 (KHTML, like Gecko) Chrome/52.0.2743.116 Safari/537.36"
::1 - - [30/Aug/2016:09:50:03 +0000] "GET /lib/angular.min.js HTTP/1.1" 304 - "http://localhost:30200/" "Mozilla/5.0 (Macintosh; Intel Mac OS X 10_10_5) AppleWebKit/537.36 (KHTML, like Gecko) Chrome/52.0.2743.116 Safari/537.36"
::1 - - [30/Aug/2016:09:50:03 +0000] "GET /lib/angular-route.min.js HTTP/1.1" 304 - "http://localhost:30200/" "Mozilla/5.0 (Macintosh; Intel Mac OS X 10_10_5) AppleWebKit/537.36 (KHTML, like Gecko) Chrome/52.0.2743.116 Safari/537.36"
::1 - - [30/Aug/2016:09:50:03 +0000] "GET /lib/ngStorage.min.js HTTP/1.1" 304 - "http://localhost:30200/" "Mozilla/5.0 (Macintosh; Intel Mac OS X 10_10_5) AppleWebKit/537.36 (KHTML, like Gecko) Chrome/52.0.2743.116 Safari/537.36"
::1 - - [30/Aug/2016:09:50:03 +0000] "GET /lib/angular-local-storage.min.js HTTP/1.1" 304 - "http://localhost:30200/" "Mozilla/5.0 (Macintosh; Intel Mac OS X 10_10_5) AppleWebKit/537.36 (KHTML, like Gecko) Chrome/52.0.2743.116 Safari/537.36"
::1 - - [30/Aug/2016:09:50:03 +0000] "GET /lib/ngNotificationsBar.min.js HTTP/1.1" 304 - "http://localhost:30200/" "Mozilla/5.0 (Macintosh; Intel Mac OS X 10_10_5) AppleWebKit/537.36 (KHTML, like Gecko) Chrome/52.0.2743.116 Safari/537.36"
::1 - - [30/Aug/2016:09:50:03 +0000] "GET /lib/angular-sanitize.min.js HTTP/1.1" 304 - "http://localhost:30200/" "Mozilla/5.0 (Macintosh; Intel Mac OS X 10_10_5) AppleWebKit/537.36 (KHTML, like Gecko) Chrome/52.0.2743.116 Safari/537.36"
::1 - - [30/Aug/2016:09:50:03 +0000] "GET /lib/angular-translate.min.js HTTP/1.1" 304 - "http://localhost:30200/" "Mozilla/5.0 (Macintosh; Intel Mac OS X 10_10_5) AppleWebKit/537.36 (KHTML, like Gecko) Chrome/52.0.2743.116 Safari/537.36"
::1 - - [30/Aug/2016:09:50:03 +0000] "GET /lib/angular-translate-loader-static-files.min.js HTTP/1.1" 304 - "http://localhost:30200/" "Mozilla/5.0 (Macintosh; Intel Mac OS X 10_10_5) AppleWebKit/537.36 (KHTML, like Gecko) Chrome/52.0.2743.116 Safari/537.36"
::1 - - [30/Aug/2016:09:50:03 +0000] "GET /lib/moment.min.js HTTP/1.1" 304 - "http://localhost:30200/" "Mozilla/5.0 (Macintosh; Intel Mac OS X 10_10_5) AppleWebKit/537.36 (KHTML, like Gecko) Chrome/52.0.2743.116 Safari/537.36"
::1 - - [30/Aug/2016:09:50:03 +0000] "GET /lib/tmhDynamicLocale.min.js HTTP/1.1" 304 - "http://localhost:30200/" "Mozilla/5.0 (Macintosh; Intel Mac OS X 10_10_5) AppleWebKit/537.36 (KHTML, like Gecko) Chrome/52.0.2743.116 Safari/537.36"
::1 - - [30/Aug/2016:09:50:03 +0000] "GET /lib/ui-bootstrap-tpls.js HTTP/1.1" 304 - "http://localhost:30200/" "Mozilla/5.0 (Macintosh; Intel Mac OS X 10_10_5) AppleWebKit/537.36 (KHTML, like Gecko) Chrome/52.0.2743.116 Safari/537.36"
::1 - - [30/Aug/2016:09:50:03 +0000] "GET /all.js HTTP/1.1" 304 - "http://localhost:30200/" "Mozilla/5.0 (Macintosh; Intel Mac OS X 10_10_5) AppleWebKit/537.36 (KHTML, like Gecko) Chrome/52.0.2743.116 Safari/537.36"
::1 - - [30/Aug/2016:09:50:03 +0000] "GET /lib/angular.min.js.map HTTP/1.1" 404 1036 "-" "Mozilla/5.0 (Macintosh; Intel Mac OS X 10_10_5) AppleWebKit/537.36 (KHTML, like Gecko) Chrome/52.0.2743.116 Safari/537.36"
::1 - - [30/Aug/2016:09:50:03 +0000] "GET /lib/angular-route.min.js.map HTTP/1.1" 404 1036 "-" "Mozilla/5.0 (Macintosh; Intel Mac OS X 10_10_5) AppleWebKit/537.36 (KHTML, like Gecko) Chrome/52.0.2743.116 Safari/537.36"
::1 - - [30/Aug/2016:09:50:03 +0000] "GET /lib/angular-local-storage.min.js.map HTTP/1.1" 404 1036 "-" "Mozilla/5.0 (Macintosh; Intel Mac OS X 10_10_5) AppleWebKit/537.36 (KHTML, like Gecko) Chrome/52.0.2743.116 Safari/537.36"
::1 - - [30/Aug/2016:09:50:03 +0000] "GET /lib/angular-sanitize.min.js.map HTTP/1.1" 404 1036 "-" "Mozilla/5.0 (Macintosh; Intel Mac OS X 10_10_5) AppleWebKit/537.36 (KHTML, like Gecko) Chrome/52.0.2743.116 Safari/537.36"
::1 - - [30/Aug/2016:09:50:03 +0000] "GET /lib/tmhDynamicLocale.min.js.map HTTP/1.1" 404 1036 "-" "Mozilla/5.0 (Macintosh; Intel Mac OS X 10_10_5) AppleWebKit/537.36 (KHTML, like Gecko) Chrome/52.0.2743.116 Safari/537.36"
::1 - - [30/Aug/2016:09:50:03 +0000] "GET /assets/translations/locale-en.json HTTP/1.1" 304 - "http://localhost:30200/" "Mozilla/5.0 (Macintosh; Intel Mac OS X 10_10_5) AppleWebKit/537.36 (KHTML, like Gecko) Chrome/52.0.2743.116 Safari/537.36"
::1 - - [30/Aug/2016:09:50:03 +0000] "GET /layout/sidemenu.html HTTP/1.1" 304 - "http://localhost:30200/" "Mozilla/5.0 (Macintosh; Intel Mac OS X 10_10_5) AppleWebKit/537.36 (KHTML, like Gecko) Chrome/52.0.2743.116 Safari/537.36"
::1 - - [30/Aug/2016:09:50:03 +0000] "GET /layout/footer.html HTTP/1.1" 304 - "http://localhost:30200/" "Mozilla/5.0 (Macintosh; Intel Mac OS X 10_10_5) AppleWebKit/537.36 (KHTML, like Gecko) Chrome/52.0.2743.116 Safari/537.36"
::1 - - [30/Aug/2016:09:50:03 +0000] "GET /layout/topmenu.html HTTP/1.1" 304 - "http://localhost:30200/" "Mozilla/5.0 (Macintosh; Intel Mac OS X 10_10_5) AppleWebKit/537.36 (KHTML, like Gecko) Chrome/52.0.2743.116 Safari/537.36"
::1 - - [30/Aug/2016:09:50:03 +0000] "GET /billing/billing.html HTTP/1.1" 304 - "http://localhost:30200/" "Mozilla/5.0 (Macintosh; Intel Mac OS X 10_10_5) AppleWebKit/537.36 (KHTML, like Gecko) Chrome/52.0.2743.116 Safari/537.36"
::1 - - [30/Aug/2016:09:50:03 +0000] "GET /api/loggedin HTTP/1.1" 200 213 "http://localhost:30200/" "Mozilla/5.0 (Macintosh; Intel Mac OS X 10_10_5) AppleWebKit/537.36 (KHTML, like Gecko) Chrome/52.0.2743.116 Safari/537.36"
::1 - - [30/Aug/2016:09:50:03 +0000] "GET /assets/img/Ringotel_white2.svg HTTP/1.1" 304 - "http://localhost:30200/" "Mozilla/5.0 (Macintosh; Intel Mac OS X 10_10_5) AppleWebKit/537.36 (KHTML, like Gecko) Chrome/52.0.2743.116 Safari/537.36"
::1 - - [30/Aug/2016:09:50:03 +0000] "GET /assets/img/user.svg HTTP/1.1" 304 - "http://localhost:30200/" "Mozilla/5.0 (Macintosh; Intel Mac OS X 10_10_5) AppleWebKit/537.36 (KHTML, like Gecko) Chrome/52.0.2743.116 Safari/537.36"
::1 - - [30/Aug/2016:09:50:04 +0000] "POST /api/getCustomerBalance HTTP/1.1" 200 36 "http://localhost:30200/" "Mozilla/5.0 (Macintosh; Intel Mac OS X 10_10_5) AppleWebKit/537.36 (KHTML, like Gecko) Chrome/52.0.2743.116 Safari/537.36"
::1 - - [30/Aug/2016:09:50:04 +0000] "POST /api/transactions HTTP/1.1" 200 28 "http://localhost:30200/" "Mozilla/5.0 (Macintosh; Intel Mac OS X 10_10_5) AppleWebKit/537.36 (KHTML, like Gecko) Chrome/52.0.2743.116 Safari/537.36"
::1 - - [30/Aug/2016:09:50:04 +0000] "POST /api/charges HTTP/1.1" 500 121 "http://localhost:30200/" "Mozilla/5.0 (Macintosh; Intel Mac OS X 10_10_5) AppleWebKit/537.36 (KHTML, like Gecko) Chrome/52.0.2743.116 Safari/537.36"
::1 - - [30/Aug/2016:09:50:35 +0000] "GET / HTTP/1.1" 304 - "-" "Mozilla/5.0 (Macintosh; Intel Mac OS X 10_10_5) AppleWebKit/537.36 (KHTML, like Gecko) Chrome/52.0.2743.116 Safari/537.36"
::1 - - [30/Aug/2016:09:50:36 +0000] "GET /assets/fonts/css/font-awesome.min.css HTTP/1.1" 304 - "http://localhost:30200/" "Mozilla/5.0 (Macintosh; Intel Mac OS X 10_10_5) AppleWebKit/537.36 (KHTML, like Gecko) Chrome/52.0.2743.116 Safari/537.36"
::1 - - [30/Aug/2016:09:50:36 +0000] "GET /assets/css/lib/ngNotificationsBar.css HTTP/1.1" 304 - "http://localhost:30200/" "Mozilla/5.0 (Macintosh; Intel Mac OS X 10_10_5) AppleWebKit/537.36 (KHTML, like Gecko) Chrome/52.0.2743.116 Safari/537.36"
::1 - - [30/Aug/2016:09:50:36 +0000] "GET /assets/css/main.css HTTP/1.1" 304 - "http://localhost:30200/" "Mozilla/5.0 (Macintosh; Intel Mac OS X 10_10_5) AppleWebKit/537.36 (KHTML, like Gecko) Chrome/52.0.2743.116 Safari/537.36"
::1 - - [30/Aug/2016:09:50:36 +0000] "GET /lib/angular.min.js HTTP/1.1" 304 - "http://localhost:30200/" "Mozilla/5.0 (Macintosh; Intel Mac OS X 10_10_5) AppleWebKit/537.36 (KHTML, like Gecko) Chrome/52.0.2743.116 Safari/537.36"
::1 - - [30/Aug/2016:09:50:36 +0000] "GET /lib/angular-route.min.js HTTP/1.1" 304 - "http://localhost:30200/" "Mozilla/5.0 (Macintosh; Intel Mac OS X 10_10_5) AppleWebKit/537.36 (KHTML, like Gecko) Chrome/52.0.2743.116 Safari/537.36"
::1 - - [30/Aug/2016:09:50:36 +0000] "GET /lib/ngStorage.min.js HTTP/1.1" 304 - "http://localhost:30200/" "Mozilla/5.0 (Macintosh; Intel Mac OS X 10_10_5) AppleWebKit/537.36 (KHTML, like Gecko) Chrome/52.0.2743.116 Safari/537.36"
::1 - - [30/Aug/2016:09:50:36 +0000] "GET /lib/angular-local-storage.min.js HTTP/1.1" 304 - "http://localhost:30200/" "Mozilla/5.0 (Macintosh; Intel Mac OS X 10_10_5) AppleWebKit/537.36 (KHTML, like Gecko) Chrome/52.0.2743.116 Safari/537.36"
::1 - - [30/Aug/2016:09:50:36 +0000] "GET /lib/ngNotificationsBar.min.js HTTP/1.1" 304 - "http://localhost:30200/" "Mozilla/5.0 (Macintosh; Intel Mac OS X 10_10_5) AppleWebKit/537.36 (KHTML, like Gecko) Chrome/52.0.2743.116 Safari/537.36"
::1 - - [30/Aug/2016:09:50:36 +0000] "GET /lib/angular-sanitize.min.js HTTP/1.1" 304 - "http://localhost:30200/" "Mozilla/5.0 (Macintosh; Intel Mac OS X 10_10_5) AppleWebKit/537.36 (KHTML, like Gecko) Chrome/52.0.2743.116 Safari/537.36"
::1 - - [30/Aug/2016:09:50:36 +0000] "GET /lib/angular-translate.min.js HTTP/1.1" 304 - "http://localhost:30200/" "Mozilla/5.0 (Macintosh; Intel Mac OS X 10_10_5) AppleWebKit/537.36 (KHTML, like Gecko) Chrome/52.0.2743.116 Safari/537.36"
::1 - - [30/Aug/2016:09:50:36 +0000] "GET /lib/angular-translate-loader-static-files.min.js HTTP/1.1" 304 - "http://localhost:30200/" "Mozilla/5.0 (Macintosh; Intel Mac OS X 10_10_5) AppleWebKit/537.36 (KHTML, like Gecko) Chrome/52.0.2743.116 Safari/537.36"
::1 - - [30/Aug/2016:09:50:36 +0000] "GET /lib/moment.min.js HTTP/1.1" 304 - "http://localhost:30200/" "Mozilla/5.0 (Macintosh; Intel Mac OS X 10_10_5) AppleWebKit/537.36 (KHTML, like Gecko) Chrome/52.0.2743.116 Safari/537.36"
::1 - - [30/Aug/2016:09:50:36 +0000] "GET /lib/tmhDynamicLocale.min.js HTTP/1.1" 304 - "http://localhost:30200/" "Mozilla/5.0 (Macintosh; Intel Mac OS X 10_10_5) AppleWebKit/537.36 (KHTML, like Gecko) Chrome/52.0.2743.116 Safari/537.36"
::1 - - [30/Aug/2016:09:50:36 +0000] "GET /lib/ui-bootstrap-tpls.js HTTP/1.1" 304 - "http://localhost:30200/" "Mozilla/5.0 (Macintosh; Intel Mac OS X 10_10_5) AppleWebKit/537.36 (KHTML, like Gecko) Chrome/52.0.2743.116 Safari/537.36"
::1 - - [30/Aug/2016:09:50:36 +0000] "GET /all.js HTTP/1.1" 304 - "http://localhost:30200/" "Mozilla/5.0 (Macintosh; Intel Mac OS X 10_10_5) AppleWebKit/537.36 (KHTML, like Gecko) Chrome/52.0.2743.116 Safari/537.36"
::1 - - [30/Aug/2016:09:50:36 +0000] "GET /lib/angular.min.js.map HTTP/1.1" 404 1036 "-" "Mozilla/5.0 (Macintosh; Intel Mac OS X 10_10_5) AppleWebKit/537.36 (KHTML, like Gecko) Chrome/52.0.2743.116 Safari/537.36"
::1 - - [30/Aug/2016:09:50:36 +0000] "GET /lib/angular-route.min.js.map HTTP/1.1" 404 1036 "-" "Mozilla/5.0 (Macintosh; Intel Mac OS X 10_10_5) AppleWebKit/537.36 (KHTML, like Gecko) Chrome/52.0.2743.116 Safari/537.36"
::1 - - [30/Aug/2016:09:50:36 +0000] "GET /lib/angular-local-storage.min.js.map HTTP/1.1" 404 1036 "-" "Mozilla/5.0 (Macintosh; Intel Mac OS X 10_10_5) AppleWebKit/537.36 (KHTML, like Gecko) Chrome/52.0.2743.116 Safari/537.36"
::1 - - [30/Aug/2016:09:50:36 +0000] "GET /lib/angular-sanitize.min.js.map HTTP/1.1" 404 1036 "-" "Mozilla/5.0 (Macintosh; Intel Mac OS X 10_10_5) AppleWebKit/537.36 (KHTML, like Gecko) Chrome/52.0.2743.116 Safari/537.36"
::1 - - [30/Aug/2016:09:50:36 +0000] "GET /lib/tmhDynamicLocale.min.js.map HTTP/1.1" 404 1036 "-" "Mozilla/5.0 (Macintosh; Intel Mac OS X 10_10_5) AppleWebKit/537.36 (KHTML, like Gecko) Chrome/52.0.2743.116 Safari/537.36"
::1 - - [30/Aug/2016:09:50:36 +0000] "GET /assets/translations/locale-en.json HTTP/1.1" 304 - "http://localhost:30200/" "Mozilla/5.0 (Macintosh; Intel Mac OS X 10_10_5) AppleWebKit/537.36 (KHTML, like Gecko) Chrome/52.0.2743.116 Safari/537.36"
::1 - - [30/Aug/2016:09:50:36 +0000] "GET /layout/topmenu.html HTTP/1.1" 304 - "http://localhost:30200/" "Mozilla/5.0 (Macintosh; Intel Mac OS X 10_10_5) AppleWebKit/537.36 (KHTML, like Gecko) Chrome/52.0.2743.116 Safari/537.36"
::1 - - [30/Aug/2016:09:50:36 +0000] "GET /layout/sidemenu.html HTTP/1.1" 304 - "http://localhost:30200/" "Mozilla/5.0 (Macintosh; Intel Mac OS X 10_10_5) AppleWebKit/537.36 (KHTML, like Gecko) Chrome/52.0.2743.116 Safari/537.36"
::1 - - [30/Aug/2016:09:50:36 +0000] "GET /layout/footer.html HTTP/1.1" 304 - "http://localhost:30200/" "Mozilla/5.0 (Macintosh; Intel Mac OS X 10_10_5) AppleWebKit/537.36 (KHTML, like Gecko) Chrome/52.0.2743.116 Safari/537.36"
::1 - - [30/Aug/2016:09:50:36 +0000] "GET /billing/billing.html HTTP/1.1" 304 - "http://localhost:30200/" "Mozilla/5.0 (Macintosh; Intel Mac OS X 10_10_5) AppleWebKit/537.36 (KHTML, like Gecko) Chrome/52.0.2743.116 Safari/537.36"
::1 - - [30/Aug/2016:09:50:36 +0000] "GET /api/loggedin HTTP/1.1" 200 213 "http://localhost:30200/" "Mozilla/5.0 (Macintosh; Intel Mac OS X 10_10_5) AppleWebKit/537.36 (KHTML, like Gecko) Chrome/52.0.2743.116 Safari/537.36"
::1 - - [30/Aug/2016:09:50:36 +0000] "GET /assets/img/Ringotel_white2.svg HTTP/1.1" 304 - "http://localhost:30200/" "Mozilla/5.0 (Macintosh; Intel Mac OS X 10_10_5) AppleWebKit/537.36 (KHTML, like Gecko) Chrome/52.0.2743.116 Safari/537.36"
::1 - - [30/Aug/2016:09:50:36 +0000] "GET /assets/img/user.svg HTTP/1.1" 304 - "http://localhost:30200/" "Mozilla/5.0 (Macintosh; Intel Mac OS X 10_10_5) AppleWebKit/537.36 (KHTML, like Gecko) Chrome/52.0.2743.116 Safari/537.36"
::1 - - [30/Aug/2016:09:50:37 +0000] "POST /api/getCustomerBalance HTTP/1.1" 200 36 "http://localhost:30200/" "Mozilla/5.0 (Macintosh; Intel Mac OS X 10_10_5) AppleWebKit/537.36 (KHTML, like Gecko) Chrome/52.0.2743.116 Safari/537.36"
::1 - - [30/Aug/2016:09:50:37 +0000] "POST /api/transactions HTTP/1.1" 200 28 "http://localhost:30200/" "Mozilla/5.0 (Macintosh; Intel Mac OS X 10_10_5) AppleWebKit/537.36 (KHTML, like Gecko) Chrome/52.0.2743.116 Safari/537.36"
::1 - - [30/Aug/2016:09:50:37 +0000] "POST /api/charges HTTP/1.1" 500 120 "http://localhost:30200/" "Mozilla/5.0 (Macintosh; Intel Mac OS X 10_10_5) AppleWebKit/537.36 (KHTML, like Gecko) Chrome/52.0.2743.116 Safari/537.36"
::1 - - [30/Aug/2016:10:00:41 +0000] "GET / HTTP/1.1" 304 - "-" "Mozilla/5.0 (Macintosh; Intel Mac OS X 10_10_5) AppleWebKit/537.36 (KHTML, like Gecko) Chrome/52.0.2743.116 Safari/537.36"
::1 - - [30/Aug/2016:10:00:42 +0000] "GET /assets/fonts/css/font-awesome.min.css HTTP/1.1" 304 - "http://localhost:30200/" "Mozilla/5.0 (Macintosh; Intel Mac OS X 10_10_5) AppleWebKit/537.36 (KHTML, like Gecko) Chrome/52.0.2743.116 Safari/537.36"
::1 - - [30/Aug/2016:10:00:42 +0000] "GET /assets/css/lib/ngNotificationsBar.css HTTP/1.1" 304 - "http://localhost:30200/" "Mozilla/5.0 (Macintosh; Intel Mac OS X 10_10_5) AppleWebKit/537.36 (KHTML, like Gecko) Chrome/52.0.2743.116 Safari/537.36"
::1 - - [30/Aug/2016:10:00:42 +0000] "GET /assets/css/main.css HTTP/1.1" 304 - "http://localhost:30200/" "Mozilla/5.0 (Macintosh; Intel Mac OS X 10_10_5) AppleWebKit/537.36 (KHTML, like Gecko) Chrome/52.0.2743.116 Safari/537.36"
::1 - - [30/Aug/2016:10:00:42 +0000] "GET /lib/angular.min.js HTTP/1.1" 304 - "http://localhost:30200/" "Mozilla/5.0 (Macintosh; Intel Mac OS X 10_10_5) AppleWebKit/537.36 (KHTML, like Gecko) Chrome/52.0.2743.116 Safari/537.36"
::1 - - [30/Aug/2016:10:00:42 +0000] "GET /lib/angular-route.min.js HTTP/1.1" 304 - "http://localhost:30200/" "Mozilla/5.0 (Macintosh; Intel Mac OS X 10_10_5) AppleWebKit/537.36 (KHTML, like Gecko) Chrome/52.0.2743.116 Safari/537.36"
::1 - - [30/Aug/2016:10:00:42 +0000] "GET /lib/ngStorage.min.js HTTP/1.1" 304 - "http://localhost:30200/" "Mozilla/5.0 (Macintosh; Intel Mac OS X 10_10_5) AppleWebKit/537.36 (KHTML, like Gecko) Chrome/52.0.2743.116 Safari/537.36"
::1 - - [30/Aug/2016:10:00:42 +0000] "GET /lib/angular-local-storage.min.js HTTP/1.1" 304 - "http://localhost:30200/" "Mozilla/5.0 (Macintosh; Intel Mac OS X 10_10_5) AppleWebKit/537.36 (KHTML, like Gecko) Chrome/52.0.2743.116 Safari/537.36"
::1 - - [30/Aug/2016:10:00:42 +0000] "GET /lib/ngNotificationsBar.min.js HTTP/1.1" 304 - "http://localhost:30200/" "Mozilla/5.0 (Macintosh; Intel Mac OS X 10_10_5) AppleWebKit/537.36 (KHTML, like Gecko) Chrome/52.0.2743.116 Safari/537.36"
::1 - - [30/Aug/2016:10:00:42 +0000] "GET /lib/angular-sanitize.min.js HTTP/1.1" 304 - "http://localhost:30200/" "Mozilla/5.0 (Macintosh; Intel Mac OS X 10_10_5) AppleWebKit/537.36 (KHTML, like Gecko) Chrome/52.0.2743.116 Safari/537.36"
::1 - - [30/Aug/2016:10:00:42 +0000] "GET /lib/angular-translate.min.js HTTP/1.1" 304 - "http://localhost:30200/" "Mozilla/5.0 (Macintosh; Intel Mac OS X 10_10_5) AppleWebKit/537.36 (KHTML, like Gecko) Chrome/52.0.2743.116 Safari/537.36"
::1 - - [30/Aug/2016:10:00:42 +0000] "GET /lib/angular-translate-loader-static-files.min.js HTTP/1.1" 304 - "http://localhost:30200/" "Mozilla/5.0 (Macintosh; Intel Mac OS X 10_10_5) AppleWebKit/537.36 (KHTML, like Gecko) Chrome/52.0.2743.116 Safari/537.36"
::1 - - [30/Aug/2016:10:00:42 +0000] "GET /lib/moment.min.js HTTP/1.1" 304 - "http://localhost:30200/" "Mozilla/5.0 (Macintosh; Intel Mac OS X 10_10_5) AppleWebKit/537.36 (KHTML, like Gecko) Chrome/52.0.2743.116 Safari/537.36"
::1 - - [30/Aug/2016:10:00:42 +0000] "GET /lib/tmhDynamicLocale.min.js HTTP/1.1" 304 - "http://localhost:30200/" "Mozilla/5.0 (Macintosh; Intel Mac OS X 10_10_5) AppleWebKit/537.36 (KHTML, like Gecko) Chrome/52.0.2743.116 Safari/537.36"
::1 - - [30/Aug/2016:10:00:42 +0000] "GET /lib/ui-bootstrap-tpls.js HTTP/1.1" 304 - "http://localhost:30200/" "Mozilla/5.0 (Macintosh; Intel Mac OS X 10_10_5) AppleWebKit/537.36 (KHTML, like Gecko) Chrome/52.0.2743.116 Safari/537.36"
::1 - - [30/Aug/2016:10:00:42 +0000] "GET /all.js HTTP/1.1" 304 - "http://localhost:30200/" "Mozilla/5.0 (Macintosh; Intel Mac OS X 10_10_5) AppleWebKit/537.36 (KHTML, like Gecko) Chrome/52.0.2743.116 Safari/537.36"
::1 - - [30/Aug/2016:10:00:42 +0000] "GET /assets/translations/locale-en.json HTTP/1.1" 304 - "http://localhost:30200/" "Mozilla/5.0 (Macintosh; Intel Mac OS X 10_10_5) AppleWebKit/537.36 (KHTML, like Gecko) Chrome/52.0.2743.116 Safari/537.36"
::1 - - [30/Aug/2016:10:00:42 +0000] "GET /layout/topmenu.html HTTP/1.1" 304 - "http://localhost:30200/" "Mozilla/5.0 (Macintosh; Intel Mac OS X 10_10_5) AppleWebKit/537.36 (KHTML, like Gecko) Chrome/52.0.2743.116 Safari/537.36"
::1 - - [30/Aug/2016:10:00:42 +0000] "GET /layout/sidemenu.html HTTP/1.1" 304 - "http://localhost:30200/" "Mozilla/5.0 (Macintosh; Intel Mac OS X 10_10_5) AppleWebKit/537.36 (KHTML, like Gecko) Chrome/52.0.2743.116 Safari/537.36"
::1 - - [30/Aug/2016:10:00:42 +0000] "GET /layout/footer.html HTTP/1.1" 304 - "http://localhost:30200/" "Mozilla/5.0 (Macintosh; Intel Mac OS X 10_10_5) AppleWebKit/537.36 (KHTML, like Gecko) Chrome/52.0.2743.116 Safari/537.36"
::1 - - [30/Aug/2016:10:00:42 +0000] "GET /billing/billing.html HTTP/1.1" 304 - "http://localhost:30200/" "Mozilla/5.0 (Macintosh; Intel Mac OS X 10_10_5) AppleWebKit/537.36 (KHTML, like Gecko) Chrome/52.0.2743.116 Safari/537.36"
::1 - - [30/Aug/2016:10:00:42 +0000] "GET /assets/img/user.svg HTTP/1.1" 304 - "http://localhost:30200/" "Mozilla/5.0 (Macintosh; Intel Mac OS X 10_10_5) AppleWebKit/537.36 (KHTML, like Gecko) Chrome/52.0.2743.116 Safari/537.36"
::1 - - [30/Aug/2016:10:00:42 +0000] "GET /lib/angular.min.js.map HTTP/1.1" 404 1036 "-" "Mozilla/5.0 (Macintosh; Intel Mac OS X 10_10_5) AppleWebKit/537.36 (KHTML, like Gecko) Chrome/52.0.2743.116 Safari/537.36"
::1 - - [30/Aug/2016:10:00:42 +0000] "GET /lib/angular-sanitize.min.js.map HTTP/1.1" 404 1036 "-" "Mozilla/5.0 (Macintosh; Intel Mac OS X 10_10_5) AppleWebKit/537.36 (KHTML, like Gecko) Chrome/52.0.2743.116 Safari/537.36"
::1 - - [30/Aug/2016:10:00:42 +0000] "GET /lib/angular-local-storage.min.js.map HTTP/1.1" 404 1036 "-" "Mozilla/5.0 (Macintosh; Intel Mac OS X 10_10_5) AppleWebKit/537.36 (KHTML, like Gecko) Chrome/52.0.2743.116 Safari/537.36"
::1 - - [30/Aug/2016:10:00:42 +0000] "GET /lib/angular-route.min.js.map HTTP/1.1" 404 1036 "-" "Mozilla/5.0 (Macintosh; Intel Mac OS X 10_10_5) AppleWebKit/537.36 (KHTML, like Gecko) Chrome/52.0.2743.116 Safari/537.36"
::1 - - [30/Aug/2016:10:00:42 +0000] "GET /assets/img/Ringotel_white2.svg HTTP/1.1" 304 - "http://localhost:30200/" "Mozilla/5.0 (Macintosh; Intel Mac OS X 10_10_5) AppleWebKit/537.36 (KHTML, like Gecko) Chrome/52.0.2743.116 Safari/537.36"
::1 - - [30/Aug/2016:10:00:42 +0000] "GET /api/loggedin HTTP/1.1" 200 213 "http://localhost:30200/" "Mozilla/5.0 (Macintosh; Intel Mac OS X 10_10_5) AppleWebKit/537.36 (KHTML, like Gecko) Chrome/52.0.2743.116 Safari/537.36"
::1 - - [30/Aug/2016:10:00:42 +0000] "GET /lib/tmhDynamicLocale.min.js.map HTTP/1.1" 404 1036 "-" "Mozilla/5.0 (Macintosh; Intel Mac OS X 10_10_5) AppleWebKit/537.36 (KHTML, like Gecko) Chrome/52.0.2743.116 Safari/537.36"
::1 - - [30/Aug/2016:10:00:43 +0000] "GET /assets/fonts/fonts/fontawesome-webfont.woff2?v=4.3.0 HTTP/1.1" 304 - "http://localhost:30200/" "Mozilla/5.0 (Macintosh; Intel Mac OS X 10_10_5) AppleWebKit/537.36 (KHTML, like Gecko) Chrome/52.0.2743.116 Safari/537.36"
::1 - - [30/Aug/2016:10:00:43 +0000] "POST /api/getCustomerBalance HTTP/1.1" 200 36 "http://localhost:30200/" "Mozilla/5.0 (Macintosh; Intel Mac OS X 10_10_5) AppleWebKit/537.36 (KHTML, like Gecko) Chrome/52.0.2743.116 Safari/537.36"
::1 - - [30/Aug/2016:10:00:43 +0000] "POST /api/transactions HTTP/1.1" 200 28 "http://localhost:30200/" "Mozilla/5.0 (Macintosh; Intel Mac OS X 10_10_5) AppleWebKit/537.36 (KHTML, like Gecko) Chrome/52.0.2743.116 Safari/537.36"
::1 - - [30/Aug/2016:10:00:44 +0000] "POST /api/charges HTTP/1.1" 500 120 "http://localhost:30200/" "Mozilla/5.0 (Macintosh; Intel Mac OS X 10_10_5) AppleWebKit/537.36 (KHTML, like Gecko) Chrome/52.0.2743.116 Safari/537.36"
::1 - - [30/Aug/2016:10:02:05 +0000] "GET / HTTP/1.1" 304 - "-" "Mozilla/5.0 (Macintosh; Intel Mac OS X 10_10_5) AppleWebKit/537.36 (KHTML, like Gecko) Chrome/52.0.2743.116 Safari/537.36"
::1 - - [30/Aug/2016:10:02:06 +0000] "GET /assets/fonts/css/font-awesome.min.css HTTP/1.1" 304 - "http://localhost:30200/" "Mozilla/5.0 (Macintosh; Intel Mac OS X 10_10_5) AppleWebKit/537.36 (KHTML, like Gecko) Chrome/52.0.2743.116 Safari/537.36"
::1 - - [30/Aug/2016:10:02:06 +0000] "GET /assets/css/lib/ngNotificationsBar.css HTTP/1.1" 304 - "http://localhost:30200/" "Mozilla/5.0 (Macintosh; Intel Mac OS X 10_10_5) AppleWebKit/537.36 (KHTML, like Gecko) Chrome/52.0.2743.116 Safari/537.36"
::1 - - [30/Aug/2016:10:02:06 +0000] "GET /assets/css/main.css HTTP/1.1" 304 - "http://localhost:30200/" "Mozilla/5.0 (Macintosh; Intel Mac OS X 10_10_5) AppleWebKit/537.36 (KHTML, like Gecko) Chrome/52.0.2743.116 Safari/537.36"
::1 - - [30/Aug/2016:10:02:06 +0000] "GET /lib/angular.min.js HTTP/1.1" 304 - "http://localhost:30200/" "Mozilla/5.0 (Macintosh; Intel Mac OS X 10_10_5) AppleWebKit/537.36 (KHTML, like Gecko) Chrome/52.0.2743.116 Safari/537.36"
::1 - - [30/Aug/2016:10:02:06 +0000] "GET /lib/angular-route.min.js HTTP/1.1" 304 - "http://localhost:30200/" "Mozilla/5.0 (Macintosh; Intel Mac OS X 10_10_5) AppleWebKit/537.36 (KHTML, like Gecko) Chrome/52.0.2743.116 Safari/537.36"
::1 - - [30/Aug/2016:10:02:06 +0000] "GET /lib/ngStorage.min.js HTTP/1.1" 304 - "http://localhost:30200/" "Mozilla/5.0 (Macintosh; Intel Mac OS X 10_10_5) AppleWebKit/537.36 (KHTML, like Gecko) Chrome/52.0.2743.116 Safari/537.36"
::1 - - [30/Aug/2016:10:02:06 +0000] "GET /lib/angular-local-storage.min.js HTTP/1.1" 304 - "http://localhost:30200/" "Mozilla/5.0 (Macintosh; Intel Mac OS X 10_10_5) AppleWebKit/537.36 (KHTML, like Gecko) Chrome/52.0.2743.116 Safari/537.36"
::1 - - [30/Aug/2016:10:02:06 +0000] "GET /lib/ngNotificationsBar.min.js HTTP/1.1" 304 - "http://localhost:30200/" "Mozilla/5.0 (Macintosh; Intel Mac OS X 10_10_5) AppleWebKit/537.36 (KHTML, like Gecko) Chrome/52.0.2743.116 Safari/537.36"
::1 - - [30/Aug/2016:10:02:06 +0000] "GET /lib/angular-sanitize.min.js HTTP/1.1" 304 - "http://localhost:30200/" "Mozilla/5.0 (Macintosh; Intel Mac OS X 10_10_5) AppleWebKit/537.36 (KHTML, like Gecko) Chrome/52.0.2743.116 Safari/537.36"
::1 - - [30/Aug/2016:10:02:06 +0000] "GET /lib/angular-translate.min.js HTTP/1.1" 304 - "http://localhost:30200/" "Mozilla/5.0 (Macintosh; Intel Mac OS X 10_10_5) AppleWebKit/537.36 (KHTML, like Gecko) Chrome/52.0.2743.116 Safari/537.36"
::1 - - [30/Aug/2016:10:02:06 +0000] "GET /lib/angular-translate-loader-static-files.min.js HTTP/1.1" 304 - "http://localhost:30200/" "Mozilla/5.0 (Macintosh; Intel Mac OS X 10_10_5) AppleWebKit/537.36 (KHTML, like Gecko) Chrome/52.0.2743.116 Safari/537.36"
::1 - - [30/Aug/2016:10:02:06 +0000] "GET /lib/moment.min.js HTTP/1.1" 304 - "http://localhost:30200/" "Mozilla/5.0 (Macintosh; Intel Mac OS X 10_10_5) AppleWebKit/537.36 (KHTML, like Gecko) Chrome/52.0.2743.116 Safari/537.36"
::1 - - [30/Aug/2016:10:02:06 +0000] "GET /lib/tmhDynamicLocale.min.js HTTP/1.1" 304 - "http://localhost:30200/" "Mozilla/5.0 (Macintosh; Intel Mac OS X 10_10_5) AppleWebKit/537.36 (KHTML, like Gecko) Chrome/52.0.2743.116 Safari/537.36"
::1 - - [30/Aug/2016:10:02:06 +0000] "GET /lib/ui-bootstrap-tpls.js HTTP/1.1" 304 - "http://localhost:30200/" "Mozilla/5.0 (Macintosh; Intel Mac OS X 10_10_5) AppleWebKit/537.36 (KHTML, like Gecko) Chrome/52.0.2743.116 Safari/537.36"
::1 - - [30/Aug/2016:10:02:06 +0000] "GET /all.js HTTP/1.1" 304 - "http://localhost:30200/" "Mozilla/5.0 (Macintosh; Intel Mac OS X 10_10_5) AppleWebKit/537.36 (KHTML, like Gecko) Chrome/52.0.2743.116 Safari/537.36"
::1 - - [30/Aug/2016:10:02:06 +0000] "GET /lib/angular.min.js.map HTTP/1.1" 404 1036 "-" "Mozilla/5.0 (Macintosh; Intel Mac OS X 10_10_5) AppleWebKit/537.36 (KHTML, like Gecko) Chrome/52.0.2743.116 Safari/537.36"
::1 - - [30/Aug/2016:10:02:06 +0000] "GET /lib/angular-route.min.js.map HTTP/1.1" 404 1036 "-" "Mozilla/5.0 (Macintosh; Intel Mac OS X 10_10_5) AppleWebKit/537.36 (KHTML, like Gecko) Chrome/52.0.2743.116 Safari/537.36"
::1 - - [30/Aug/2016:10:02:06 +0000] "GET /lib/angular-local-storage.min.js.map HTTP/1.1" 404 1036 "-" "Mozilla/5.0 (Macintosh; Intel Mac OS X 10_10_5) AppleWebKit/537.36 (KHTML, like Gecko) Chrome/52.0.2743.116 Safari/537.36"
::1 - - [30/Aug/2016:10:02:06 +0000] "GET /lib/angular-sanitize.min.js.map HTTP/1.1" 404 1036 "-" "Mozilla/5.0 (Macintosh; Intel Mac OS X 10_10_5) AppleWebKit/537.36 (KHTML, like Gecko) Chrome/52.0.2743.116 Safari/537.36"
::1 - - [30/Aug/2016:10:02:06 +0000] "GET /lib/tmhDynamicLocale.min.js.map HTTP/1.1" 404 1036 "-" "Mozilla/5.0 (Macintosh; Intel Mac OS X 10_10_5) AppleWebKit/537.36 (KHTML, like Gecko) Chrome/52.0.2743.116 Safari/537.36"
::1 - - [30/Aug/2016:10:02:07 +0000] "GET /assets/translations/locale-en.json HTTP/1.1" 304 - "http://localhost:30200/" "Mozilla/5.0 (Macintosh; Intel Mac OS X 10_10_5) AppleWebKit/537.36 (KHTML, like Gecko) Chrome/52.0.2743.116 Safari/537.36"
::1 - - [30/Aug/2016:10:02:07 +0000] "GET /layout/topmenu.html HTTP/1.1" 304 - "http://localhost:30200/" "Mozilla/5.0 (Macintosh; Intel Mac OS X 10_10_5) AppleWebKit/537.36 (KHTML, like Gecko) Chrome/52.0.2743.116 Safari/537.36"
::1 - - [30/Aug/2016:10:02:07 +0000] "GET /layout/sidemenu.html HTTP/1.1" 304 - "http://localhost:30200/" "Mozilla/5.0 (Macintosh; Intel Mac OS X 10_10_5) AppleWebKit/537.36 (KHTML, like Gecko) Chrome/52.0.2743.116 Safari/537.36"
::1 - - [30/Aug/2016:10:02:07 +0000] "GET /layout/footer.html HTTP/1.1" 304 - "http://localhost:30200/" "Mozilla/5.0 (Macintosh; Intel Mac OS X 10_10_5) AppleWebKit/537.36 (KHTML, like Gecko) Chrome/52.0.2743.116 Safari/537.36"
::1 - - [30/Aug/2016:10:02:07 +0000] "GET /billing/billing.html HTTP/1.1" 304 - "http://localhost:30200/" "Mozilla/5.0 (Macintosh; Intel Mac OS X 10_10_5) AppleWebKit/537.36 (KHTML, like Gecko) Chrome/52.0.2743.116 Safari/537.36"
::1 - - [30/Aug/2016:10:02:07 +0000] "GET /api/loggedin HTTP/1.1" 200 213 "http://localhost:30200/" "Mozilla/5.0 (Macintosh; Intel Mac OS X 10_10_5) AppleWebKit/537.36 (KHTML, like Gecko) Chrome/52.0.2743.116 Safari/537.36"
::1 - - [30/Aug/2016:10:02:07 +0000] "GET /assets/img/user.svg HTTP/1.1" 304 - "http://localhost:30200/" "Mozilla/5.0 (Macintosh; Intel Mac OS X 10_10_5) AppleWebKit/537.36 (KHTML, like Gecko) Chrome/52.0.2743.116 Safari/537.36"
::1 - - [30/Aug/2016:10:02:07 +0000] "GET /assets/img/Ringotel_white2.svg HTTP/1.1" 304 - "http://localhost:30200/" "Mozilla/5.0 (Macintosh; Intel Mac OS X 10_10_5) AppleWebKit/537.36 (KHTML, like Gecko) Chrome/52.0.2743.116 Safari/537.36"
::1 - - [30/Aug/2016:10:02:08 +0000] "POST /api/getCustomerBalance HTTP/1.1" 200 36 "http://localhost:30200/" "Mozilla/5.0 (Macintosh; Intel Mac OS X 10_10_5) AppleWebKit/537.36 (KHTML, like Gecko) Chrome/52.0.2743.116 Safari/537.36"
::1 - - [30/Aug/2016:10:02:08 +0000] "POST /api/transactions HTTP/1.1" 200 28 "http://localhost:30200/" "Mozilla/5.0 (Macintosh; Intel Mac OS X 10_10_5) AppleWebKit/537.36 (KHTML, like Gecko) Chrome/52.0.2743.116 Safari/537.36"
::1 - - [30/Aug/2016:10:02:08 +0000] "POST /api/charges HTTP/1.1" 500 121 "http://localhost:30200/" "Mozilla/5.0 (Macintosh; Intel Mac OS X 10_10_5) AppleWebKit/537.36 (KHTML, like Gecko) Chrome/52.0.2743.116 Safari/537.36"
::1 - - [30/Aug/2016:10:04:32 +0000] "GET / HTTP/1.1" 304 - "-" "Mozilla/5.0 (Macintosh; Intel Mac OS X 10_10_5) AppleWebKit/537.36 (KHTML, like Gecko) Chrome/52.0.2743.116 Safari/537.36"
::1 - - [30/Aug/2016:10:04:33 +0000] "GET /assets/fonts/css/font-awesome.min.css HTTP/1.1" 304 - "http://localhost:30200/" "Mozilla/5.0 (Macintosh; Intel Mac OS X 10_10_5) AppleWebKit/537.36 (KHTML, like Gecko) Chrome/52.0.2743.116 Safari/537.36"
::1 - - [30/Aug/2016:10:04:33 +0000] "GET /assets/css/lib/ngNotificationsBar.css HTTP/1.1" 304 - "http://localhost:30200/" "Mozilla/5.0 (Macintosh; Intel Mac OS X 10_10_5) AppleWebKit/537.36 (KHTML, like Gecko) Chrome/52.0.2743.116 Safari/537.36"
::1 - - [30/Aug/2016:10:04:33 +0000] "GET /assets/css/main.css HTTP/1.1" 304 - "http://localhost:30200/" "Mozilla/5.0 (Macintosh; Intel Mac OS X 10_10_5) AppleWebKit/537.36 (KHTML, like Gecko) Chrome/52.0.2743.116 Safari/537.36"
::1 - - [30/Aug/2016:10:04:33 +0000] "GET /lib/angular.min.js HTTP/1.1" 304 - "http://localhost:30200/" "Mozilla/5.0 (Macintosh; Intel Mac OS X 10_10_5) AppleWebKit/537.36 (KHTML, like Gecko) Chrome/52.0.2743.116 Safari/537.36"
::1 - - [30/Aug/2016:10:04:33 +0000] "GET /lib/angular-route.min.js HTTP/1.1" 304 - "http://localhost:30200/" "Mozilla/5.0 (Macintosh; Intel Mac OS X 10_10_5) AppleWebKit/537.36 (KHTML, like Gecko) Chrome/52.0.2743.116 Safari/537.36"
::1 - - [30/Aug/2016:10:04:33 +0000] "GET /lib/ngStorage.min.js HTTP/1.1" 304 - "http://localhost:30200/" "Mozilla/5.0 (Macintosh; Intel Mac OS X 10_10_5) AppleWebKit/537.36 (KHTML, like Gecko) Chrome/52.0.2743.116 Safari/537.36"
::1 - - [30/Aug/2016:10:04:33 +0000] "GET /lib/angular-local-storage.min.js HTTP/1.1" 304 - "http://localhost:30200/" "Mozilla/5.0 (Macintosh; Intel Mac OS X 10_10_5) AppleWebKit/537.36 (KHTML, like Gecko) Chrome/52.0.2743.116 Safari/537.36"
::1 - - [30/Aug/2016:10:04:33 +0000] "GET /lib/ngNotificationsBar.min.js HTTP/1.1" 304 - "http://localhost:30200/" "Mozilla/5.0 (Macintosh; Intel Mac OS X 10_10_5) AppleWebKit/537.36 (KHTML, like Gecko) Chrome/52.0.2743.116 Safari/537.36"
::1 - - [30/Aug/2016:10:04:33 +0000] "GET /lib/angular-sanitize.min.js HTTP/1.1" 304 - "http://localhost:30200/" "Mozilla/5.0 (Macintosh; Intel Mac OS X 10_10_5) AppleWebKit/537.36 (KHTML, like Gecko) Chrome/52.0.2743.116 Safari/537.36"
::1 - - [30/Aug/2016:10:04:33 +0000] "GET /lib/angular-translate.min.js HTTP/1.1" 304 - "http://localhost:30200/" "Mozilla/5.0 (Macintosh; Intel Mac OS X 10_10_5) AppleWebKit/537.36 (KHTML, like Gecko) Chrome/52.0.2743.116 Safari/537.36"
::1 - - [30/Aug/2016:10:04:33 +0000] "GET /lib/angular-translate-loader-static-files.min.js HTTP/1.1" 304 - "http://localhost:30200/" "Mozilla/5.0 (Macintosh; Intel Mac OS X 10_10_5) AppleWebKit/537.36 (KHTML, like Gecko) Chrome/52.0.2743.116 Safari/537.36"
::1 - - [30/Aug/2016:10:04:33 +0000] "GET /lib/moment.min.js HTTP/1.1" 304 - "http://localhost:30200/" "Mozilla/5.0 (Macintosh; Intel Mac OS X 10_10_5) AppleWebKit/537.36 (KHTML, like Gecko) Chrome/52.0.2743.116 Safari/537.36"
::1 - - [30/Aug/2016:10:04:33 +0000] "GET /lib/tmhDynamicLocale.min.js HTTP/1.1" 304 - "http://localhost:30200/" "Mozilla/5.0 (Macintosh; Intel Mac OS X 10_10_5) AppleWebKit/537.36 (KHTML, like Gecko) Chrome/52.0.2743.116 Safari/537.36"
::1 - - [30/Aug/2016:10:04:33 +0000] "GET /lib/ui-bootstrap-tpls.js HTTP/1.1" 304 - "http://localhost:30200/" "Mozilla/5.0 (Macintosh; Intel Mac OS X 10_10_5) AppleWebKit/537.36 (KHTML, like Gecko) Chrome/52.0.2743.116 Safari/537.36"
::1 - - [30/Aug/2016:10:04:33 +0000] "GET /all.js HTTP/1.1" 304 - "http://localhost:30200/" "Mozilla/5.0 (Macintosh; Intel Mac OS X 10_10_5) AppleWebKit/537.36 (KHTML, like Gecko) Chrome/52.0.2743.116 Safari/537.36"
::1 - - [30/Aug/2016:10:04:33 +0000] "GET /lib/angular.min.js.map HTTP/1.1" 404 1036 "-" "Mozilla/5.0 (Macintosh; Intel Mac OS X 10_10_5) AppleWebKit/537.36 (KHTML, like Gecko) Chrome/52.0.2743.116 Safari/537.36"
::1 - - [30/Aug/2016:10:04:33 +0000] "GET /lib/angular-route.min.js.map HTTP/1.1" 404 1036 "-" "Mozilla/5.0 (Macintosh; Intel Mac OS X 10_10_5) AppleWebKit/537.36 (KHTML, like Gecko) Chrome/52.0.2743.116 Safari/537.36"
::1 - - [30/Aug/2016:10:04:33 +0000] "GET /lib/angular-local-storage.min.js.map HTTP/1.1" 404 1036 "-" "Mozilla/5.0 (Macintosh; Intel Mac OS X 10_10_5) AppleWebKit/537.36 (KHTML, like Gecko) Chrome/52.0.2743.116 Safari/537.36"
::1 - - [30/Aug/2016:10:04:33 +0000] "GET /lib/angular-sanitize.min.js.map HTTP/1.1" 404 1036 "-" "Mozilla/5.0 (Macintosh; Intel Mac OS X 10_10_5) AppleWebKit/537.36 (KHTML, like Gecko) Chrome/52.0.2743.116 Safari/537.36"
::1 - - [30/Aug/2016:10:04:33 +0000] "GET /lib/tmhDynamicLocale.min.js.map HTTP/1.1" 404 1036 "-" "Mozilla/5.0 (Macintosh; Intel Mac OS X 10_10_5) AppleWebKit/537.36 (KHTML, like Gecko) Chrome/52.0.2743.116 Safari/537.36"
::1 - - [30/Aug/2016:10:04:33 +0000] "GET /assets/translations/locale-en.json HTTP/1.1" 304 - "http://localhost:30200/" "Mozilla/5.0 (Macintosh; Intel Mac OS X 10_10_5) AppleWebKit/537.36 (KHTML, like Gecko) Chrome/52.0.2743.116 Safari/537.36"
::1 - - [30/Aug/2016:10:04:33 +0000] "GET /layout/topmenu.html HTTP/1.1" 304 - "http://localhost:30200/" "Mozilla/5.0 (Macintosh; Intel Mac OS X 10_10_5) AppleWebKit/537.36 (KHTML, like Gecko) Chrome/52.0.2743.116 Safari/537.36"
::1 - - [30/Aug/2016:10:04:33 +0000] "GET /layout/sidemenu.html HTTP/1.1" 304 - "http://localhost:30200/" "Mozilla/5.0 (Macintosh; Intel Mac OS X 10_10_5) AppleWebKit/537.36 (KHTML, like Gecko) Chrome/52.0.2743.116 Safari/537.36"
::1 - - [30/Aug/2016:10:04:33 +0000] "GET /layout/footer.html HTTP/1.1" 304 - "http://localhost:30200/" "Mozilla/5.0 (Macintosh; Intel Mac OS X 10_10_5) AppleWebKit/537.36 (KHTML, like Gecko) Chrome/52.0.2743.116 Safari/537.36"
::1 - - [30/Aug/2016:10:04:33 +0000] "GET /billing/billing.html HTTP/1.1" 304 - "http://localhost:30200/" "Mozilla/5.0 (Macintosh; Intel Mac OS X 10_10_5) AppleWebKit/537.36 (KHTML, like Gecko) Chrome/52.0.2743.116 Safari/537.36"
::1 - - [30/Aug/2016:10:04:33 +0000] "GET /api/loggedin HTTP/1.1" 200 213 "http://localhost:30200/" "Mozilla/5.0 (Macintosh; Intel Mac OS X 10_10_5) AppleWebKit/537.36 (KHTML, like Gecko) Chrome/52.0.2743.116 Safari/537.36"
::1 - - [30/Aug/2016:10:04:33 +0000] "GET /assets/img/Ringotel_white2.svg HTTP/1.1" 304 - "http://localhost:30200/" "Mozilla/5.0 (Macintosh; Intel Mac OS X 10_10_5) AppleWebKit/537.36 (KHTML, like Gecko) Chrome/52.0.2743.116 Safari/537.36"
::1 - - [30/Aug/2016:10:04:33 +0000] "GET /assets/img/user.svg HTTP/1.1" 304 - "http://localhost:30200/" "Mozilla/5.0 (Macintosh; Intel Mac OS X 10_10_5) AppleWebKit/537.36 (KHTML, like Gecko) Chrome/52.0.2743.116 Safari/537.36"
::1 - - [30/Aug/2016:10:04:34 +0000] "POST /api/getCustomerBalance HTTP/1.1" 200 36 "http://localhost:30200/" "Mozilla/5.0 (Macintosh; Intel Mac OS X 10_10_5) AppleWebKit/537.36 (KHTML, like Gecko) Chrome/52.0.2743.116 Safari/537.36"
::1 - - [30/Aug/2016:10:04:34 +0000] "POST /api/transactions HTTP/1.1" 200 28 "http://localhost:30200/" "Mozilla/5.0 (Macintosh; Intel Mac OS X 10_10_5) AppleWebKit/537.36 (KHTML, like Gecko) Chrome/52.0.2743.116 Safari/537.36"
::1 - - [30/Aug/2016:10:04:34 +0000] "POST /api/charges HTTP/1.1" 200 347 "http://localhost:30200/" "Mozilla/5.0 (Macintosh; Intel Mac OS X 10_10_5) AppleWebKit/537.36 (KHTML, like Gecko) Chrome/52.0.2743.116 Safari/537.36"
::1 - - [30/Aug/2016:10:10:06 +0000] "GET / HTTP/1.1" 304 - "-" "Mozilla/5.0 (Macintosh; Intel Mac OS X 10_10_5) AppleWebKit/537.36 (KHTML, like Gecko) Chrome/52.0.2743.116 Safari/537.36"
::1 - - [30/Aug/2016:10:10:07 +0000] "GET /assets/fonts/css/font-awesome.min.css HTTP/1.1" 304 - "http://localhost:30200/" "Mozilla/5.0 (Macintosh; Intel Mac OS X 10_10_5) AppleWebKit/537.36 (KHTML, like Gecko) Chrome/52.0.2743.116 Safari/537.36"
::1 - - [30/Aug/2016:10:10:07 +0000] "GET /assets/css/lib/ngNotificationsBar.css HTTP/1.1" 304 - "http://localhost:30200/" "Mozilla/5.0 (Macintosh; Intel Mac OS X 10_10_5) AppleWebKit/537.36 (KHTML, like Gecko) Chrome/52.0.2743.116 Safari/537.36"
::1 - - [30/Aug/2016:10:10:07 +0000] "GET /assets/css/main.css HTTP/1.1" 304 - "http://localhost:30200/" "Mozilla/5.0 (Macintosh; Intel Mac OS X 10_10_5) AppleWebKit/537.36 (KHTML, like Gecko) Chrome/52.0.2743.116 Safari/537.36"
::1 - - [30/Aug/2016:10:10:07 +0000] "GET /lib/angular.min.js HTTP/1.1" 304 - "http://localhost:30200/" "Mozilla/5.0 (Macintosh; Intel Mac OS X 10_10_5) AppleWebKit/537.36 (KHTML, like Gecko) Chrome/52.0.2743.116 Safari/537.36"
::1 - - [30/Aug/2016:10:10:07 +0000] "GET /lib/angular-route.min.js HTTP/1.1" 304 - "http://localhost:30200/" "Mozilla/5.0 (Macintosh; Intel Mac OS X 10_10_5) AppleWebKit/537.36 (KHTML, like Gecko) Chrome/52.0.2743.116 Safari/537.36"
::1 - - [30/Aug/2016:10:10:07 +0000] "GET /lib/ngStorage.min.js HTTP/1.1" 304 - "http://localhost:30200/" "Mozilla/5.0 (Macintosh; Intel Mac OS X 10_10_5) AppleWebKit/537.36 (KHTML, like Gecko) Chrome/52.0.2743.116 Safari/537.36"
::1 - - [30/Aug/2016:10:10:07 +0000] "GET /lib/angular-local-storage.min.js HTTP/1.1" 304 - "http://localhost:30200/" "Mozilla/5.0 (Macintosh; Intel Mac OS X 10_10_5) AppleWebKit/537.36 (KHTML, like Gecko) Chrome/52.0.2743.116 Safari/537.36"
::1 - - [30/Aug/2016:10:10:07 +0000] "GET /lib/ngNotificationsBar.min.js HTTP/1.1" 304 - "http://localhost:30200/" "Mozilla/5.0 (Macintosh; Intel Mac OS X 10_10_5) AppleWebKit/537.36 (KHTML, like Gecko) Chrome/52.0.2743.116 Safari/537.36"
::1 - - [30/Aug/2016:10:10:07 +0000] "GET /lib/angular-sanitize.min.js HTTP/1.1" 304 - "http://localhost:30200/" "Mozilla/5.0 (Macintosh; Intel Mac OS X 10_10_5) AppleWebKit/537.36 (KHTML, like Gecko) Chrome/52.0.2743.116 Safari/537.36"
::1 - - [30/Aug/2016:10:10:07 +0000] "GET /lib/angular-translate.min.js HTTP/1.1" 304 - "http://localhost:30200/" "Mozilla/5.0 (Macintosh; Intel Mac OS X 10_10_5) AppleWebKit/537.36 (KHTML, like Gecko) Chrome/52.0.2743.116 Safari/537.36"
::1 - - [30/Aug/2016:10:10:07 +0000] "GET /lib/angular-translate-loader-static-files.min.js HTTP/1.1" 304 - "http://localhost:30200/" "Mozilla/5.0 (Macintosh; Intel Mac OS X 10_10_5) AppleWebKit/537.36 (KHTML, like Gecko) Chrome/52.0.2743.116 Safari/537.36"
::1 - - [30/Aug/2016:10:10:07 +0000] "GET /lib/moment.min.js HTTP/1.1" 304 - "http://localhost:30200/" "Mozilla/5.0 (Macintosh; Intel Mac OS X 10_10_5) AppleWebKit/537.36 (KHTML, like Gecko) Chrome/52.0.2743.116 Safari/537.36"
::1 - - [30/Aug/2016:10:10:07 +0000] "GET /lib/tmhDynamicLocale.min.js HTTP/1.1" 304 - "http://localhost:30200/" "Mozilla/5.0 (Macintosh; Intel Mac OS X 10_10_5) AppleWebKit/537.36 (KHTML, like Gecko) Chrome/52.0.2743.116 Safari/537.36"
::1 - - [30/Aug/2016:10:10:07 +0000] "GET /lib/ui-bootstrap-tpls.js HTTP/1.1" 304 - "http://localhost:30200/" "Mozilla/5.0 (Macintosh; Intel Mac OS X 10_10_5) AppleWebKit/537.36 (KHTML, like Gecko) Chrome/52.0.2743.116 Safari/537.36"
::1 - - [30/Aug/2016:10:10:07 +0000] "GET /all.js HTTP/1.1" 304 - "http://localhost:30200/" "Mozilla/5.0 (Macintosh; Intel Mac OS X 10_10_5) AppleWebKit/537.36 (KHTML, like Gecko) Chrome/52.0.2743.116 Safari/537.36"
::1 - - [30/Aug/2016:10:10:07 +0000] "GET /lib/angular-route.min.js.map HTTP/1.1" 404 1036 "-" "Mozilla/5.0 (Macintosh; Intel Mac OS X 10_10_5) AppleWebKit/537.36 (KHTML, like Gecko) Chrome/52.0.2743.116 Safari/537.36"
::1 - - [30/Aug/2016:10:10:07 +0000] "GET /lib/angular.min.js.map HTTP/1.1" 404 1036 "-" "Mozilla/5.0 (Macintosh; Intel Mac OS X 10_10_5) AppleWebKit/537.36 (KHTML, like Gecko) Chrome/52.0.2743.116 Safari/537.36"
::1 - - [30/Aug/2016:10:10:07 +0000] "GET /lib/angular-local-storage.min.js.map HTTP/1.1" 404 1036 "-" "Mozilla/5.0 (Macintosh; Intel Mac OS X 10_10_5) AppleWebKit/537.36 (KHTML, like Gecko) Chrome/52.0.2743.116 Safari/537.36"
::1 - - [30/Aug/2016:10:10:07 +0000] "GET /lib/angular-sanitize.min.js.map HTTP/1.1" 404 1036 "-" "Mozilla/5.0 (Macintosh; Intel Mac OS X 10_10_5) AppleWebKit/537.36 (KHTML, like Gecko) Chrome/52.0.2743.116 Safari/537.36"
::1 - - [30/Aug/2016:10:10:07 +0000] "GET /lib/tmhDynamicLocale.min.js.map HTTP/1.1" 404 1036 "-" "Mozilla/5.0 (Macintosh; Intel Mac OS X 10_10_5) AppleWebKit/537.36 (KHTML, like Gecko) Chrome/52.0.2743.116 Safari/537.36"
::1 - - [30/Aug/2016:10:10:07 +0000] "GET /assets/translations/locale-en.json HTTP/1.1" 304 - "http://localhost:30200/" "Mozilla/5.0 (Macintosh; Intel Mac OS X 10_10_5) AppleWebKit/537.36 (KHTML, like Gecko) Chrome/52.0.2743.116 Safari/537.36"
::1 - - [30/Aug/2016:10:10:07 +0000] "GET /layout/topmenu.html HTTP/1.1" 304 - "http://localhost:30200/" "Mozilla/5.0 (Macintosh; Intel Mac OS X 10_10_5) AppleWebKit/537.36 (KHTML, like Gecko) Chrome/52.0.2743.116 Safari/537.36"
::1 - - [30/Aug/2016:10:10:07 +0000] "GET /layout/sidemenu.html HTTP/1.1" 304 - "http://localhost:30200/" "Mozilla/5.0 (Macintosh; Intel Mac OS X 10_10_5) AppleWebKit/537.36 (KHTML, like Gecko) Chrome/52.0.2743.116 Safari/537.36"
::1 - - [30/Aug/2016:10:10:07 +0000] "GET /layout/footer.html HTTP/1.1" 304 - "http://localhost:30200/" "Mozilla/5.0 (Macintosh; Intel Mac OS X 10_10_5) AppleWebKit/537.36 (KHTML, like Gecko) Chrome/52.0.2743.116 Safari/537.36"
::1 - - [30/Aug/2016:10:10:07 +0000] "GET /billing/billing.html HTTP/1.1" 304 - "http://localhost:30200/" "Mozilla/5.0 (Macintosh; Intel Mac OS X 10_10_5) AppleWebKit/537.36 (KHTML, like Gecko) Chrome/52.0.2743.116 Safari/537.36"
::1 - - [30/Aug/2016:10:10:07 +0000] "GET /assets/img/Ringotel_white2.svg HTTP/1.1" 304 - "http://localhost:30200/" "Mozilla/5.0 (Macintosh; Intel Mac OS X 10_10_5) AppleWebKit/537.36 (KHTML, like Gecko) Chrome/52.0.2743.116 Safari/537.36"
::1 - - [30/Aug/2016:10:10:07 +0000] "GET /assets/img/user.svg HTTP/1.1" 304 - "http://localhost:30200/" "Mozilla/5.0 (Macintosh; Intel Mac OS X 10_10_5) AppleWebKit/537.36 (KHTML, like Gecko) Chrome/52.0.2743.116 Safari/537.36"
::1 - - [30/Aug/2016:10:10:08 +0000] "GET /api/loggedin HTTP/1.1" 200 213 "http://localhost:30200/" "Mozilla/5.0 (Macintosh; Intel Mac OS X 10_10_5) AppleWebKit/537.36 (KHTML, like Gecko) Chrome/52.0.2743.116 Safari/537.36"
::1 - - [30/Aug/2016:10:10:09 +0000] "POST /api/getCustomerBalance HTTP/1.1" 200 36 "http://localhost:30200/" "Mozilla/5.0 (Macintosh; Intel Mac OS X 10_10_5) AppleWebKit/537.36 (KHTML, like Gecko) Chrome/52.0.2743.116 Safari/537.36"
::1 - - [30/Aug/2016:10:10:09 +0000] "POST /api/transactions HTTP/1.1" 200 28 "http://localhost:30200/" "Mozilla/5.0 (Macintosh; Intel Mac OS X 10_10_5) AppleWebKit/537.36 (KHTML, like Gecko) Chrome/52.0.2743.116 Safari/537.36"
::1 - - [30/Aug/2016:10:10:09 +0000] "POST /api/charges HTTP/1.1" 200 547 "http://localhost:30200/" "Mozilla/5.0 (Macintosh; Intel Mac OS X 10_10_5) AppleWebKit/537.36 (KHTML, like Gecko) Chrome/52.0.2743.116 Safari/537.36"
