::1 - - [28/Aug/2016:21:04:49 +0000] "GET / HTTP/1.1" 304 - "-" "Mozilla/5.0 (Macintosh; Intel Mac OS X 10_10_5) AppleWebKit/537.36 (KHTML, like Gecko) Chrome/52.0.2743.116 Safari/537.36"
::1 - - [28/Aug/2016:21:04:50 +0000] "GET /assets/fonts/css/font-awesome.min.css HTTP/1.1" 304 - "http://localhost:30200/" "Mozilla/5.0 (Macintosh; Intel Mac OS X 10_10_5) AppleWebKit/537.36 (KHTML, like Gecko) Chrome/52.0.2743.116 Safari/537.36"
::1 - - [28/Aug/2016:21:04:50 +0000] "GET /assets/css/lib/ngNotificationsBar.css HTTP/1.1" 304 - "http://localhost:30200/" "Mozilla/5.0 (Macintosh; Intel Mac OS X 10_10_5) AppleWebKit/537.36 (KHTML, like Gecko) Chrome/52.0.2743.116 Safari/537.36"
::1 - - [28/Aug/2016:21:04:50 +0000] "GET /assets/css/main.css HTTP/1.1" 304 - "http://localhost:30200/" "Mozilla/5.0 (Macintosh; Intel Mac OS X 10_10_5) AppleWebKit/537.36 (KHTML, like Gecko) Chrome/52.0.2743.116 Safari/537.36"
::1 - - [28/Aug/2016:21:04:50 +0000] "GET /lib/angular.min.js HTTP/1.1" 304 - "http://localhost:30200/" "Mozilla/5.0 (Macintosh; Intel Mac OS X 10_10_5) AppleWebKit/537.36 (KHTML, like Gecko) Chrome/52.0.2743.116 Safari/537.36"
::1 - - [28/Aug/2016:21:04:50 +0000] "GET /lib/angular-route.min.js HTTP/1.1" 304 - "http://localhost:30200/" "Mozilla/5.0 (Macintosh; Intel Mac OS X 10_10_5) AppleWebKit/537.36 (KHTML, like Gecko) Chrome/52.0.2743.116 Safari/537.36"
::1 - - [28/Aug/2016:21:04:50 +0000] "GET /lib/ngStorage.min.js HTTP/1.1" 304 - "http://localhost:30200/" "Mozilla/5.0 (Macintosh; Intel Mac OS X 10_10_5) AppleWebKit/537.36 (KHTML, like Gecko) Chrome/52.0.2743.116 Safari/537.36"
::1 - - [28/Aug/2016:21:04:50 +0000] "GET /lib/angular-local-storage.min.js HTTP/1.1" 304 - "http://localhost:30200/" "Mozilla/5.0 (Macintosh; Intel Mac OS X 10_10_5) AppleWebKit/537.36 (KHTML, like Gecko) Chrome/52.0.2743.116 Safari/537.36"
::1 - - [28/Aug/2016:21:04:50 +0000] "GET /lib/ngNotificationsBar.min.js HTTP/1.1" 304 - "http://localhost:30200/" "Mozilla/5.0 (Macintosh; Intel Mac OS X 10_10_5) AppleWebKit/537.36 (KHTML, like Gecko) Chrome/52.0.2743.116 Safari/537.36"
::1 - - [28/Aug/2016:21:04:50 +0000] "GET /lib/angular-sanitize.min.js HTTP/1.1" 304 - "http://localhost:30200/" "Mozilla/5.0 (Macintosh; Intel Mac OS X 10_10_5) AppleWebKit/537.36 (KHTML, like Gecko) Chrome/52.0.2743.116 Safari/537.36"
::1 - - [28/Aug/2016:21:04:50 +0000] "GET /lib/angular-translate.min.js HTTP/1.1" 304 - "http://localhost:30200/" "Mozilla/5.0 (Macintosh; Intel Mac OS X 10_10_5) AppleWebKit/537.36 (KHTML, like Gecko) Chrome/52.0.2743.116 Safari/537.36"
::1 - - [28/Aug/2016:21:04:50 +0000] "GET /lib/angular-translate-loader-static-files.min.js HTTP/1.1" 304 - "http://localhost:30200/" "Mozilla/5.0 (Macintosh; Intel Mac OS X 10_10_5) AppleWebKit/537.36 (KHTML, like Gecko) Chrome/52.0.2743.116 Safari/537.36"
::1 - - [28/Aug/2016:21:04:50 +0000] "GET /lib/tmhDynamicLocale.min.js HTTP/1.1" 304 - "http://localhost:30200/" "Mozilla/5.0 (Macintosh; Intel Mac OS X 10_10_5) AppleWebKit/537.36 (KHTML, like Gecko) Chrome/52.0.2743.116 Safari/537.36"
::1 - - [28/Aug/2016:21:04:50 +0000] "GET /lib/moment.min.js HTTP/1.1" 304 - "http://localhost:30200/" "Mozilla/5.0 (Macintosh; Intel Mac OS X 10_10_5) AppleWebKit/537.36 (KHTML, like Gecko) Chrome/52.0.2743.116 Safari/537.36"
::1 - - [28/Aug/2016:21:04:50 +0000] "GET /lib/ui-bootstrap-tpls.js HTTP/1.1" 304 - "http://localhost:30200/" "Mozilla/5.0 (Macintosh; Intel Mac OS X 10_10_5) AppleWebKit/537.36 (KHTML, like Gecko) Chrome/52.0.2743.116 Safari/537.36"
::1 - - [28/Aug/2016:21:04:50 +0000] "GET /all.js HTTP/1.1" 304 - "http://localhost:30200/" "Mozilla/5.0 (Macintosh; Intel Mac OS X 10_10_5) AppleWebKit/537.36 (KHTML, like Gecko) Chrome/52.0.2743.116 Safari/537.36"
::1 - - [28/Aug/2016:21:04:50 +0000] "GET /assets/translations/locale-en.json HTTP/1.1" 304 - "http://localhost:30200/" "Mozilla/5.0 (Macintosh; Intel Mac OS X 10_10_5) AppleWebKit/537.36 (KHTML, like Gecko) Chrome/52.0.2743.116 Safari/537.36"
::1 - - [28/Aug/2016:21:04:50 +0000] "GET /layout/topmenu.html HTTP/1.1" 304 - "http://localhost:30200/" "Mozilla/5.0 (Macintosh; Intel Mac OS X 10_10_5) AppleWebKit/537.36 (KHTML, like Gecko) Chrome/52.0.2743.116 Safari/537.36"
::1 - - [28/Aug/2016:21:04:50 +0000] "GET /layout/sidemenu.html HTTP/1.1" 304 - "http://localhost:30200/" "Mozilla/5.0 (Macintosh; Intel Mac OS X 10_10_5) AppleWebKit/537.36 (KHTML, like Gecko) Chrome/52.0.2743.116 Safari/537.36"
::1 - - [28/Aug/2016:21:04:50 +0000] "GET /layout/footer.html HTTP/1.1" 304 - "http://localhost:30200/" "Mozilla/5.0 (Macintosh; Intel Mac OS X 10_10_5) AppleWebKit/537.36 (KHTML, like Gecko) Chrome/52.0.2743.116 Safari/537.36"
::1 - - [28/Aug/2016:21:04:50 +0000] "GET /billing/billing.html HTTP/1.1" 304 - "http://localhost:30200/" "Mozilla/5.0 (Macintosh; Intel Mac OS X 10_10_5) AppleWebKit/537.36 (KHTML, like Gecko) Chrome/52.0.2743.116 Safari/537.36"
::1 - - [28/Aug/2016:21:04:50 +0000] "GET /lib/angular.min.js.map HTTP/1.1" 404 1036 "-" "Mozilla/5.0 (Macintosh; Intel Mac OS X 10_10_5) AppleWebKit/537.36 (KHTML, like Gecko) Chrome/52.0.2743.116 Safari/537.36"
::1 - - [28/Aug/2016:21:04:50 +0000] "GET /lib/angular-route.min.js.map HTTP/1.1" 404 1036 "-" "Mozilla/5.0 (Macintosh; Intel Mac OS X 10_10_5) AppleWebKit/537.36 (KHTML, like Gecko) Chrome/52.0.2743.116 Safari/537.36"
::1 - - [28/Aug/2016:21:04:50 +0000] "GET /lib/angular-sanitize.min.js.map HTTP/1.1" 404 1036 "-" "Mozilla/5.0 (Macintosh; Intel Mac OS X 10_10_5) AppleWebKit/537.36 (KHTML, like Gecko) Chrome/52.0.2743.116 Safari/537.36"
::1 - - [28/Aug/2016:21:04:50 +0000] "GET /lib/angular-local-storage.min.js.map HTTP/1.1" 404 1036 "-" "Mozilla/5.0 (Macintosh; Intel Mac OS X 10_10_5) AppleWebKit/537.36 (KHTML, like Gecko) Chrome/52.0.2743.116 Safari/537.36"
::1 - - [28/Aug/2016:21:04:50 +0000] "GET /lib/tmhDynamicLocale.min.js.map HTTP/1.1" 404 1036 "-" "Mozilla/5.0 (Macintosh; Intel Mac OS X 10_10_5) AppleWebKit/537.36 (KHTML, like Gecko) Chrome/52.0.2743.116 Safari/537.36"
::1 - - [28/Aug/2016:21:04:50 +0000] "GET /api/loggedin HTTP/1.1" 403 44 "http://localhost:30200/" "Mozilla/5.0 (Macintosh; Intel Mac OS X 10_10_5) AppleWebKit/537.36 (KHTML, like Gecko) Chrome/52.0.2743.116 Safari/537.36"
::1 - - [28/Aug/2016:21:04:50 +0000] "GET /assets/img/Ringotel_white2.svg HTTP/1.1" 304 - "http://localhost:30200/" "Mozilla/5.0 (Macintosh; Intel Mac OS X 10_10_5) AppleWebKit/537.36 (KHTML, like Gecko) Chrome/52.0.2743.116 Safari/537.36"
::1 - - [28/Aug/2016:21:04:50 +0000] "GET /assets/img/user.svg HTTP/1.1" 304 - "http://localhost:30200/" "Mozilla/5.0 (Macintosh; Intel Mac OS X 10_10_5) AppleWebKit/537.36 (KHTML, like Gecko) Chrome/52.0.2743.116 Safari/537.36"
::1 - - [28/Aug/2016:21:04:51 +0000] "GET /auth/login.html HTTP/1.1" 304 - "http://localhost:30200/" "Mozilla/5.0 (Macintosh; Intel Mac OS X 10_10_5) AppleWebKit/537.36 (KHTML, like Gecko) Chrome/52.0.2743.116 Safari/537.36"
::1 - - [28/Aug/2016:21:04:51 +0000] "GET /assets/img/Ringotel%206.svg HTTP/1.1" 304 - "http://localhost:30200/" "Mozilla/5.0 (Macintosh; Intel Mac OS X 10_10_5) AppleWebKit/537.36 (KHTML, like Gecko) Chrome/52.0.2743.116 Safari/537.36"
::1 - - [28/Aug/2016:21:04:55 +0000] "POST /api/login HTTP/1.1" 200 637 "http://localhost:30200/" "Mozilla/5.0 (Macintosh; Intel Mac OS X 10_10_5) AppleWebKit/537.36 (KHTML, like Gecko) Chrome/52.0.2743.116 Safari/537.36"
::1 - - [28/Aug/2016:21:04:55 +0000] "GET /dashboard/dashboard.html HTTP/1.1" 304 - "http://localhost:30200/" "Mozilla/5.0 (Macintosh; Intel Mac OS X 10_10_5) AppleWebKit/537.36 (KHTML, like Gecko) Chrome/52.0.2743.116 Safari/537.36"
::1 - - [28/Aug/2016:21:04:55 +0000] "GET /api/loggedin HTTP/1.1" 200 213 "http://localhost:30200/" "Mozilla/5.0 (Macintosh; Intel Mac OS X 10_10_5) AppleWebKit/537.36 (KHTML, like Gecko) Chrome/52.0.2743.116 Safari/537.36"
::1 - - [28/Aug/2016:21:04:55 +0000] "GET /assets/fonts/fonts/fontawesome-webfont.woff2?v=4.3.0 HTTP/1.1" 304 - "http://localhost:30200/" "Mozilla/5.0 (Macintosh; Intel Mac OS X 10_10_5) AppleWebKit/537.36 (KHTML, like Gecko) Chrome/52.0.2743.116 Safari/537.36"
::1 - - [28/Aug/2016:21:04:55 +0000] "POST /api/getCustomerBalance HTTP/1.1" 200 35 "http://localhost:30200/" "Mozilla/5.0 (Macintosh; Intel Mac OS X 10_10_5) AppleWebKit/537.36 (KHTML, like Gecko) Chrome/52.0.2743.116 Safari/537.36"
::1 - - [28/Aug/2016:21:04:56 +0000] "POST /api/getPlans HTTP/1.1" 200 2345 "http://localhost:30200/" "Mozilla/5.0 (Macintosh; Intel Mac OS X 10_10_5) AppleWebKit/537.36 (KHTML, like Gecko) Chrome/52.0.2743.116 Safari/537.36"
::1 - - [28/Aug/2016:21:04:56 +0000] "POST /api/getBranches HTTP/1.1" 200 13150 "http://localhost:30200/" "Mozilla/5.0 (Macintosh; Intel Mac OS X 10_10_5) AppleWebKit/537.36 (KHTML, like Gecko) Chrome/52.0.2743.116 Safari/537.36"
::1 - - [28/Aug/2016:21:04:56 +0000] "GET /dashboard/dash-instance.html HTTP/1.1" 304 - "http://localhost:30200/" "Mozilla/5.0 (Macintosh; Intel Mac OS X 10_10_5) AppleWebKit/537.36 (KHTML, like Gecko) Chrome/52.0.2743.116 Safari/537.36"
::1 - - [28/Aug/2016:21:04:56 +0000] "GET /api/loggedin HTTP/1.1" 200 213 "http://localhost:30200/" "Mozilla/5.0 (Macintosh; Intel Mac OS X 10_10_5) AppleWebKit/537.36 (KHTML, like Gecko) Chrome/52.0.2743.116 Safari/537.36"
::1 - - [28/Aug/2016:21:04:56 +0000] "POST /api/getCustomerBalance HTTP/1.1" 200 35 "http://localhost:30200/" "Mozilla/5.0 (Macintosh; Intel Mac OS X 10_10_5) AppleWebKit/537.36 (KHTML, like Gecko) Chrome/52.0.2743.116 Safari/537.36"
::1 - - [28/Aug/2016:21:04:56 +0000] "POST /api/transactions HTTP/1.1" 200 28 "http://localhost:30200/" "Mozilla/5.0 (Macintosh; Intel Mac OS X 10_10_5) AppleWebKit/537.36 (KHTML, like Gecko) Chrome/52.0.2743.116 Safari/537.36"
::1 - - [28/Aug/2016:21:04:57 +0000] "POST /api/charges HTTP/1.1" 200 202 "http://localhost:30200/" "Mozilla/5.0 (Macintosh; Intel Mac OS X 10_10_5) AppleWebKit/537.36 (KHTML, like Gecko) Chrome/52.0.2743.116 Safari/537.36"
::1 - - [28/Aug/2016:21:08:06 +0000] "GET / HTTP/1.1" 304 - "-" "Mozilla/5.0 (Macintosh; Intel Mac OS X 10_10_5) AppleWebKit/537.36 (KHTML, like Gecko) Chrome/52.0.2743.116 Safari/537.36"
::1 - - [28/Aug/2016:21:08:06 +0000] "GET /assets/fonts/css/font-awesome.min.css HTTP/1.1" 304 - "http://localhost:30200/" "Mozilla/5.0 (Macintosh; Intel Mac OS X 10_10_5) AppleWebKit/537.36 (KHTML, like Gecko) Chrome/52.0.2743.116 Safari/537.36"
::1 - - [28/Aug/2016:21:08:06 +0000] "GET /assets/css/lib/ngNotificationsBar.css HTTP/1.1" 304 - "http://localhost:30200/" "Mozilla/5.0 (Macintosh; Intel Mac OS X 10_10_5) AppleWebKit/537.36 (KHTML, like Gecko) Chrome/52.0.2743.116 Safari/537.36"
::1 - - [28/Aug/2016:21:08:06 +0000] "GET /assets/css/main.css HTTP/1.1" 304 - "http://localhost:30200/" "Mozilla/5.0 (Macintosh; Intel Mac OS X 10_10_5) AppleWebKit/537.36 (KHTML, like Gecko) Chrome/52.0.2743.116 Safari/537.36"
::1 - - [28/Aug/2016:21:08:06 +0000] "GET /lib/angular.min.js HTTP/1.1" 304 - "http://localhost:30200/" "Mozilla/5.0 (Macintosh; Intel Mac OS X 10_10_5) AppleWebKit/537.36 (KHTML, like Gecko) Chrome/52.0.2743.116 Safari/537.36"
::1 - - [28/Aug/2016:21:08:06 +0000] "GET /lib/angular-route.min.js HTTP/1.1" 304 - "http://localhost:30200/" "Mozilla/5.0 (Macintosh; Intel Mac OS X 10_10_5) AppleWebKit/537.36 (KHTML, like Gecko) Chrome/52.0.2743.116 Safari/537.36"
::1 - - [28/Aug/2016:21:08:06 +0000] "GET /lib/ngStorage.min.js HTTP/1.1" 304 - "http://localhost:30200/" "Mozilla/5.0 (Macintosh; Intel Mac OS X 10_10_5) AppleWebKit/537.36 (KHTML, like Gecko) Chrome/52.0.2743.116 Safari/537.36"
::1 - - [28/Aug/2016:21:08:06 +0000] "GET /lib/angular-local-storage.min.js HTTP/1.1" 304 - "http://localhost:30200/" "Mozilla/5.0 (Macintosh; Intel Mac OS X 10_10_5) AppleWebKit/537.36 (KHTML, like Gecko) Chrome/52.0.2743.116 Safari/537.36"
::1 - - [28/Aug/2016:21:08:06 +0000] "GET /lib/ngNotificationsBar.min.js HTTP/1.1" 304 - "http://localhost:30200/" "Mozilla/5.0 (Macintosh; Intel Mac OS X 10_10_5) AppleWebKit/537.36 (KHTML, like Gecko) Chrome/52.0.2743.116 Safari/537.36"
::1 - - [28/Aug/2016:21:08:06 +0000] "GET /lib/angular-sanitize.min.js HTTP/1.1" 304 - "http://localhost:30200/" "Mozilla/5.0 (Macintosh; Intel Mac OS X 10_10_5) AppleWebKit/537.36 (KHTML, like Gecko) Chrome/52.0.2743.116 Safari/537.36"
::1 - - [28/Aug/2016:21:08:06 +0000] "GET /lib/angular-translate.min.js HTTP/1.1" 304 - "http://localhost:30200/" "Mozilla/5.0 (Macintosh; Intel Mac OS X 10_10_5) AppleWebKit/537.36 (KHTML, like Gecko) Chrome/52.0.2743.116 Safari/537.36"
::1 - - [28/Aug/2016:21:08:06 +0000] "GET /lib/angular-translate-loader-static-files.min.js HTTP/1.1" 304 - "http://localhost:30200/" "Mozilla/5.0 (Macintosh; Intel Mac OS X 10_10_5) AppleWebKit/537.36 (KHTML, like Gecko) Chrome/52.0.2743.116 Safari/537.36"
::1 - - [28/Aug/2016:21:08:06 +0000] "GET /lib/moment.min.js HTTP/1.1" 304 - "http://localhost:30200/" "Mozilla/5.0 (Macintosh; Intel Mac OS X 10_10_5) AppleWebKit/537.36 (KHTML, like Gecko) Chrome/52.0.2743.116 Safari/537.36"
::1 - - [28/Aug/2016:21:08:06 +0000] "GET /lib/tmhDynamicLocale.min.js HTTP/1.1" 304 - "http://localhost:30200/" "Mozilla/5.0 (Macintosh; Intel Mac OS X 10_10_5) AppleWebKit/537.36 (KHTML, like Gecko) Chrome/52.0.2743.116 Safari/537.36"
::1 - - [28/Aug/2016:21:08:06 +0000] "GET /lib/ui-bootstrap-tpls.js HTTP/1.1" 304 - "http://localhost:30200/" "Mozilla/5.0 (Macintosh; Intel Mac OS X 10_10_5) AppleWebKit/537.36 (KHTML, like Gecko) Chrome/52.0.2743.116 Safari/537.36"
::1 - - [28/Aug/2016:21:08:06 +0000] "GET /all.js HTTP/1.1" 304 - "http://localhost:30200/" "Mozilla/5.0 (Macintosh; Intel Mac OS X 10_10_5) AppleWebKit/537.36 (KHTML, like Gecko) Chrome/52.0.2743.116 Safari/537.36"
::1 - - [28/Aug/2016:21:08:06 +0000] "GET /lib/angular.min.js.map HTTP/1.1" 404 1036 "-" "Mozilla/5.0 (Macintosh; Intel Mac OS X 10_10_5) AppleWebKit/537.36 (KHTML, like Gecko) Chrome/52.0.2743.116 Safari/537.36"
::1 - - [28/Aug/2016:21:08:06 +0000] "GET /lib/angular-route.min.js.map HTTP/1.1" 404 1036 "-" "Mozilla/5.0 (Macintosh; Intel Mac OS X 10_10_5) AppleWebKit/537.36 (KHTML, like Gecko) Chrome/52.0.2743.116 Safari/537.36"
::1 - - [28/Aug/2016:21:08:06 +0000] "GET /lib/angular-local-storage.min.js.map HTTP/1.1" 404 1036 "-" "Mozilla/5.0 (Macintosh; Intel Mac OS X 10_10_5) AppleWebKit/537.36 (KHTML, like Gecko) Chrome/52.0.2743.116 Safari/537.36"
::1 - - [28/Aug/2016:21:08:07 +0000] "GET /lib/angular-sanitize.min.js.map HTTP/1.1" 404 1036 "-" "Mozilla/5.0 (Macintosh; Intel Mac OS X 10_10_5) AppleWebKit/537.36 (KHTML, like Gecko) Chrome/52.0.2743.116 Safari/537.36"
::1 - - [28/Aug/2016:21:08:07 +0000] "GET /lib/tmhDynamicLocale.min.js.map HTTP/1.1" 404 1036 "-" "Mozilla/5.0 (Macintosh; Intel Mac OS X 10_10_5) AppleWebKit/537.36 (KHTML, like Gecko) Chrome/52.0.2743.116 Safari/537.36"
::1 - - [28/Aug/2016:21:08:07 +0000] "GET /assets/translations/locale-en.json HTTP/1.1" 304 - "http://localhost:30200/" "Mozilla/5.0 (Macintosh; Intel Mac OS X 10_10_5) AppleWebKit/537.36 (KHTML, like Gecko) Chrome/52.0.2743.116 Safari/537.36"
::1 - - [28/Aug/2016:21:08:07 +0000] "GET /layout/topmenu.html HTTP/1.1" 304 - "http://localhost:30200/" "Mozilla/5.0 (Macintosh; Intel Mac OS X 10_10_5) AppleWebKit/537.36 (KHTML, like Gecko) Chrome/52.0.2743.116 Safari/537.36"
::1 - - [28/Aug/2016:21:08:07 +0000] "GET /layout/sidemenu.html HTTP/1.1" 304 - "http://localhost:30200/" "Mozilla/5.0 (Macintosh; Intel Mac OS X 10_10_5) AppleWebKit/537.36 (KHTML, like Gecko) Chrome/52.0.2743.116 Safari/537.36"
::1 - - [28/Aug/2016:21:08:07 +0000] "GET /layout/footer.html HTTP/1.1" 304 - "http://localhost:30200/" "Mozilla/5.0 (Macintosh; Intel Mac OS X 10_10_5) AppleWebKit/537.36 (KHTML, like Gecko) Chrome/52.0.2743.116 Safari/537.36"
::1 - - [28/Aug/2016:21:08:07 +0000] "GET /billing/billing.html HTTP/1.1" 304 - "http://localhost:30200/" "Mozilla/5.0 (Macintosh; Intel Mac OS X 10_10_5) AppleWebKit/537.36 (KHTML, like Gecko) Chrome/52.0.2743.116 Safari/537.36"
::1 - - [28/Aug/2016:21:08:07 +0000] "GET /api/loggedin HTTP/1.1" 200 213 "http://localhost:30200/" "Mozilla/5.0 (Macintosh; Intel Mac OS X 10_10_5) AppleWebKit/537.36 (KHTML, like Gecko) Chrome/52.0.2743.116 Safari/537.36"
::1 - - [28/Aug/2016:21:08:07 +0000] "GET /assets/img/Ringotel_white2.svg HTTP/1.1" 304 - "http://localhost:30200/" "Mozilla/5.0 (Macintosh; Intel Mac OS X 10_10_5) AppleWebKit/537.36 (KHTML, like Gecko) Chrome/52.0.2743.116 Safari/537.36"
::1 - - [28/Aug/2016:21:08:07 +0000] "GET /assets/img/user.svg HTTP/1.1" 304 - "http://localhost:30200/" "Mozilla/5.0 (Macintosh; Intel Mac OS X 10_10_5) AppleWebKit/537.36 (KHTML, like Gecko) Chrome/52.0.2743.116 Safari/537.36"
::1 - - [28/Aug/2016:21:08:08 +0000] "POST /api/getCustomerBalance HTTP/1.1" 200 35 "http://localhost:30200/" "Mozilla/5.0 (Macintosh; Intel Mac OS X 10_10_5) AppleWebKit/537.36 (KHTML, like Gecko) Chrome/52.0.2743.116 Safari/537.36"
::1 - - [28/Aug/2016:21:08:08 +0000] "POST /api/transactions HTTP/1.1" 200 28 "http://localhost:30200/" "Mozilla/5.0 (Macintosh; Intel Mac OS X 10_10_5) AppleWebKit/537.36 (KHTML, like Gecko) Chrome/52.0.2743.116 Safari/537.36"
::1 - - [28/Aug/2016:21:08:08 +0000] "POST /api/charges HTTP/1.1" 200 202 "http://localhost:30200/" "Mozilla/5.0 (Macintosh; Intel Mac OS X 10_10_5) AppleWebKit/537.36 (KHTML, like Gecko) Chrome/52.0.2743.116 Safari/537.36"
::1 - - [28/Aug/2016:21:12:22 +0000] "GET / HTTP/1.1" 304 - "-" "Mozilla/5.0 (Macintosh; Intel Mac OS X 10_10_5) AppleWebKit/537.36 (KHTML, like Gecko) Chrome/52.0.2743.116 Safari/537.36"
::1 - - [28/Aug/2016:21:12:23 +0000] "GET /assets/fonts/css/font-awesome.min.css HTTP/1.1" 304 - "http://localhost:30200/" "Mozilla/5.0 (Macintosh; Intel Mac OS X 10_10_5) AppleWebKit/537.36 (KHTML, like Gecko) Chrome/52.0.2743.116 Safari/537.36"
::1 - - [28/Aug/2016:21:12:23 +0000] "GET /assets/css/lib/ngNotificationsBar.css HTTP/1.1" 304 - "http://localhost:30200/" "Mozilla/5.0 (Macintosh; Intel Mac OS X 10_10_5) AppleWebKit/537.36 (KHTML, like Gecko) Chrome/52.0.2743.116 Safari/537.36"
::1 - - [28/Aug/2016:21:12:23 +0000] "GET /assets/css/main.css HTTP/1.1" 304 - "http://localhost:30200/" "Mozilla/5.0 (Macintosh; Intel Mac OS X 10_10_5) AppleWebKit/537.36 (KHTML, like Gecko) Chrome/52.0.2743.116 Safari/537.36"
::1 - - [28/Aug/2016:21:12:23 +0000] "GET /lib/angular.min.js HTTP/1.1" 304 - "http://localhost:30200/" "Mozilla/5.0 (Macintosh; Intel Mac OS X 10_10_5) AppleWebKit/537.36 (KHTML, like Gecko) Chrome/52.0.2743.116 Safari/537.36"
::1 - - [28/Aug/2016:21:12:23 +0000] "GET /lib/angular-route.min.js HTTP/1.1" 304 - "http://localhost:30200/" "Mozilla/5.0 (Macintosh; Intel Mac OS X 10_10_5) AppleWebKit/537.36 (KHTML, like Gecko) Chrome/52.0.2743.116 Safari/537.36"
::1 - - [28/Aug/2016:21:12:23 +0000] "GET /lib/ngStorage.min.js HTTP/1.1" 304 - "http://localhost:30200/" "Mozilla/5.0 (Macintosh; Intel Mac OS X 10_10_5) AppleWebKit/537.36 (KHTML, like Gecko) Chrome/52.0.2743.116 Safari/537.36"
::1 - - [28/Aug/2016:21:12:23 +0000] "GET /lib/angular-local-storage.min.js HTTP/1.1" 304 - "http://localhost:30200/" "Mozilla/5.0 (Macintosh; Intel Mac OS X 10_10_5) AppleWebKit/537.36 (KHTML, like Gecko) Chrome/52.0.2743.116 Safari/537.36"
::1 - - [28/Aug/2016:21:12:23 +0000] "GET /lib/ngNotificationsBar.min.js HTTP/1.1" 304 - "http://localhost:30200/" "Mozilla/5.0 (Macintosh; Intel Mac OS X 10_10_5) AppleWebKit/537.36 (KHTML, like Gecko) Chrome/52.0.2743.116 Safari/537.36"
::1 - - [28/Aug/2016:21:12:23 +0000] "GET /lib/angular-sanitize.min.js HTTP/1.1" 304 - "http://localhost:30200/" "Mozilla/5.0 (Macintosh; Intel Mac OS X 10_10_5) AppleWebKit/537.36 (KHTML, like Gecko) Chrome/52.0.2743.116 Safari/537.36"
::1 - - [28/Aug/2016:21:12:23 +0000] "GET /lib/angular-translate.min.js HTTP/1.1" 304 - "http://localhost:30200/" "Mozilla/5.0 (Macintosh; Intel Mac OS X 10_10_5) AppleWebKit/537.36 (KHTML, like Gecko) Chrome/52.0.2743.116 Safari/537.36"
::1 - - [28/Aug/2016:21:12:23 +0000] "GET /lib/angular-translate-loader-static-files.min.js HTTP/1.1" 304 - "http://localhost:30200/" "Mozilla/5.0 (Macintosh; Intel Mac OS X 10_10_5) AppleWebKit/537.36 (KHTML, like Gecko) Chrome/52.0.2743.116 Safari/537.36"
::1 - - [28/Aug/2016:21:12:23 +0000] "GET /lib/moment.min.js HTTP/1.1" 304 - "http://localhost:30200/" "Mozilla/5.0 (Macintosh; Intel Mac OS X 10_10_5) AppleWebKit/537.36 (KHTML, like Gecko) Chrome/52.0.2743.116 Safari/537.36"
::1 - - [28/Aug/2016:21:12:23 +0000] "GET /lib/tmhDynamicLocale.min.js HTTP/1.1" 304 - "http://localhost:30200/" "Mozilla/5.0 (Macintosh; Intel Mac OS X 10_10_5) AppleWebKit/537.36 (KHTML, like Gecko) Chrome/52.0.2743.116 Safari/537.36"
::1 - - [28/Aug/2016:21:12:23 +0000] "GET /lib/ui-bootstrap-tpls.js HTTP/1.1" 304 - "http://localhost:30200/" "Mozilla/5.0 (Macintosh; Intel Mac OS X 10_10_5) AppleWebKit/537.36 (KHTML, like Gecko) Chrome/52.0.2743.116 Safari/537.36"
::1 - - [28/Aug/2016:21:12:23 +0000] "GET /all.js HTTP/1.1" 304 - "http://localhost:30200/" "Mozilla/5.0 (Macintosh; Intel Mac OS X 10_10_5) AppleWebKit/537.36 (KHTML, like Gecko) Chrome/52.0.2743.116 Safari/537.36"
::1 - - [28/Aug/2016:21:12:23 +0000] "GET /lib/angular.min.js.map HTTP/1.1" 404 1036 "-" "Mozilla/5.0 (Macintosh; Intel Mac OS X 10_10_5) AppleWebKit/537.36 (KHTML, like Gecko) Chrome/52.0.2743.116 Safari/537.36"
::1 - - [28/Aug/2016:21:12:23 +0000] "GET /lib/angular-route.min.js.map HTTP/1.1" 404 1036 "-" "Mozilla/5.0 (Macintosh; Intel Mac OS X 10_10_5) AppleWebKit/537.36 (KHTML, like Gecko) Chrome/52.0.2743.116 Safari/537.36"
::1 - - [28/Aug/2016:21:12:23 +0000] "GET /lib/angular-local-storage.min.js.map HTTP/1.1" 404 1036 "-" "Mozilla/5.0 (Macintosh; Intel Mac OS X 10_10_5) AppleWebKit/537.36 (KHTML, like Gecko) Chrome/52.0.2743.116 Safari/537.36"
::1 - - [28/Aug/2016:21:12:23 +0000] "GET /lib/angular-sanitize.min.js.map HTTP/1.1" 404 1036 "-" "Mozilla/5.0 (Macintosh; Intel Mac OS X 10_10_5) AppleWebKit/537.36 (KHTML, like Gecko) Chrome/52.0.2743.116 Safari/537.36"
::1 - - [28/Aug/2016:21:12:23 +0000] "GET /lib/tmhDynamicLocale.min.js.map HTTP/1.1" 404 1036 "-" "Mozilla/5.0 (Macintosh; Intel Mac OS X 10_10_5) AppleWebKit/537.36 (KHTML, like Gecko) Chrome/52.0.2743.116 Safari/537.36"
::1 - - [28/Aug/2016:21:12:23 +0000] "GET /assets/translations/locale-en.json HTTP/1.1" 304 - "http://localhost:30200/" "Mozilla/5.0 (Macintosh; Intel Mac OS X 10_10_5) AppleWebKit/537.36 (KHTML, like Gecko) Chrome/52.0.2743.116 Safari/537.36"
::1 - - [28/Aug/2016:21:12:23 +0000] "GET /layout/topmenu.html HTTP/1.1" 304 - "http://localhost:30200/" "Mozilla/5.0 (Macintosh; Intel Mac OS X 10_10_5) AppleWebKit/537.36 (KHTML, like Gecko) Chrome/52.0.2743.116 Safari/537.36"
::1 - - [28/Aug/2016:21:12:23 +0000] "GET /layout/sidemenu.html HTTP/1.1" 304 - "http://localhost:30200/" "Mozilla/5.0 (Macintosh; Intel Mac OS X 10_10_5) AppleWebKit/537.36 (KHTML, like Gecko) Chrome/52.0.2743.116 Safari/537.36"
::1 - - [28/Aug/2016:21:12:23 +0000] "GET /layout/footer.html HTTP/1.1" 304 - "http://localhost:30200/" "Mozilla/5.0 (Macintosh; Intel Mac OS X 10_10_5) AppleWebKit/537.36 (KHTML, like Gecko) Chrome/52.0.2743.116 Safari/537.36"
::1 - - [28/Aug/2016:21:12:23 +0000] "GET /billing/billing.html HTTP/1.1" 304 - "http://localhost:30200/" "Mozilla/5.0 (Macintosh; Intel Mac OS X 10_10_5) AppleWebKit/537.36 (KHTML, like Gecko) Chrome/52.0.2743.116 Safari/537.36"
::1 - - [28/Aug/2016:21:12:24 +0000] "GET /api/loggedin HTTP/1.1" 200 213 "http://localhost:30200/" "Mozilla/5.0 (Macintosh; Intel Mac OS X 10_10_5) AppleWebKit/537.36 (KHTML, like Gecko) Chrome/52.0.2743.116 Safari/537.36"
::1 - - [28/Aug/2016:21:12:24 +0000] "GET /assets/img/Ringotel_white2.svg HTTP/1.1" 304 - "http://localhost:30200/" "Mozilla/5.0 (Macintosh; Intel Mac OS X 10_10_5) AppleWebKit/537.36 (KHTML, like Gecko) Chrome/52.0.2743.116 Safari/537.36"
::1 - - [28/Aug/2016:21:12:24 +0000] "GET /assets/img/user.svg HTTP/1.1" 304 - "http://localhost:30200/" "Mozilla/5.0 (Macintosh; Intel Mac OS X 10_10_5) AppleWebKit/537.36 (KHTML, like Gecko) Chrome/52.0.2743.116 Safari/537.36"
::1 - - [28/Aug/2016:21:12:25 +0000] "POST /api/getCustomerBalance HTTP/1.1" 200 35 "http://localhost:30200/" "Mozilla/5.0 (Macintosh; Intel Mac OS X 10_10_5) AppleWebKit/537.36 (KHTML, like Gecko) Chrome/52.0.2743.116 Safari/537.36"
::1 - - [28/Aug/2016:21:12:25 +0000] "POST /api/transactions HTTP/1.1" 200 28 "http://localhost:30200/" "Mozilla/5.0 (Macintosh; Intel Mac OS X 10_10_5) AppleWebKit/537.36 (KHTML, like Gecko) Chrome/52.0.2743.116 Safari/537.36"
::1 - - [28/Aug/2016:21:12:25 +0000] "POST /api/charges HTTP/1.1" 200 262 "http://localhost:30200/" "Mozilla/5.0 (Macintosh; Intel Mac OS X 10_10_5) AppleWebKit/537.36 (KHTML, like Gecko) Chrome/52.0.2743.116 Safari/537.36"
