::1 - - [15/Sep/2016:08:54:42 +0000] "GET / HTTP/1.1" 304 - "-" "Mozilla/5.0 (Macintosh; Intel Mac OS X 10_10_5) AppleWebKit/537.36 (KHTML, like Gecko) Chrome/52.0.2743.116 Safari/537.36"
::1 - - [15/Sep/2016:08:54:43 +0000] "GET /assets/fonts/css/font-awesome.min.css HTTP/1.1" 304 - "http://localhost:30200/" "Mozilla/5.0 (Macintosh; Intel Mac OS X 10_10_5) AppleWebKit/537.36 (KHTML, like Gecko) Chrome/52.0.2743.116 Safari/537.36"
::1 - - [15/Sep/2016:08:54:43 +0000] "GET /assets/css/lib/ngNotificationsBar.css HTTP/1.1" 304 - "http://localhost:30200/" "Mozilla/5.0 (Macintosh; Intel Mac OS X 10_10_5) AppleWebKit/537.36 (KHTML, like Gecko) Chrome/52.0.2743.116 Safari/537.36"
::1 - - [15/Sep/2016:08:54:43 +0000] "GET /assets/css/main.css HTTP/1.1" 304 - "http://localhost:30200/" "Mozilla/5.0 (Macintosh; Intel Mac OS X 10_10_5) AppleWebKit/537.36 (KHTML, like Gecko) Chrome/52.0.2743.116 Safari/537.36"
::1 - - [15/Sep/2016:08:54:43 +0000] "GET /lib/angular.min.js HTTP/1.1" 304 - "http://localhost:30200/" "Mozilla/5.0 (Macintosh; Intel Mac OS X 10_10_5) AppleWebKit/537.36 (KHTML, like Gecko) Chrome/52.0.2743.116 Safari/537.36"
::1 - - [15/Sep/2016:08:54:43 +0000] "GET /lib/angular-route.min.js HTTP/1.1" 304 - "http://localhost:30200/" "Mozilla/5.0 (Macintosh; Intel Mac OS X 10_10_5) AppleWebKit/537.36 (KHTML, like Gecko) Chrome/52.0.2743.116 Safari/537.36"
::1 - - [15/Sep/2016:08:54:43 +0000] "GET /lib/ngStorage.min.js HTTP/1.1" 304 - "http://localhost:30200/" "Mozilla/5.0 (Macintosh; Intel Mac OS X 10_10_5) AppleWebKit/537.36 (KHTML, like Gecko) Chrome/52.0.2743.116 Safari/537.36"
::1 - - [15/Sep/2016:08:54:43 +0000] "GET /lib/angular-local-storage.min.js HTTP/1.1" 304 - "http://localhost:30200/" "Mozilla/5.0 (Macintosh; Intel Mac OS X 10_10_5) AppleWebKit/537.36 (KHTML, like Gecko) Chrome/52.0.2743.116 Safari/537.36"
::1 - - [15/Sep/2016:08:54:43 +0000] "GET /lib/ngNotificationsBar.min.js HTTP/1.1" 304 - "http://localhost:30200/" "Mozilla/5.0 (Macintosh; Intel Mac OS X 10_10_5) AppleWebKit/537.36 (KHTML, like Gecko) Chrome/52.0.2743.116 Safari/537.36"
::1 - - [15/Sep/2016:08:54:43 +0000] "GET /lib/angular-sanitize.min.js HTTP/1.1" 304 - "http://localhost:30200/" "Mozilla/5.0 (Macintosh; Intel Mac OS X 10_10_5) AppleWebKit/537.36 (KHTML, like Gecko) Chrome/52.0.2743.116 Safari/537.36"
::1 - - [15/Sep/2016:08:54:43 +0000] "GET /lib/angular-translate.min.js HTTP/1.1" 304 - "http://localhost:30200/" "Mozilla/5.0 (Macintosh; Intel Mac OS X 10_10_5) AppleWebKit/537.36 (KHTML, like Gecko) Chrome/52.0.2743.116 Safari/537.36"
::1 - - [15/Sep/2016:08:54:43 +0000] "GET /lib/angular-translate-loader-static-files.min.js HTTP/1.1" 304 - "http://localhost:30200/" "Mozilla/5.0 (Macintosh; Intel Mac OS X 10_10_5) AppleWebKit/537.36 (KHTML, like Gecko) Chrome/52.0.2743.116 Safari/537.36"
::1 - - [15/Sep/2016:08:54:43 +0000] "GET /lib/moment.min.js HTTP/1.1" 304 - "http://localhost:30200/" "Mozilla/5.0 (Macintosh; Intel Mac OS X 10_10_5) AppleWebKit/537.36 (KHTML, like Gecko) Chrome/52.0.2743.116 Safari/537.36"
::1 - - [15/Sep/2016:08:54:43 +0000] "GET /lib/tmhDynamicLocale.min.js HTTP/1.1" 304 - "http://localhost:30200/" "Mozilla/5.0 (Macintosh; Intel Mac OS X 10_10_5) AppleWebKit/537.36 (KHTML, like Gecko) Chrome/52.0.2743.116 Safari/537.36"
::1 - - [15/Sep/2016:08:54:43 +0000] "GET /lib/ui-bootstrap-tpls.js HTTP/1.1" 304 - "http://localhost:30200/" "Mozilla/5.0 (Macintosh; Intel Mac OS X 10_10_5) AppleWebKit/537.36 (KHTML, like Gecko) Chrome/52.0.2743.116 Safari/537.36"
::1 - - [15/Sep/2016:08:54:43 +0000] "GET /all.js HTTP/1.1" 304 - "http://localhost:30200/" "Mozilla/5.0 (Macintosh; Intel Mac OS X 10_10_5) AppleWebKit/537.36 (KHTML, like Gecko) Chrome/52.0.2743.116 Safari/537.36"
::1 - - [15/Sep/2016:08:54:44 +0000] "GET /assets/translations/locale-en.json HTTP/1.1" 304 - "http://localhost:30200/" "Mozilla/5.0 (Macintosh; Intel Mac OS X 10_10_5) AppleWebKit/537.36 (KHTML, like Gecko) Chrome/52.0.2743.116 Safari/537.36"
::1 - - [15/Sep/2016:08:54:44 +0000] "GET /layout/topmenu.html HTTP/1.1" 304 - "http://localhost:30200/" "Mozilla/5.0 (Macintosh; Intel Mac OS X 10_10_5) AppleWebKit/537.36 (KHTML, like Gecko) Chrome/52.0.2743.116 Safari/537.36"
::1 - - [15/Sep/2016:08:54:44 +0000] "GET /layout/sidemenu.html HTTP/1.1" 304 - "http://localhost:30200/" "Mozilla/5.0 (Macintosh; Intel Mac OS X 10_10_5) AppleWebKit/537.36 (KHTML, like Gecko) Chrome/52.0.2743.116 Safari/537.36"
::1 - - [15/Sep/2016:08:54:44 +0000] "GET /layout/footer.html HTTP/1.1" 304 - "http://localhost:30200/" "Mozilla/5.0 (Macintosh; Intel Mac OS X 10_10_5) AppleWebKit/537.36 (KHTML, like Gecko) Chrome/52.0.2743.116 Safari/537.36"
::1 - - [15/Sep/2016:08:54:44 +0000] "GET /billing/billing.html HTTP/1.1" 304 - "http://localhost:30200/" "Mozilla/5.0 (Macintosh; Intel Mac OS X 10_10_5) AppleWebKit/537.36 (KHTML, like Gecko) Chrome/52.0.2743.116 Safari/537.36"
::1 - - [15/Sep/2016:08:54:44 +0000] "GET /api/loggedin HTTP/1.1" 403 44 "http://localhost:30200/" "Mozilla/5.0 (Macintosh; Intel Mac OS X 10_10_5) AppleWebKit/537.36 (KHTML, like Gecko) Chrome/52.0.2743.116 Safari/537.36"
::1 - - [15/Sep/2016:08:54:44 +0000] "GET /lib/angular.min.js.map HTTP/1.1" 404 1036 "-" "Mozilla/5.0 (Macintosh; Intel Mac OS X 10_10_5) AppleWebKit/537.36 (KHTML, like Gecko) Chrome/52.0.2743.116 Safari/537.36"
::1 - - [15/Sep/2016:08:54:44 +0000] "GET /lib/angular-route.min.js.map HTTP/1.1" 404 1036 "-" "Mozilla/5.0 (Macintosh; Intel Mac OS X 10_10_5) AppleWebKit/537.36 (KHTML, like Gecko) Chrome/52.0.2743.116 Safari/537.36"
::1 - - [15/Sep/2016:08:54:44 +0000] "GET /assets/img/user.svg HTTP/1.1" 304 - "http://localhost:30200/" "Mozilla/5.0 (Macintosh; Intel Mac OS X 10_10_5) AppleWebKit/537.36 (KHTML, like Gecko) Chrome/52.0.2743.116 Safari/537.36"
::1 - - [15/Sep/2016:08:54:44 +0000] "GET /assets/img/Ringotel_white2.svg HTTP/1.1" 304 - "http://localhost:30200/" "Mozilla/5.0 (Macintosh; Intel Mac OS X 10_10_5) AppleWebKit/537.36 (KHTML, like Gecko) Chrome/52.0.2743.116 Safari/537.36"
::1 - - [15/Sep/2016:08:54:44 +0000] "GET /lib/angular-local-storage.min.js.map HTTP/1.1" 404 1036 "-" "Mozilla/5.0 (Macintosh; Intel Mac OS X 10_10_5) AppleWebKit/537.36 (KHTML, like Gecko) Chrome/52.0.2743.116 Safari/537.36"
::1 - - [15/Sep/2016:08:54:44 +0000] "GET /lib/angular-sanitize.min.js.map HTTP/1.1" 404 1036 "-" "Mozilla/5.0 (Macintosh; Intel Mac OS X 10_10_5) AppleWebKit/537.36 (KHTML, like Gecko) Chrome/52.0.2743.116 Safari/537.36"
::1 - - [15/Sep/2016:08:54:44 +0000] "GET /lib/tmhDynamicLocale.min.js.map HTTP/1.1" 404 1036 "-" "Mozilla/5.0 (Macintosh; Intel Mac OS X 10_10_5) AppleWebKit/537.36 (KHTML, like Gecko) Chrome/52.0.2743.116 Safari/537.36"
::1 - - [15/Sep/2016:08:54:45 +0000] "GET /auth/login.html HTTP/1.1" 304 - "http://localhost:30200/" "Mozilla/5.0 (Macintosh; Intel Mac OS X 10_10_5) AppleWebKit/537.36 (KHTML, like Gecko) Chrome/52.0.2743.116 Safari/537.36"
::1 - - [15/Sep/2016:08:54:45 +0000] "GET /assets/img/Ringotel%206.svg HTTP/1.1" 304 - "http://localhost:30200/" "Mozilla/5.0 (Macintosh; Intel Mac OS X 10_10_5) AppleWebKit/537.36 (KHTML, like Gecko) Chrome/52.0.2743.116 Safari/537.36"
::1 - - [15/Sep/2016:08:54:47 +0000] "POST /api/login HTTP/1.1" 200 637 "http://localhost:30200/" "Mozilla/5.0 (Macintosh; Intel Mac OS X 10_10_5) AppleWebKit/537.36 (KHTML, like Gecko) Chrome/52.0.2743.116 Safari/537.36"
::1 - - [15/Sep/2016:08:54:48 +0000] "GET /dashboard/dashboard.html HTTP/1.1" 304 - "http://localhost:30200/" "Mozilla/5.0 (Macintosh; Intel Mac OS X 10_10_5) AppleWebKit/537.36 (KHTML, like Gecko) Chrome/52.0.2743.116 Safari/537.36"
::1 - - [15/Sep/2016:08:54:48 +0000] "GET /api/loggedin HTTP/1.1" 200 213 "http://localhost:30200/" "Mozilla/5.0 (Macintosh; Intel Mac OS X 10_10_5) AppleWebKit/537.36 (KHTML, like Gecko) Chrome/52.0.2743.116 Safari/537.36"
::1 - - [15/Sep/2016:08:54:48 +0000] "GET /assets/fonts/fonts/fontawesome-webfont.woff2?v=4.3.0 HTTP/1.1" 304 - "http://localhost:30200/" "Mozilla/5.0 (Macintosh; Intel Mac OS X 10_10_5) AppleWebKit/537.36 (KHTML, like Gecko) Chrome/52.0.2743.116 Safari/537.36"
::1 - - [15/Sep/2016:08:54:48 +0000] "POST /api/getCustomerBalance HTTP/1.1" 200 35 "http://localhost:30200/" "Mozilla/5.0 (Macintosh; Intel Mac OS X 10_10_5) AppleWebKit/537.36 (KHTML, like Gecko) Chrome/52.0.2743.116 Safari/537.36"
::1 - - [15/Sep/2016:08:54:48 +0000] "POST /api/getPlans HTTP/1.1" 200 1990 "http://localhost:30200/" "Mozilla/5.0 (Macintosh; Intel Mac OS X 10_10_5) AppleWebKit/537.36 (KHTML, like Gecko) Chrome/52.0.2743.116 Safari/537.36"
::1 - - [15/Sep/2016:08:54:48 +0000] "POST /api/getBranches HTTP/1.1" 200 13152 "http://localhost:30200/" "Mozilla/5.0 (Macintosh; Intel Mac OS X 10_10_5) AppleWebKit/537.36 (KHTML, like Gecko) Chrome/52.0.2743.116 Safari/537.36"
::1 - - [15/Sep/2016:08:54:48 +0000] "GET /dashboard/dash-instance.html HTTP/1.1" 304 - "http://localhost:30200/" "Mozilla/5.0 (Macintosh; Intel Mac OS X 10_10_5) AppleWebKit/537.36 (KHTML, like Gecko) Chrome/52.0.2743.116 Safari/537.36"
::1 - - [15/Sep/2016:08:54:52 +0000] "GET /api/loggedin HTTP/1.1" 200 213 "http://localhost:30200/" "Mozilla/5.0 (Macintosh; Intel Mac OS X 10_10_5) AppleWebKit/537.36 (KHTML, like Gecko) Chrome/52.0.2743.116 Safari/537.36"
::1 - - [15/Sep/2016:08:54:52 +0000] "POST /api/getCustomerBalance HTTP/1.1" 200 35 "http://localhost:30200/" "Mozilla/5.0 (Macintosh; Intel Mac OS X 10_10_5) AppleWebKit/537.36 (KHTML, like Gecko) Chrome/52.0.2743.116 Safari/537.36"
::1 - - [15/Sep/2016:08:54:52 +0000] "POST /api/transactions HTTP/1.1" 200 28 "http://localhost:30200/" "Mozilla/5.0 (Macintosh; Intel Mac OS X 10_10_5) AppleWebKit/537.36 (KHTML, like Gecko) Chrome/52.0.2743.116 Safari/537.36"
::1 - - [15/Sep/2016:08:54:52 +0000] "POST /api/charges HTTP/1.1" 200 6020 "http://localhost:30200/" "Mozilla/5.0 (Macintosh; Intel Mac OS X 10_10_5) AppleWebKit/537.36 (KHTML, like Gecko) Chrome/52.0.2743.116 Safari/537.36"
::1 - - [15/Sep/2016:08:57:58 +0000] "GET /api/loggedin HTTP/1.1" 200 213 "http://localhost:30200/" "Mozilla/5.0 (Macintosh; Intel Mac OS X 10_10_5) AppleWebKit/537.36 (KHTML, like Gecko) Chrome/52.0.2743.116 Safari/537.36"
::1 - - [15/Sep/2016:08:57:59 +0000] "POST /api/getCustomerBalance HTTP/1.1" 200 35 "http://localhost:30200/" "Mozilla/5.0 (Macintosh; Intel Mac OS X 10_10_5) AppleWebKit/537.36 (KHTML, like Gecko) Chrome/52.0.2743.116 Safari/537.36"
::1 - - [15/Sep/2016:08:57:59 +0000] "POST /api/getPlans HTTP/1.1" 200 1990 "http://localhost:30200/" "Mozilla/5.0 (Macintosh; Intel Mac OS X 10_10_5) AppleWebKit/537.36 (KHTML, like Gecko) Chrome/52.0.2743.116 Safari/537.36"
::1 - - [15/Sep/2016:08:58:00 +0000] "POST /api/getBranches HTTP/1.1" 200 13152 "http://localhost:30200/" "Mozilla/5.0 (Macintosh; Intel Mac OS X 10_10_5) AppleWebKit/537.36 (KHTML, like Gecko) Chrome/52.0.2743.116 Safari/537.36"
::1 - - [15/Sep/2016:18:03:41 +0000] "GET / HTTP/1.1" 200 2219 "-" "Mozilla/5.0 (Macintosh; Intel Mac OS X 10_10_5) AppleWebKit/537.36 (KHTML, like Gecko) Chrome/52.0.2743.116 Safari/537.36"
::1 - - [15/Sep/2016:18:03:43 +0000] "GET /assets/css/lib/ngNotificationsBar.css HTTP/1.1" 200 2624 "http://localhost:30200/" "Mozilla/5.0 (Macintosh; Intel Mac OS X 10_10_5) AppleWebKit/537.36 (KHTML, like Gecko) Chrome/52.0.2743.116 Safari/537.36"
::1 - - [15/Sep/2016:18:03:43 +0000] "GET /lib/ngStorage.min.js HTTP/1.1" 200 1630 "http://localhost:30200/" "Mozilla/5.0 (Macintosh; Intel Mac OS X 10_10_5) AppleWebKit/537.36 (KHTML, like Gecko) Chrome/52.0.2743.116 Safari/537.36"
::1 - - [15/Sep/2016:18:03:43 +0000] "GET /lib/angular-route.min.js HTTP/1.1" 200 4766 "http://localhost:30200/" "Mozilla/5.0 (Macintosh; Intel Mac OS X 10_10_5) AppleWebKit/537.36 (KHTML, like Gecko) Chrome/52.0.2743.116 Safari/537.36"
::1 - - [15/Sep/2016:18:03:43 +0000] "GET /assets/fonts/css/font-awesome.min.css HTTP/1.1" 200 23739 "http://localhost:30200/" "Mozilla/5.0 (Macintosh; Intel Mac OS X 10_10_5) AppleWebKit/537.36 (KHTML, like Gecko) Chrome/52.0.2743.116 Safari/537.36"
::1 - - [15/Sep/2016:18:03:43 +0000] "GET /assets/css/main.css HTTP/1.1" 200 159941 "http://localhost:30200/" "Mozilla/5.0 (Macintosh; Intel Mac OS X 10_10_5) AppleWebKit/537.36 (KHTML, like Gecko) Chrome/52.0.2743.116 Safari/537.36"
::1 - - [15/Sep/2016:18:03:43 +0000] "GET /lib/angular.min.js HTTP/1.1" 200 160048 "http://localhost:30200/" "Mozilla/5.0 (Macintosh; Intel Mac OS X 10_10_5) AppleWebKit/537.36 (KHTML, like Gecko) Chrome/52.0.2743.116 Safari/537.36"
::1 - - [15/Sep/2016:18:03:43 +0000] "GET /lib/angular-local-storage.min.js HTTP/1.1" 200 6285 "http://localhost:30200/" "Mozilla/5.0 (Macintosh; Intel Mac OS X 10_10_5) AppleWebKit/537.36 (KHTML, like Gecko) Chrome/52.0.2743.116 Safari/537.36"
::1 - - [15/Sep/2016:18:03:43 +0000] "GET /lib/ngNotificationsBar.min.js HTTP/1.1" 200 4569 "http://localhost:30200/" "Mozilla/5.0 (Macintosh; Intel Mac OS X 10_10_5) AppleWebKit/537.36 (KHTML, like Gecko) Chrome/52.0.2743.116 Safari/537.36"
::1 - - [15/Sep/2016:18:03:43 +0000] "GET /lib/angular-sanitize.min.js HTTP/1.1" 200 5861 "http://localhost:30200/" "Mozilla/5.0 (Macintosh; Intel Mac OS X 10_10_5) AppleWebKit/537.36 (KHTML, like Gecko) Chrome/52.0.2743.116 Safari/537.36"
::1 - - [15/Sep/2016:18:03:43 +0000] "GET /lib/angular-translate.min.js HTTP/1.1" 200 18820 "http://localhost:30200/" "Mozilla/5.0 (Macintosh; Intel Mac OS X 10_10_5) AppleWebKit/537.36 (KHTML, like Gecko) Chrome/52.0.2743.116 Safari/537.36"
::1 - - [15/Sep/2016:18:03:43 +0000] "GET /lib/angular-translate-loader-static-files.min.js HTTP/1.1" 200 1393 "http://localhost:30200/" "Mozilla/5.0 (Macintosh; Intel Mac OS X 10_10_5) AppleWebKit/537.36 (KHTML, like Gecko) Chrome/52.0.2743.116 Safari/537.36"
::1 - - [15/Sep/2016:18:03:43 +0000] "GET /lib/moment.min.js HTTP/1.1" 200 35415 "http://localhost:30200/" "Mozilla/5.0 (Macintosh; Intel Mac OS X 10_10_5) AppleWebKit/537.36 (KHTML, like Gecko) Chrome/52.0.2743.116 Safari/537.36"
::1 - - [15/Sep/2016:18:03:43 +0000] "GET /lib/tmhDynamicLocale.min.js HTTP/1.1" 200 3029 "http://localhost:30200/" "Mozilla/5.0 (Macintosh; Intel Mac OS X 10_10_5) AppleWebKit/537.36 (KHTML, like Gecko) Chrome/52.0.2743.116 Safari/537.36"
::1 - - [15/Sep/2016:18:03:43 +0000] "GET /all.js HTTP/1.1" 200 211883 "http://localhost:30200/" "Mozilla/5.0 (Macintosh; Intel Mac OS X 10_10_5) AppleWebKit/537.36 (KHTML, like Gecko) Chrome/52.0.2743.116 Safari/537.36"
::1 - - [15/Sep/2016:18:03:43 +0000] "GET /lib/ui-bootstrap-tpls.js HTTP/1.1" 200 264666 "http://localhost:30200/" "Mozilla/5.0 (Macintosh; Intel Mac OS X 10_10_5) AppleWebKit/537.36 (KHTML, like Gecko) Chrome/52.0.2743.116 Safari/537.36"
::1 - - [15/Sep/2016:18:03:43 +0000] "GET /lib/angular-route.min.js.map HTTP/1.1" 404 1036 "-" "Mozilla/5.0 (Macintosh; Intel Mac OS X 10_10_5) AppleWebKit/537.36 (KHTML, like Gecko) Chrome/52.0.2743.116 Safari/537.36"
::1 - - [15/Sep/2016:18:03:43 +0000] "GET /lib/angular-sanitize.min.js.map HTTP/1.1" 404 1036 "-" "Mozilla/5.0 (Macintosh; Intel Mac OS X 10_10_5) AppleWebKit/537.36 (KHTML, like Gecko) Chrome/52.0.2743.116 Safari/537.36"
::1 - - [15/Sep/2016:18:03:43 +0000] "GET /lib/angular-local-storage.min.js.map HTTP/1.1" 404 1036 "-" "Mozilla/5.0 (Macintosh; Intel Mac OS X 10_10_5) AppleWebKit/537.36 (KHTML, like Gecko) Chrome/52.0.2743.116 Safari/537.36"
::1 - - [15/Sep/2016:18:03:43 +0000] "GET /lib/angular.min.js.map HTTP/1.1" 404 1036 "-" "Mozilla/5.0 (Macintosh; Intel Mac OS X 10_10_5) AppleWebKit/537.36 (KHTML, like Gecko) Chrome/52.0.2743.116 Safari/537.36"
::1 - - [15/Sep/2016:18:03:43 +0000] "GET /assets/translations/locale-en.json HTTP/1.1" 200 7341 "http://localhost:30200/" "Mozilla/5.0 (Macintosh; Intel Mac OS X 10_10_5) AppleWebKit/537.36 (KHTML, like Gecko) Chrome/52.0.2743.116 Safari/537.36"
::1 - - [15/Sep/2016:18:03:43 +0000] "GET /layout/topmenu.html HTTP/1.1" 200 1148 "http://localhost:30200/" "Mozilla/5.0 (Macintosh; Intel Mac OS X 10_10_5) AppleWebKit/537.36 (KHTML, like Gecko) Chrome/52.0.2743.116 Safari/537.36"
::1 - - [15/Sep/2016:18:03:43 +0000] "GET /layout/sidemenu.html HTTP/1.1" 200 1454 "http://localhost:30200/" "Mozilla/5.0 (Macintosh; Intel Mac OS X 10_10_5) AppleWebKit/537.36 (KHTML, like Gecko) Chrome/52.0.2743.116 Safari/537.36"
::1 - - [15/Sep/2016:18:03:43 +0000] "GET /layout/footer.html HTTP/1.1" 200 132 "http://localhost:30200/" "Mozilla/5.0 (Macintosh; Intel Mac OS X 10_10_5) AppleWebKit/537.36 (KHTML, like Gecko) Chrome/52.0.2743.116 Safari/537.36"
::1 - - [15/Sep/2016:18:03:43 +0000] "GET /dashboard/dashboard.html HTTP/1.1" 304 - "http://localhost:30200/" "Mozilla/5.0 (Macintosh; Intel Mac OS X 10_10_5) AppleWebKit/537.36 (KHTML, like Gecko) Chrome/52.0.2743.116 Safari/537.36"
::1 - - [15/Sep/2016:18:03:43 +0000] "GET /api/loggedin HTTP/1.1" 403 44 "http://localhost:30200/" "Mozilla/5.0 (Macintosh; Intel Mac OS X 10_10_5) AppleWebKit/537.36 (KHTML, like Gecko) Chrome/52.0.2743.116 Safari/537.36"
::1 - - [15/Sep/2016:18:03:43 +0000] "GET /assets/img/Ringotel_white2.svg HTTP/1.1" 304 - "http://localhost:30200/" "Mozilla/5.0 (Macintosh; Intel Mac OS X 10_10_5) AppleWebKit/537.36 (KHTML, like Gecko) Chrome/52.0.2743.116 Safari/537.36"
::1 - - [15/Sep/2016:18:03:43 +0000] "GET /assets/img/user.svg HTTP/1.1" 304 - "http://localhost:30200/" "Mozilla/5.0 (Macintosh; Intel Mac OS X 10_10_5) AppleWebKit/537.36 (KHTML, like Gecko) Chrome/52.0.2743.116 Safari/537.36"
::1 - - [15/Sep/2016:18:03:43 +0000] "GET /lib/tmhDynamicLocale.min.js.map HTTP/1.1" 404 1036 "-" "Mozilla/5.0 (Macintosh; Intel Mac OS X 10_10_5) AppleWebKit/537.36 (KHTML, like Gecko) Chrome/52.0.2743.116 Safari/537.36"
::1 - - [15/Sep/2016:18:03:44 +0000] "GET /auth/login.html HTTP/1.1" 304 - "http://localhost:30200/" "Mozilla/5.0 (Macintosh; Intel Mac OS X 10_10_5) AppleWebKit/537.36 (KHTML, like Gecko) Chrome/52.0.2743.116 Safari/537.36"
::1 - - [15/Sep/2016:18:03:44 +0000] "GET /assets/img/Ringotel%206.svg HTTP/1.1" 304 - "http://localhost:30200/" "Mozilla/5.0 (Macintosh; Intel Mac OS X 10_10_5) AppleWebKit/537.36 (KHTML, like Gecko) Chrome/52.0.2743.116 Safari/537.36"
::1 - - [15/Sep/2016:18:03:46 +0000] "POST /api/login HTTP/1.1" 200 637 "http://localhost:30200/" "Mozilla/5.0 (Macintosh; Intel Mac OS X 10_10_5) AppleWebKit/537.36 (KHTML, like Gecko) Chrome/52.0.2743.116 Safari/537.36"
::1 - - [15/Sep/2016:18:03:46 +0000] "GET /api/loggedin HTTP/1.1" 200 213 "http://localhost:30200/" "Mozilla/5.0 (Macintosh; Intel Mac OS X 10_10_5) AppleWebKit/537.36 (KHTML, like Gecko) Chrome/52.0.2743.116 Safari/537.36"
::1 - - [15/Sep/2016:18:03:46 +0000] "GET /assets/fonts/fonts/fontawesome-webfont.woff2?v=4.3.0 HTTP/1.1" 304 - "http://localhost:30200/" "Mozilla/5.0 (Macintosh; Intel Mac OS X 10_10_5) AppleWebKit/537.36 (KHTML, like Gecko) Chrome/52.0.2743.116 Safari/537.36"
::1 - - [15/Sep/2016:18:03:46 +0000] "POST /api/getCustomerBalance HTTP/1.1" 200 35 "http://localhost:30200/" "Mozilla/5.0 (Macintosh; Intel Mac OS X 10_10_5) AppleWebKit/537.36 (KHTML, like Gecko) Chrome/52.0.2743.116 Safari/537.36"
::1 - - [15/Sep/2016:18:03:46 +0000] "POST /api/getPlans HTTP/1.1" 200 1990 "http://localhost:30200/" "Mozilla/5.0 (Macintosh; Intel Mac OS X 10_10_5) AppleWebKit/537.36 (KHTML, like Gecko) Chrome/52.0.2743.116 Safari/537.36"
::1 - - [15/Sep/2016:18:03:49 +0000] "POST /api/getBranches HTTP/1.1" 200 13152 "http://localhost:30200/" "Mozilla/5.0 (Macintosh; Intel Mac OS X 10_10_5) AppleWebKit/537.36 (KHTML, like Gecko) Chrome/52.0.2743.116 Safari/537.36"
::1 - - [15/Sep/2016:18:03:49 +0000] "GET /dashboard/dash-instance.html HTTP/1.1" 304 - "http://localhost:30200/" "Mozilla/5.0 (Macintosh; Intel Mac OS X 10_10_5) AppleWebKit/537.36 (KHTML, like Gecko) Chrome/52.0.2743.116 Safari/537.36"
::1 - - [15/Sep/2016:18:04:02 +0000] "GET /billing/billing.html HTTP/1.1" 200 734 "http://localhost:30200/" "Mozilla/5.0 (Macintosh; Intel Mac OS X 10_10_5) AppleWebKit/537.36 (KHTML, like Gecko) Chrome/52.0.2743.116 Safari/537.36"
::1 - - [15/Sep/2016:18:04:02 +0000] "GET /api/loggedin HTTP/1.1" 200 213 "http://localhost:30200/" "Mozilla/5.0 (Macintosh; Intel Mac OS X 10_10_5) AppleWebKit/537.36 (KHTML, like Gecko) Chrome/52.0.2743.116 Safari/537.36"
::1 - - [15/Sep/2016:18:04:02 +0000] "POST /api/getCustomerBalance HTTP/1.1" 200 35 "http://localhost:30200/" "Mozilla/5.0 (Macintosh; Intel Mac OS X 10_10_5) AppleWebKit/537.36 (KHTML, like Gecko) Chrome/52.0.2743.116 Safari/537.36"
::1 - - [15/Sep/2016:18:04:02 +0000] "POST /api/transactions HTTP/1.1" 200 28 "http://localhost:30200/" "Mozilla/5.0 (Macintosh; Intel Mac OS X 10_10_5) AppleWebKit/537.36 (KHTML, like Gecko) Chrome/52.0.2743.116 Safari/537.36"
::1 - - [15/Sep/2016:18:04:03 +0000] "POST /api/charges HTTP/1.1" 200 6020 "http://localhost:30200/" "Mozilla/5.0 (Macintosh; Intel Mac OS X 10_10_5) AppleWebKit/537.36 (KHTML, like Gecko) Chrome/52.0.2743.116 Safari/537.36"
::1 - - [15/Sep/2016:18:04:04 +0000] "GET /instance/instance.html HTTP/1.1" 200 6540 "http://localhost:30200/" "Mozilla/5.0 (Macintosh; Intel Mac OS X 10_10_5) AppleWebKit/537.36 (KHTML, like Gecko) Chrome/52.0.2743.116 Safari/537.36"
::1 - - [15/Sep/2016:18:04:04 +0000] "GET /api/loggedin HTTP/1.1" 200 213 "http://localhost:30200/" "Mozilla/5.0 (Macintosh; Intel Mac OS X 10_10_5) AppleWebKit/537.36 (KHTML, like Gecko) Chrome/52.0.2743.116 Safari/537.36"
::1 - - [15/Sep/2016:18:04:04 +0000] "GET /instance/instance-summary.html HTTP/1.1" 200 987 "http://localhost:30200/" "Mozilla/5.0 (Macintosh; Intel Mac OS X 10_10_5) AppleWebKit/537.36 (KHTML, like Gecko) Chrome/52.0.2743.116 Safari/537.36"
::1 - - [15/Sep/2016:18:04:04 +0000] "POST /api/getCustomerBalance HTTP/1.1" 200 35 "http://localhost:30200/" "Mozilla/5.0 (Macintosh; Intel Mac OS X 10_10_5) AppleWebKit/537.36 (KHTML, like Gecko) Chrome/52.0.2743.116 Safari/537.36"
::1 - - [15/Sep/2016:18:04:04 +0000] "POST /api/getPlans HTTP/1.1" 200 1990 "http://localhost:30200/" "Mozilla/5.0 (Macintosh; Intel Mac OS X 10_10_5) AppleWebKit/537.36 (KHTML, like Gecko) Chrome/52.0.2743.116 Safari/537.36"
::1 - - [15/Sep/2016:18:04:04 +0000] "POST /api/getServers HTTP/1.1" 200 98 "http://localhost:30200/" "Mozilla/5.0 (Macintosh; Intel Mac OS X 10_10_5) AppleWebKit/537.36 (KHTML, like Gecko) Chrome/52.0.2743.116 Safari/537.36"
::1 - - [15/Sep/2016:18:04:04 +0000] "GET /instance/plan.html HTTP/1.1" 200 1479 "http://localhost:30200/" "Mozilla/5.0 (Macintosh; Intel Mac OS X 10_10_5) AppleWebKit/537.36 (KHTML, like Gecko) Chrome/52.0.2743.116 Safari/537.36"
::1 - - [15/Sep/2016:18:04:04 +0000] "GET /instance/server-item.html HTTP/1.1" 200 508 "http://localhost:30200/" "Mozilla/5.0 (Macintosh; Intel Mac OS X 10_10_5) AppleWebKit/537.36 (KHTML, like Gecko) Chrome/52.0.2743.116 Safari/537.36"
::1 - - [15/Sep/2016:18:04:04 +0000] "GET /assets/flags/4x3/de.svg HTTP/1.1" 200 286 "http://localhost:30200/assets/css/main.css" "Mozilla/5.0 (Macintosh; Intel Mac OS X 10_10_5) AppleWebKit/537.36 (KHTML, like Gecko) Chrome/52.0.2743.116 Safari/537.36"
::1 - - [15/Sep/2016:18:04:08 +0000] "GET /api/loggedin HTTP/1.1" 200 213 "http://localhost:30200/" "Mozilla/5.0 (Macintosh; Intel Mac OS X 10_10_5) AppleWebKit/537.36 (KHTML, like Gecko) Chrome/52.0.2743.116 Safari/537.36"
::1 - - [15/Sep/2016:18:04:08 +0000] "POST /api/getCustomerBalance HTTP/1.1" 200 35 "http://localhost:30200/" "Mozilla/5.0 (Macintosh; Intel Mac OS X 10_10_5) AppleWebKit/537.36 (KHTML, like Gecko) Chrome/52.0.2743.116 Safari/537.36"
::1 - - [15/Sep/2016:18:04:08 +0000] "POST /api/getPlans HTTP/1.1" 200 1990 "http://localhost:30200/" "Mozilla/5.0 (Macintosh; Intel Mac OS X 10_10_5) AppleWebKit/537.36 (KHTML, like Gecko) Chrome/52.0.2743.116 Safari/537.36"
::1 - - [15/Sep/2016:18:04:09 +0000] "POST /api/getBranches HTTP/1.1" 200 13152 "http://localhost:30200/" "Mozilla/5.0 (Macintosh; Intel Mac OS X 10_10_5) AppleWebKit/537.36 (KHTML, like Gecko) Chrome/52.0.2743.116 Safari/537.36"
::1 - - [15/Sep/2016:19:57:12 +0000] "GET / HTTP/1.1" 200 2219 "-" "Mozilla/5.0 (Macintosh; Intel Mac OS X 10_10_5) AppleWebKit/537.36 (KHTML, like Gecko) Chrome/52.0.2743.116 Safari/537.36"
::1 - - [15/Sep/2016:19:57:14 +0000] "GET /assets/fonts/css/font-awesome.min.css HTTP/1.1" 200 23739 "http://localhost:30200/" "Mozilla/5.0 (Macintosh; Intel Mac OS X 10_10_5) AppleWebKit/537.36 (KHTML, like Gecko) Chrome/52.0.2743.116 Safari/537.36"
::1 - - [15/Sep/2016:19:57:14 +0000] "GET /lib/angular.min.js HTTP/1.1" 304 - "http://localhost:30200/" "Mozilla/5.0 (Macintosh; Intel Mac OS X 10_10_5) AppleWebKit/537.36 (KHTML, like Gecko) Chrome/52.0.2743.116 Safari/537.36"
::1 - - [15/Sep/2016:19:57:14 +0000] "GET /lib/angular-route.min.js HTTP/1.1" 304 - "http://localhost:30200/" "Mozilla/5.0 (Macintosh; Intel Mac OS X 10_10_5) AppleWebKit/537.36 (KHTML, like Gecko) Chrome/52.0.2743.116 Safari/537.36"
::1 - - [15/Sep/2016:19:57:14 +0000] "GET /lib/angular-local-storage.min.js HTTP/1.1" 304 - "http://localhost:30200/" "Mozilla/5.0 (Macintosh; Intel Mac OS X 10_10_5) AppleWebKit/537.36 (KHTML, like Gecko) Chrome/52.0.2743.116 Safari/537.36"
::1 - - [15/Sep/2016:19:57:14 +0000] "GET /assets/css/lib/ngNotificationsBar.css HTTP/1.1" 200 2624 "http://localhost:30200/" "Mozilla/5.0 (Macintosh; Intel Mac OS X 10_10_5) AppleWebKit/537.36 (KHTML, like Gecko) Chrome/52.0.2743.116 Safari/537.36"
::1 - - [15/Sep/2016:19:57:14 +0000] "GET /assets/css/main.css HTTP/1.1" 200 159941 "http://localhost:30200/" "Mozilla/5.0 (Macintosh; Intel Mac OS X 10_10_5) AppleWebKit/537.36 (KHTML, like Gecko) Chrome/52.0.2743.116 Safari/537.36"
::1 - - [15/Sep/2016:19:57:14 +0000] "GET /lib/ngStorage.min.js HTTP/1.1" 304 - "http://localhost:30200/" "Mozilla/5.0 (Macintosh; Intel Mac OS X 10_10_5) AppleWebKit/537.36 (KHTML, like Gecko) Chrome/52.0.2743.116 Safari/537.36"
::1 - - [15/Sep/2016:19:57:14 +0000] "GET /lib/ngNotificationsBar.min.js HTTP/1.1" 304 - "http://localhost:30200/" "Mozilla/5.0 (Macintosh; Intel Mac OS X 10_10_5) AppleWebKit/537.36 (KHTML, like Gecko) Chrome/52.0.2743.116 Safari/537.36"
::1 - - [15/Sep/2016:19:57:14 +0000] "GET /lib/angular-sanitize.min.js HTTP/1.1" 304 - "http://localhost:30200/" "Mozilla/5.0 (Macintosh; Intel Mac OS X 10_10_5) AppleWebKit/537.36 (KHTML, like Gecko) Chrome/52.0.2743.116 Safari/537.36"
::1 - - [15/Sep/2016:19:57:14 +0000] "GET /lib/angular-translate.min.js HTTP/1.1" 304 - "http://localhost:30200/" "Mozilla/5.0 (Macintosh; Intel Mac OS X 10_10_5) AppleWebKit/537.36 (KHTML, like Gecko) Chrome/52.0.2743.116 Safari/537.36"
::1 - - [15/Sep/2016:19:57:14 +0000] "GET /lib/angular-translate-loader-static-files.min.js HTTP/1.1" 304 - "http://localhost:30200/" "Mozilla/5.0 (Macintosh; Intel Mac OS X 10_10_5) AppleWebKit/537.36 (KHTML, like Gecko) Chrome/52.0.2743.116 Safari/537.36"
::1 - - [15/Sep/2016:19:57:14 +0000] "GET /lib/moment.min.js HTTP/1.1" 304 - "http://localhost:30200/" "Mozilla/5.0 (Macintosh; Intel Mac OS X 10_10_5) AppleWebKit/537.36 (KHTML, like Gecko) Chrome/52.0.2743.116 Safari/537.36"
::1 - - [15/Sep/2016:19:57:14 +0000] "GET /lib/tmhDynamicLocale.min.js HTTP/1.1" 304 - "http://localhost:30200/" "Mozilla/5.0 (Macintosh; Intel Mac OS X 10_10_5) AppleWebKit/537.36 (KHTML, like Gecko) Chrome/52.0.2743.116 Safari/537.36"
::1 - - [15/Sep/2016:19:57:14 +0000] "GET /lib/ui-bootstrap-tpls.js HTTP/1.1" 304 - "http://localhost:30200/" "Mozilla/5.0 (Macintosh; Intel Mac OS X 10_10_5) AppleWebKit/537.36 (KHTML, like Gecko) Chrome/52.0.2743.116 Safari/537.36"
::1 - - [15/Sep/2016:19:57:14 +0000] "GET /all.js HTTP/1.1" 304 - "http://localhost:30200/" "Mozilla/5.0 (Macintosh; Intel Mac OS X 10_10_5) AppleWebKit/537.36 (KHTML, like Gecko) Chrome/52.0.2743.116 Safari/537.36"
::1 - - [15/Sep/2016:19:57:14 +0000] "GET /lib/angular-route.min.js.map HTTP/1.1" 404 1036 "-" "Mozilla/5.0 (Macintosh; Intel Mac OS X 10_10_5) AppleWebKit/537.36 (KHTML, like Gecko) Chrome/52.0.2743.116 Safari/537.36"
::1 - - [15/Sep/2016:19:57:14 +0000] "GET /lib/angular.min.js.map HTTP/1.1" 404 1036 "-" "Mozilla/5.0 (Macintosh; Intel Mac OS X 10_10_5) AppleWebKit/537.36 (KHTML, like Gecko) Chrome/52.0.2743.116 Safari/537.36"
::1 - - [15/Sep/2016:19:57:14 +0000] "GET /lib/angular-local-storage.min.js.map HTTP/1.1" 404 1036 "-" "Mozilla/5.0 (Macintosh; Intel Mac OS X 10_10_5) AppleWebKit/537.36 (KHTML, like Gecko) Chrome/52.0.2743.116 Safari/537.36"
::1 - - [15/Sep/2016:19:57:14 +0000] "GET /lib/angular-sanitize.min.js.map HTTP/1.1" 404 1036 "-" "Mozilla/5.0 (Macintosh; Intel Mac OS X 10_10_5) AppleWebKit/537.36 (KHTML, like Gecko) Chrome/52.0.2743.116 Safari/537.36"
::1 - - [15/Sep/2016:19:57:14 +0000] "GET /assets/translations/locale-en.json HTTP/1.1" 200 7341 "http://localhost:30200/" "Mozilla/5.0 (Macintosh; Intel Mac OS X 10_10_5) AppleWebKit/537.36 (KHTML, like Gecko) Chrome/52.0.2743.116 Safari/537.36"
::1 - - [15/Sep/2016:19:57:14 +0000] "GET /layout/topmenu.html HTTP/1.1" 200 1148 "http://localhost:30200/" "Mozilla/5.0 (Macintosh; Intel Mac OS X 10_10_5) AppleWebKit/537.36 (KHTML, like Gecko) Chrome/52.0.2743.116 Safari/537.36"
::1 - - [15/Sep/2016:19:57:14 +0000] "GET /layout/sidemenu.html HTTP/1.1" 200 1454 "http://localhost:30200/" "Mozilla/5.0 (Macintosh; Intel Mac OS X 10_10_5) AppleWebKit/537.36 (KHTML, like Gecko) Chrome/52.0.2743.116 Safari/537.36"
::1 - - [15/Sep/2016:19:57:14 +0000] "GET /layout/footer.html HTTP/1.1" 200 132 "http://localhost:30200/" "Mozilla/5.0 (Macintosh; Intel Mac OS X 10_10_5) AppleWebKit/537.36 (KHTML, like Gecko) Chrome/52.0.2743.116 Safari/537.36"
::1 - - [15/Sep/2016:19:57:14 +0000] "GET /dashboard/dashboard.html HTTP/1.1" 304 - "http://localhost:30200/" "Mozilla/5.0 (Macintosh; Intel Mac OS X 10_10_5) AppleWebKit/537.36 (KHTML, like Gecko) Chrome/52.0.2743.116 Safari/537.36"
::1 - - [15/Sep/2016:19:57:14 +0000] "GET /api/loggedin HTTP/1.1" 403 44 "http://localhost:30200/" "Mozilla/5.0 (Macintosh; Intel Mac OS X 10_10_5) AppleWebKit/537.36 (KHTML, like Gecko) Chrome/52.0.2743.116 Safari/537.36"
::1 - - [15/Sep/2016:19:57:14 +0000] "GET /lib/tmhDynamicLocale.min.js.map HTTP/1.1" 404 1036 "-" "Mozilla/5.0 (Macintosh; Intel Mac OS X 10_10_5) AppleWebKit/537.36 (KHTML, like Gecko) Chrome/52.0.2743.116 Safari/537.36"
::1 - - [15/Sep/2016:19:57:14 +0000] "GET /assets/img/Ringotel_white2.svg HTTP/1.1" 304 - "http://localhost:30200/" "Mozilla/5.0 (Macintosh; Intel Mac OS X 10_10_5) AppleWebKit/537.36 (KHTML, like Gecko) Chrome/52.0.2743.116 Safari/537.36"
::1 - - [15/Sep/2016:19:57:14 +0000] "GET /assets/img/user.svg HTTP/1.1" 304 - "http://localhost:30200/" "Mozilla/5.0 (Macintosh; Intel Mac OS X 10_10_5) AppleWebKit/537.36 (KHTML, like Gecko) Chrome/52.0.2743.116 Safari/537.36"
::1 - - [15/Sep/2016:19:57:15 +0000] "GET /favicon.ico HTTP/1.1" 404 1036 "http://localhost:30200/" "Mozilla/5.0 (Macintosh; Intel Mac OS X 10_10_5) AppleWebKit/537.36 (KHTML, like Gecko) Chrome/52.0.2743.116 Safari/537.36"
::1 - - [15/Sep/2016:19:57:15 +0000] "GET /auth/login.html HTTP/1.1" 304 - "http://localhost:30200/" "Mozilla/5.0 (Macintosh; Intel Mac OS X 10_10_5) AppleWebKit/537.36 (KHTML, like Gecko) Chrome/52.0.2743.116 Safari/537.36"
::1 - - [15/Sep/2016:19:57:16 +0000] "GET /favicon.ico HTTP/1.1" 404 1036 "http://localhost:30200/" "Mozilla/5.0 (Macintosh; Intel Mac OS X 10_10_5) AppleWebKit/537.36 (KHTML, like Gecko) Chrome/52.0.2743.116 Safari/537.36"
::1 - - [15/Sep/2016:19:57:16 +0000] "GET /assets/img/Ringotel%206.svg HTTP/1.1" 304 - "http://localhost:30200/" "Mozilla/5.0 (Macintosh; Intel Mac OS X 10_10_5) AppleWebKit/537.36 (KHTML, like Gecko) Chrome/52.0.2743.116 Safari/537.36"
::1 - - [15/Sep/2016:19:57:18 +0000] "POST /api/login HTTP/1.1" 200 637 "http://localhost:30200/" "Mozilla/5.0 (Macintosh; Intel Mac OS X 10_10_5) AppleWebKit/537.36 (KHTML, like Gecko) Chrome/52.0.2743.116 Safari/537.36"
::1 - - [15/Sep/2016:19:57:18 +0000] "GET /api/loggedin HTTP/1.1" 200 213 "http://localhost:30200/" "Mozilla/5.0 (Macintosh; Intel Mac OS X 10_10_5) AppleWebKit/537.36 (KHTML, like Gecko) Chrome/52.0.2743.116 Safari/537.36"
::1 - - [15/Sep/2016:19:57:18 +0000] "GET /assets/fonts/fonts/fontawesome-webfont.woff2?v=4.3.0 HTTP/1.1" 304 - "http://localhost:30200/" "Mozilla/5.0 (Macintosh; Intel Mac OS X 10_10_5) AppleWebKit/537.36 (KHTML, like Gecko) Chrome/52.0.2743.116 Safari/537.36"
::1 - - [15/Sep/2016:19:57:18 +0000] "POST /api/getCustomerBalance HTTP/1.1" 200 35 "http://localhost:30200/" "Mozilla/5.0 (Macintosh; Intel Mac OS X 10_10_5) AppleWebKit/537.36 (KHTML, like Gecko) Chrome/52.0.2743.116 Safari/537.36"
::1 - - [15/Sep/2016:19:57:18 +0000] "POST /api/getPlans HTTP/1.1" 200 1990 "http://localhost:30200/" "Mozilla/5.0 (Macintosh; Intel Mac OS X 10_10_5) AppleWebKit/537.36 (KHTML, like Gecko) Chrome/52.0.2743.116 Safari/537.36"
::1 - - [15/Sep/2016:19:57:18 +0000] "POST /api/getBranches HTTP/1.1" 200 13152 "http://localhost:30200/" "Mozilla/5.0 (Macintosh; Intel Mac OS X 10_10_5) AppleWebKit/537.36 (KHTML, like Gecko) Chrome/52.0.2743.116 Safari/537.36"
::1 - - [15/Sep/2016:19:57:18 +0000] "GET /dashboard/dash-instance.html HTTP/1.1" 304 - "http://localhost:30200/" "Mozilla/5.0 (Macintosh; Intel Mac OS X 10_10_5) AppleWebKit/537.36 (KHTML, like Gecko) Chrome/52.0.2743.116 Safari/537.36"
::1 - - [15/Sep/2016:19:57:44 +0000] "GET /instance/instance.html HTTP/1.1" 200 6540 "http://localhost:30200/" "Mozilla/5.0 (Macintosh; Intel Mac OS X 10_10_5) AppleWebKit/537.36 (KHTML, like Gecko) Chrome/52.0.2743.116 Safari/537.36"
::1 - - [15/Sep/2016:19:57:44 +0000] "GET /api/loggedin HTTP/1.1" 200 213 "http://localhost:30200/" "Mozilla/5.0 (Macintosh; Intel Mac OS X 10_10_5) AppleWebKit/537.36 (KHTML, like Gecko) Chrome/52.0.2743.116 Safari/537.36"
::1 - - [15/Sep/2016:19:57:44 +0000] "POST /api/getCustomerBalance HTTP/1.1" 200 35 "http://localhost:30200/" "Mozilla/5.0 (Macintosh; Intel Mac OS X 10_10_5) AppleWebKit/537.36 (KHTML, like Gecko) Chrome/52.0.2743.116 Safari/537.36"
::1 - - [15/Sep/2016:19:57:44 +0000] "GET /instance/instance-summary.html HTTP/1.1" 200 987 "http://localhost:30200/" "Mozilla/5.0 (Macintosh; Intel Mac OS X 10_10_5) AppleWebKit/537.36 (KHTML, like Gecko) Chrome/52.0.2743.116 Safari/537.36"
::1 - - [15/Sep/2016:19:57:44 +0000] "POST /api/getPlans HTTP/1.1" 200 1990 "http://localhost:30200/" "Mozilla/5.0 (Macintosh; Intel Mac OS X 10_10_5) AppleWebKit/537.36 (KHTML, like Gecko) Chrome/52.0.2743.116 Safari/537.36"
::1 - - [15/Sep/2016:19:57:44 +0000] "POST /api/getServers HTTP/1.1" 200 98 "http://localhost:30200/" "Mozilla/5.0 (Macintosh; Intel Mac OS X 10_10_5) AppleWebKit/537.36 (KHTML, like Gecko) Chrome/52.0.2743.116 Safari/537.36"
::1 - - [15/Sep/2016:19:57:44 +0000] "GET /instance/plan.html HTTP/1.1" 200 1479 "http://localhost:30200/" "Mozilla/5.0 (Macintosh; Intel Mac OS X 10_10_5) AppleWebKit/537.36 (KHTML, like Gecko) Chrome/52.0.2743.116 Safari/537.36"
::1 - - [15/Sep/2016:19:57:44 +0000] "GET /instance/server-item.html HTTP/1.1" 200 508 "http://localhost:30200/" "Mozilla/5.0 (Macintosh; Intel Mac OS X 10_10_5) AppleWebKit/537.36 (KHTML, like Gecko) Chrome/52.0.2743.116 Safari/537.36"
::1 - - [15/Sep/2016:19:57:45 +0000] "GET /assets/flags/4x3/de.svg HTTP/1.1" 304 - "http://localhost:30200/" "Mozilla/5.0 (Macintosh; Intel Mac OS X 10_10_5) AppleWebKit/537.36 (KHTML, like Gecko) Chrome/52.0.2743.116 Safari/537.36"
::1 - - [15/Sep/2016:20:02:09 +0000] "GET / HTTP/1.1" 200 2219 "-" "Mozilla/5.0 (Macintosh; Intel Mac OS X 10_10_5) AppleWebKit/537.36 (KHTML, like Gecko) Chrome/52.0.2743.116 Safari/537.36"
::1 - - [15/Sep/2016:20:02:10 +0000] "GET /assets/fonts/css/font-awesome.min.css HTTP/1.1" 200 23739 "http://localhost:30200/" "Mozilla/5.0 (Macintosh; Intel Mac OS X 10_10_5) AppleWebKit/537.36 (KHTML, like Gecko) Chrome/52.0.2743.116 Safari/537.36"
::1 - - [15/Sep/2016:20:02:10 +0000] "GET /assets/css/lib/ngNotificationsBar.css HTTP/1.1" 200 2624 "http://localhost:30200/" "Mozilla/5.0 (Macintosh; Intel Mac OS X 10_10_5) AppleWebKit/537.36 (KHTML, like Gecko) Chrome/52.0.2743.116 Safari/537.36"
::1 - - [15/Sep/2016:20:02:10 +0000] "GET /assets/css/main.css HTTP/1.1" 200 159941 "http://localhost:30200/" "Mozilla/5.0 (Macintosh; Intel Mac OS X 10_10_5) AppleWebKit/537.36 (KHTML, like Gecko) Chrome/52.0.2743.116 Safari/537.36"
::1 - - [15/Sep/2016:20:02:10 +0000] "GET /lib/angular-route.min.js HTTP/1.1" 200 4766 "http://localhost:30200/" "Mozilla/5.0 (Macintosh; Intel Mac OS X 10_10_5) AppleWebKit/537.36 (KHTML, like Gecko) Chrome/52.0.2743.116 Safari/537.36"
::1 - - [15/Sep/2016:20:02:10 +0000] "GET /lib/angular.min.js HTTP/1.1" 200 160048 "http://localhost:30200/" "Mozilla/5.0 (Macintosh; Intel Mac OS X 10_10_5) AppleWebKit/537.36 (KHTML, like Gecko) Chrome/52.0.2743.116 Safari/537.36"
::1 - - [15/Sep/2016:20:02:10 +0000] "GET /lib/ngStorage.min.js HTTP/1.1" 200 1630 "http://localhost:30200/" "Mozilla/5.0 (Macintosh; Intel Mac OS X 10_10_5) AppleWebKit/537.36 (KHTML, like Gecko) Chrome/52.0.2743.116 Safari/537.36"
::1 - - [15/Sep/2016:20:02:10 +0000] "GET /lib/angular-local-storage.min.js HTTP/1.1" 200 6285 "http://localhost:30200/" "Mozilla/5.0 (Macintosh; Intel Mac OS X 10_10_5) AppleWebKit/537.36 (KHTML, like Gecko) Chrome/52.0.2743.116 Safari/537.36"
::1 - - [15/Sep/2016:20:02:10 +0000] "GET /lib/angular-sanitize.min.js HTTP/1.1" 200 5861 "http://localhost:30200/" "Mozilla/5.0 (Macintosh; Intel Mac OS X 10_10_5) AppleWebKit/537.36 (KHTML, like Gecko) Chrome/52.0.2743.116 Safari/537.36"
::1 - - [15/Sep/2016:20:02:10 +0000] "GET /lib/angular-translate.min.js HTTP/1.1" 200 18820 "http://localhost:30200/" "Mozilla/5.0 (Macintosh; Intel Mac OS X 10_10_5) AppleWebKit/537.36 (KHTML, like Gecko) Chrome/52.0.2743.116 Safari/537.36"
::1 - - [15/Sep/2016:20:02:10 +0000] "GET /lib/ngNotificationsBar.min.js HTTP/1.1" 200 4569 "http://localhost:30200/" "Mozilla/5.0 (Macintosh; Intel Mac OS X 10_10_5) AppleWebKit/537.36 (KHTML, like Gecko) Chrome/52.0.2743.116 Safari/537.36"
::1 - - [15/Sep/2016:20:02:10 +0000] "GET /lib/angular-translate-loader-static-files.min.js HTTP/1.1" 200 1393 "http://localhost:30200/" "Mozilla/5.0 (Macintosh; Intel Mac OS X 10_10_5) AppleWebKit/537.36 (KHTML, like Gecko) Chrome/52.0.2743.116 Safari/537.36"
::1 - - [15/Sep/2016:20:02:10 +0000] "GET /lib/tmhDynamicLocale.min.js HTTP/1.1" 200 3029 "http://localhost:30200/" "Mozilla/5.0 (Macintosh; Intel Mac OS X 10_10_5) AppleWebKit/537.36 (KHTML, like Gecko) Chrome/52.0.2743.116 Safari/537.36"
::1 - - [15/Sep/2016:20:02:10 +0000] "GET /lib/moment.min.js HTTP/1.1" 200 35415 "http://localhost:30200/" "Mozilla/5.0 (Macintosh; Intel Mac OS X 10_10_5) AppleWebKit/537.36 (KHTML, like Gecko) Chrome/52.0.2743.116 Safari/537.36"
::1 - - [15/Sep/2016:20:02:10 +0000] "GET /all.js HTTP/1.1" 200 211982 "http://localhost:30200/" "Mozilla/5.0 (Macintosh; Intel Mac OS X 10_10_5) AppleWebKit/537.36 (KHTML, like Gecko) Chrome/52.0.2743.116 Safari/537.36"
::1 - - [15/Sep/2016:20:02:10 +0000] "GET /lib/ui-bootstrap-tpls.js HTTP/1.1" 200 264666 "http://localhost:30200/" "Mozilla/5.0 (Macintosh; Intel Mac OS X 10_10_5) AppleWebKit/537.36 (KHTML, like Gecko) Chrome/52.0.2743.116 Safari/537.36"
::1 - - [15/Sep/2016:20:02:10 +0000] "GET /lib/angular.min.js.map HTTP/1.1" 404 1036 "-" "Mozilla/5.0 (Macintosh; Intel Mac OS X 10_10_5) AppleWebKit/537.36 (KHTML, like Gecko) Chrome/52.0.2743.116 Safari/537.36"
::1 - - [15/Sep/2016:20:02:10 +0000] "GET /lib/angular-local-storage.min.js.map HTTP/1.1" 404 1036 "-" "Mozilla/5.0 (Macintosh; Intel Mac OS X 10_10_5) AppleWebKit/537.36 (KHTML, like Gecko) Chrome/52.0.2743.116 Safari/537.36"
::1 - - [15/Sep/2016:20:02:10 +0000] "GET /lib/angular-route.min.js.map HTTP/1.1" 404 1036 "-" "Mozilla/5.0 (Macintosh; Intel Mac OS X 10_10_5) AppleWebKit/537.36 (KHTML, like Gecko) Chrome/52.0.2743.116 Safari/537.36"
::1 - - [15/Sep/2016:20:02:10 +0000] "GET /lib/angular-sanitize.min.js.map HTTP/1.1" 404 1036 "-" "Mozilla/5.0 (Macintosh; Intel Mac OS X 10_10_5) AppleWebKit/537.36 (KHTML, like Gecko) Chrome/52.0.2743.116 Safari/537.36"
::1 - - [15/Sep/2016:20:02:11 +0000] "GET /assets/translations/locale-en.json HTTP/1.1" 200 7341 "http://localhost:30200/" "Mozilla/5.0 (Macintosh; Intel Mac OS X 10_10_5) AppleWebKit/537.36 (KHTML, like Gecko) Chrome/52.0.2743.116 Safari/537.36"
::1 - - [15/Sep/2016:20:02:11 +0000] "GET /layout/sidemenu.html HTTP/1.1" 200 1454 "http://localhost:30200/" "Mozilla/5.0 (Macintosh; Intel Mac OS X 10_10_5) AppleWebKit/537.36 (KHTML, like Gecko) Chrome/52.0.2743.116 Safari/537.36"
::1 - - [15/Sep/2016:20:02:11 +0000] "GET /layout/footer.html HTTP/1.1" 200 132 "http://localhost:30200/" "Mozilla/5.0 (Macintosh; Intel Mac OS X 10_10_5) AppleWebKit/537.36 (KHTML, like Gecko) Chrome/52.0.2743.116 Safari/537.36"
::1 - - [15/Sep/2016:20:02:11 +0000] "GET /layout/topmenu.html HTTP/1.1" 200 1148 "http://localhost:30200/" "Mozilla/5.0 (Macintosh; Intel Mac OS X 10_10_5) AppleWebKit/537.36 (KHTML, like Gecko) Chrome/52.0.2743.116 Safari/537.36"
::1 - - [15/Sep/2016:20:02:11 +0000] "GET /instance/instance.html HTTP/1.1" 200 6540 "http://localhost:30200/" "Mozilla/5.0 (Macintosh; Intel Mac OS X 10_10_5) AppleWebKit/537.36 (KHTML, like Gecko) Chrome/52.0.2743.116 Safari/537.36"
::1 - - [15/Sep/2016:20:02:11 +0000] "GET /api/loggedin HTTP/1.1" 200 213 "http://localhost:30200/" "Mozilla/5.0 (Macintosh; Intel Mac OS X 10_10_5) AppleWebKit/537.36 (KHTML, like Gecko) Chrome/52.0.2743.116 Safari/537.36"
::1 - - [15/Sep/2016:20:02:11 +0000] "GET /assets/img/Ringotel_white2.svg HTTP/1.1" 304 - "http://localhost:30200/" "Mozilla/5.0 (Macintosh; Intel Mac OS X 10_10_5) AppleWebKit/537.36 (KHTML, like Gecko) Chrome/52.0.2743.116 Safari/537.36"
::1 - - [15/Sep/2016:20:02:11 +0000] "GET /assets/img/user.svg HTTP/1.1" 304 - "http://localhost:30200/" "Mozilla/5.0 (Macintosh; Intel Mac OS X 10_10_5) AppleWebKit/537.36 (KHTML, like Gecko) Chrome/52.0.2743.116 Safari/537.36"
::1 - - [15/Sep/2016:20:02:11 +0000] "GET /lib/tmhDynamicLocale.min.js.map HTTP/1.1" 404 1036 "-" "Mozilla/5.0 (Macintosh; Intel Mac OS X 10_10_5) AppleWebKit/537.36 (KHTML, like Gecko) Chrome/52.0.2743.116 Safari/537.36"
::1 - - [15/Sep/2016:20:02:12 +0000] "GET /instance/instance-summary.html HTTP/1.1" 304 - "http://localhost:30200/" "Mozilla/5.0 (Macintosh; Intel Mac OS X 10_10_5) AppleWebKit/537.36 (KHTML, like Gecko) Chrome/52.0.2743.116 Safari/537.36"
::1 - - [15/Sep/2016:20:02:12 +0000] "POST /api/getCustomerBalance HTTP/1.1" 200 35 "http://localhost:30200/" "Mozilla/5.0 (Macintosh; Intel Mac OS X 10_10_5) AppleWebKit/537.36 (KHTML, like Gecko) Chrome/52.0.2743.116 Safari/537.36"
::1 - - [15/Sep/2016:20:02:12 +0000] "GET /assets/fonts/fonts/fontawesome-webfont.woff2?v=4.3.0 HTTP/1.1" 200 56780 "http://localhost:30200/assets/fonts/css/font-awesome.min.css" "Mozilla/5.0 (Macintosh; Intel Mac OS X 10_10_5) AppleWebKit/537.36 (KHTML, like Gecko) Chrome/52.0.2743.116 Safari/537.36"
::1 - - [15/Sep/2016:20:02:12 +0000] "POST /api/getPlans HTTP/1.1" 200 1990 "http://localhost:30200/" "Mozilla/5.0 (Macintosh; Intel Mac OS X 10_10_5) AppleWebKit/537.36 (KHTML, like Gecko) Chrome/52.0.2743.116 Safari/537.36"
::1 - - [15/Sep/2016:20:02:12 +0000] "POST /api/getServers HTTP/1.1" 200 98 "http://localhost:30200/" "Mozilla/5.0 (Macintosh; Intel Mac OS X 10_10_5) AppleWebKit/537.36 (KHTML, like Gecko) Chrome/52.0.2743.116 Safari/537.36"
::1 - - [15/Sep/2016:20:02:12 +0000] "GET /instance/plan.html HTTP/1.1" 304 - "http://localhost:30200/" "Mozilla/5.0 (Macintosh; Intel Mac OS X 10_10_5) AppleWebKit/537.36 (KHTML, like Gecko) Chrome/52.0.2743.116 Safari/537.36"
::1 - - [15/Sep/2016:20:02:12 +0000] "GET /instance/server-item.html HTTP/1.1" 304 - "http://localhost:30200/" "Mozilla/5.0 (Macintosh; Intel Mac OS X 10_10_5) AppleWebKit/537.36 (KHTML, like Gecko) Chrome/52.0.2743.116 Safari/537.36"
::1 - - [15/Sep/2016:20:02:12 +0000] "GET /assets/flags/4x3/de.svg HTTP/1.1" 304 - "http://localhost:30200/" "Mozilla/5.0 (Macintosh; Intel Mac OS X 10_10_5) AppleWebKit/537.36 (KHTML, like Gecko) Chrome/52.0.2743.116 Safari/537.36"
::1 - - [15/Sep/2016:20:03:19 +0000] "GET /payment/payment.html HTTP/1.1" 200 3078 "http://localhost:30200/" "Mozilla/5.0 (Macintosh; Intel Mac OS X 10_10_5) AppleWebKit/537.36 (KHTML, like Gecko) Chrome/52.0.2743.116 Safari/537.36"
::1 - - [15/Sep/2016:20:03:19 +0000] "GET /api/loggedin HTTP/1.1" 200 213 "http://localhost:30200/" "Mozilla/5.0 (Macintosh; Intel Mac OS X 10_10_5) AppleWebKit/537.36 (KHTML, like Gecko) Chrome/52.0.2743.116 Safari/537.36"
::1 - - [15/Sep/2016:20:03:20 +0000] "POST /api/getCustomerBalance HTTP/1.1" 200 35 "http://localhost:30200/" "Mozilla/5.0 (Macintosh; Intel Mac OS X 10_10_5) AppleWebKit/537.36 (KHTML, like Gecko) Chrome/52.0.2743.116 Safari/537.36"
::1 - - [15/Sep/2016:20:03:27 +0000] "GET /?amount= HTTP/1.1" 200 2219 "http://localhost:30200/" "Mozilla/5.0 (Macintosh; Intel Mac OS X 10_10_5) AppleWebKit/537.36 (KHTML, like Gecko) Chrome/52.0.2743.116 Safari/537.36"
::1 - - [15/Sep/2016:20:03:29 +0000] "GET /assets/fonts/css/font-awesome.min.css HTTP/1.1" 200 23739 "http://localhost:30200/?amount=" "Mozilla/5.0 (Macintosh; Intel Mac OS X 10_10_5) AppleWebKit/537.36 (KHTML, like Gecko) Chrome/52.0.2743.116 Safari/537.36"
::1 - - [15/Sep/2016:20:03:29 +0000] "GET /assets/css/lib/ngNotificationsBar.css HTTP/1.1" 200 2624 "http://localhost:30200/?amount=" "Mozilla/5.0 (Macintosh; Intel Mac OS X 10_10_5) AppleWebKit/537.36 (KHTML, like Gecko) Chrome/52.0.2743.116 Safari/537.36"
::1 - - [15/Sep/2016:20:03:29 +0000] "GET /lib/angular-route.min.js HTTP/1.1" 200 4766 "http://localhost:30200/?amount=" "Mozilla/5.0 (Macintosh; Intel Mac OS X 10_10_5) AppleWebKit/537.36 (KHTML, like Gecko) Chrome/52.0.2743.116 Safari/537.36"
::1 - - [15/Sep/2016:20:03:29 +0000] "GET /lib/ngStorage.min.js HTTP/1.1" 200 1630 "http://localhost:30200/?amount=" "Mozilla/5.0 (Macintosh; Intel Mac OS X 10_10_5) AppleWebKit/537.36 (KHTML, like Gecko) Chrome/52.0.2743.116 Safari/537.36"
::1 - - [15/Sep/2016:20:03:29 +0000] "GET /assets/css/main.css HTTP/1.1" 200 159941 "http://localhost:30200/?amount=" "Mozilla/5.0 (Macintosh; Intel Mac OS X 10_10_5) AppleWebKit/537.36 (KHTML, like Gecko) Chrome/52.0.2743.116 Safari/537.36"
::1 - - [15/Sep/2016:20:03:29 +0000] "GET /lib/angular.min.js HTTP/1.1" 200 160048 "http://localhost:30200/?amount=" "Mozilla/5.0 (Macintosh; Intel Mac OS X 10_10_5) AppleWebKit/537.36 (KHTML, like Gecko) Chrome/52.0.2743.116 Safari/537.36"
::1 - - [15/Sep/2016:20:03:29 +0000] "GET /lib/angular-local-storage.min.js HTTP/1.1" 200 6285 "http://localhost:30200/?amount=" "Mozilla/5.0 (Macintosh; Intel Mac OS X 10_10_5) AppleWebKit/537.36 (KHTML, like Gecko) Chrome/52.0.2743.116 Safari/537.36"
::1 - - [15/Sep/2016:20:03:29 +0000] "GET /lib/ngNotificationsBar.min.js HTTP/1.1" 200 4569 "http://localhost:30200/?amount=" "Mozilla/5.0 (Macintosh; Intel Mac OS X 10_10_5) AppleWebKit/537.36 (KHTML, like Gecko) Chrome/52.0.2743.116 Safari/537.36"
::1 - - [15/Sep/2016:20:03:29 +0000] "GET /lib/angular-sanitize.min.js HTTP/1.1" 200 5861 "http://localhost:30200/?amount=" "Mozilla/5.0 (Macintosh; Intel Mac OS X 10_10_5) AppleWebKit/537.36 (KHTML, like Gecko) Chrome/52.0.2743.116 Safari/537.36"
::1 - - [15/Sep/2016:20:03:29 +0000] "GET /lib/angular-translate.min.js HTTP/1.1" 200 18820 "http://localhost:30200/?amount=" "Mozilla/5.0 (Macintosh; Intel Mac OS X 10_10_5) AppleWebKit/537.36 (KHTML, like Gecko) Chrome/52.0.2743.116 Safari/537.36"
::1 - - [15/Sep/2016:20:03:29 +0000] "GET /lib/angular-translate-loader-static-files.min.js HTTP/1.1" 200 1393 "http://localhost:30200/?amount=" "Mozilla/5.0 (Macintosh; Intel Mac OS X 10_10_5) AppleWebKit/537.36 (KHTML, like Gecko) Chrome/52.0.2743.116 Safari/537.36"
::1 - - [15/Sep/2016:20:03:29 +0000] "GET /lib/tmhDynamicLocale.min.js HTTP/1.1" 200 3029 "http://localhost:30200/?amount=" "Mozilla/5.0 (Macintosh; Intel Mac OS X 10_10_5) AppleWebKit/537.36 (KHTML, like Gecko) Chrome/52.0.2743.116 Safari/537.36"
::1 - - [15/Sep/2016:20:03:29 +0000] "GET /lib/moment.min.js HTTP/1.1" 200 35415 "http://localhost:30200/?amount=" "Mozilla/5.0 (Macintosh; Intel Mac OS X 10_10_5) AppleWebKit/537.36 (KHTML, like Gecko) Chrome/52.0.2743.116 Safari/537.36"
::1 - - [15/Sep/2016:20:03:29 +0000] "GET /all.js HTTP/1.1" 200 211982 "http://localhost:30200/?amount=" "Mozilla/5.0 (Macintosh; Intel Mac OS X 10_10_5) AppleWebKit/537.36 (KHTML, like Gecko) Chrome/52.0.2743.116 Safari/537.36"
::1 - - [15/Sep/2016:20:03:29 +0000] "GET /lib/ui-bootstrap-tpls.js HTTP/1.1" 200 264666 "http://localhost:30200/?amount=" "Mozilla/5.0 (Macintosh; Intel Mac OS X 10_10_5) AppleWebKit/537.36 (KHTML, like Gecko) Chrome/52.0.2743.116 Safari/537.36"
::1 - - [15/Sep/2016:20:03:29 +0000] "GET /lib/angular-route.min.js.map HTTP/1.1" 404 1036 "-" "Mozilla/5.0 (Macintosh; Intel Mac OS X 10_10_5) AppleWebKit/537.36 (KHTML, like Gecko) Chrome/52.0.2743.116 Safari/537.36"
::1 - - [15/Sep/2016:20:03:29 +0000] "GET /lib/angular.min.js.map HTTP/1.1" 404 1036 "-" "Mozilla/5.0 (Macintosh; Intel Mac OS X 10_10_5) AppleWebKit/537.36 (KHTML, like Gecko) Chrome/52.0.2743.116 Safari/537.36"
::1 - - [15/Sep/2016:20:03:29 +0000] "GET /lib/angular-local-storage.min.js.map HTTP/1.1" 404 1036 "-" "Mozilla/5.0 (Macintosh; Intel Mac OS X 10_10_5) AppleWebKit/537.36 (KHTML, like Gecko) Chrome/52.0.2743.116 Safari/537.36"
::1 - - [15/Sep/2016:20:03:29 +0000] "GET /lib/angular-sanitize.min.js.map HTTP/1.1" 404 1036 "-" "Mozilla/5.0 (Macintosh; Intel Mac OS X 10_10_5) AppleWebKit/537.36 (KHTML, like Gecko) Chrome/52.0.2743.116 Safari/537.36"
::1 - - [15/Sep/2016:20:03:29 +0000] "GET /lib/tmhDynamicLocale.min.js.map HTTP/1.1" 404 1036 "-" "Mozilla/5.0 (Macintosh; Intel Mac OS X 10_10_5) AppleWebKit/537.36 (KHTML, like Gecko) Chrome/52.0.2743.116 Safari/537.36"
::1 - - [15/Sep/2016:20:03:29 +0000] "GET /layout/footer.html HTTP/1.1" 200 132 "http://localhost:30200/?amount=" "Mozilla/5.0 (Macintosh; Intel Mac OS X 10_10_5) AppleWebKit/537.36 (KHTML, like Gecko) Chrome/52.0.2743.116 Safari/537.36"
::1 - - [15/Sep/2016:20:03:29 +0000] "GET /layout/topmenu.html HTTP/1.1" 200 1148 "http://localhost:30200/?amount=" "Mozilla/5.0 (Macintosh; Intel Mac OS X 10_10_5) AppleWebKit/537.36 (KHTML, like Gecko) Chrome/52.0.2743.116 Safari/537.36"
::1 - - [15/Sep/2016:20:03:29 +0000] "GET /assets/translations/locale-en.json HTTP/1.1" 200 7341 "http://localhost:30200/?amount=" "Mozilla/5.0 (Macintosh; Intel Mac OS X 10_10_5) AppleWebKit/537.36 (KHTML, like Gecko) Chrome/52.0.2743.116 Safari/537.36"
::1 - - [15/Sep/2016:20:03:29 +0000] "GET /layout/sidemenu.html HTTP/1.1" 200 1454 "http://localhost:30200/?amount=" "Mozilla/5.0 (Macintosh; Intel Mac OS X 10_10_5) AppleWebKit/537.36 (KHTML, like Gecko) Chrome/52.0.2743.116 Safari/537.36"
::1 - - [15/Sep/2016:20:03:29 +0000] "GET /payment/payment.html HTTP/1.1" 304 - "http://localhost:30200/?amount=" "Mozilla/5.0 (Macintosh; Intel Mac OS X 10_10_5) AppleWebKit/537.36 (KHTML, like Gecko) Chrome/52.0.2743.116 Safari/537.36"
::1 - - [15/Sep/2016:20:03:29 +0000] "GET /api/loggedin HTTP/1.1" 200 213 "http://localhost:30200/?amount=" "Mozilla/5.0 (Macintosh; Intel Mac OS X 10_10_5) AppleWebKit/537.36 (KHTML, like Gecko) Chrome/52.0.2743.116 Safari/537.36"
::1 - - [15/Sep/2016:20:03:29 +0000] "GET /assets/img/Ringotel_white2.svg HTTP/1.1" 304 - "http://localhost:30200/?amount=" "Mozilla/5.0 (Macintosh; Intel Mac OS X 10_10_5) AppleWebKit/537.36 (KHTML, like Gecko) Chrome/52.0.2743.116 Safari/537.36"
::1 - - [15/Sep/2016:20:03:29 +0000] "GET /assets/img/user.svg HTTP/1.1" 304 - "http://localhost:30200/?amount=" "Mozilla/5.0 (Macintosh; Intel Mac OS X 10_10_5) AppleWebKit/537.36 (KHTML, like Gecko) Chrome/52.0.2743.116 Safari/537.36"
::1 - - [15/Sep/2016:20:03:30 +0000] "POST /api/getCustomerBalance HTTP/1.1" 200 35 "http://localhost:30200/?amount=" "Mozilla/5.0 (Macintosh; Intel Mac OS X 10_10_5) AppleWebKit/537.36 (KHTML, like Gecko) Chrome/52.0.2743.116 Safari/537.36"
::1 - - [15/Sep/2016:20:03:30 +0000] "GET /assets/fonts/fonts/fontawesome-webfont.woff2?v=4.3.0 HTTP/1.1" 200 56780 "http://localhost:30200/?amount=" "Mozilla/5.0 (Macintosh; Intel Mac OS X 10_10_5) AppleWebKit/537.36 (KHTML, like Gecko) Chrome/52.0.2743.116 Safari/537.36"
::1 - - [15/Sep/2016:20:03:34 +0000] "GET /dashboard/dashboard.html HTTP/1.1" 304 - "http://localhost:30200/?amount=" "Mozilla/5.0 (Macintosh; Intel Mac OS X 10_10_5) AppleWebKit/537.36 (KHTML, like Gecko) Chrome/52.0.2743.116 Safari/537.36"
::1 - - [15/Sep/2016:20:03:34 +0000] "GET /api/loggedin HTTP/1.1" 200 213 "http://localhost:30200/?amount=" "Mozilla/5.0 (Macintosh; Intel Mac OS X 10_10_5) AppleWebKit/537.36 (KHTML, like Gecko) Chrome/52.0.2743.116 Safari/537.36"
::1 - - [15/Sep/2016:20:03:34 +0000] "POST /api/getCustomerBalance HTTP/1.1" 200 35 "http://localhost:30200/?amount=" "Mozilla/5.0 (Macintosh; Intel Mac OS X 10_10_5) AppleWebKit/537.36 (KHTML, like Gecko) Chrome/52.0.2743.116 Safari/537.36"
::1 - - [15/Sep/2016:20:03:34 +0000] "POST /api/getPlans HTTP/1.1" 200 1990 "http://localhost:30200/?amount=" "Mozilla/5.0 (Macintosh; Intel Mac OS X 10_10_5) AppleWebKit/537.36 (KHTML, like Gecko) Chrome/52.0.2743.116 Safari/537.36"
::1 - - [15/Sep/2016:20:03:35 +0000] "POST /api/getBranches HTTP/1.1" 200 13152 "http://localhost:30200/?amount=" "Mozilla/5.0 (Macintosh; Intel Mac OS X 10_10_5) AppleWebKit/537.36 (KHTML, like Gecko) Chrome/52.0.2743.116 Safari/537.36"
::1 - - [15/Sep/2016:20:03:35 +0000] "GET /dashboard/dash-instance.html HTTP/1.1" 304 - "http://localhost:30200/?amount=" "Mozilla/5.0 (Macintosh; Intel Mac OS X 10_10_5) AppleWebKit/537.36 (KHTML, like Gecko) Chrome/52.0.2743.116 Safari/537.36"
::1 - - [15/Sep/2016:20:04:31 +0000] "GET /instance/instance.html HTTP/1.1" 200 6540 "http://localhost:30200/?amount=" "Mozilla/5.0 (Macintosh; Intel Mac OS X 10_10_5) AppleWebKit/537.36 (KHTML, like Gecko) Chrome/52.0.2743.116 Safari/537.36"
::1 - - [15/Sep/2016:20:04:31 +0000] "GET /api/loggedin HTTP/1.1" 200 213 "http://localhost:30200/?amount=" "Mozilla/5.0 (Macintosh; Intel Mac OS X 10_10_5) AppleWebKit/537.36 (KHTML, like Gecko) Chrome/52.0.2743.116 Safari/537.36"
::1 - - [15/Sep/2016:20:04:32 +0000] "POST /api/getCustomerBalance HTTP/1.1" 200 35 "http://localhost:30200/?amount=" "Mozilla/5.0 (Macintosh; Intel Mac OS X 10_10_5) AppleWebKit/537.36 (KHTML, like Gecko) Chrome/52.0.2743.116 Safari/537.36"
::1 - - [15/Sep/2016:20:04:32 +0000] "GET /instance/instance-summary.html HTTP/1.1" 304 - "http://localhost:30200/?amount=" "Mozilla/5.0 (Macintosh; Intel Mac OS X 10_10_5) AppleWebKit/537.36 (KHTML, like Gecko) Chrome/52.0.2743.116 Safari/537.36"
::1 - - [15/Sep/2016:20:04:32 +0000] "POST /api/getPlans HTTP/1.1" 200 1990 "http://localhost:30200/?amount=" "Mozilla/5.0 (Macintosh; Intel Mac OS X 10_10_5) AppleWebKit/537.36 (KHTML, like Gecko) Chrome/52.0.2743.116 Safari/537.36"
::1 - - [15/Sep/2016:20:04:32 +0000] "POST /api/getServers HTTP/1.1" 200 98 "http://localhost:30200/?amount=" "Mozilla/5.0 (Macintosh; Intel Mac OS X 10_10_5) AppleWebKit/537.36 (KHTML, like Gecko) Chrome/52.0.2743.116 Safari/537.36"
::1 - - [15/Sep/2016:20:04:32 +0000] "GET /instance/plan.html HTTP/1.1" 304 - "http://localhost:30200/?amount=" "Mozilla/5.0 (Macintosh; Intel Mac OS X 10_10_5) AppleWebKit/537.36 (KHTML, like Gecko) Chrome/52.0.2743.116 Safari/537.36"
::1 - - [15/Sep/2016:20:04:32 +0000] "GET /instance/server-item.html HTTP/1.1" 304 - "http://localhost:30200/?amount=" "Mozilla/5.0 (Macintosh; Intel Mac OS X 10_10_5) AppleWebKit/537.36 (KHTML, like Gecko) Chrome/52.0.2743.116 Safari/537.36"
::1 - - [15/Sep/2016:20:04:32 +0000] "GET /assets/flags/4x3/de.svg HTTP/1.1" 304 - "http://localhost:30200/?amount=" "Mozilla/5.0 (Macintosh; Intel Mac OS X 10_10_5) AppleWebKit/537.36 (KHTML, like Gecko) Chrome/52.0.2743.116 Safari/537.36"
::1 - - [15/Sep/2016:20:04:50 +0000] "GET /api/loggedin HTTP/1.1" 200 213 "http://localhost:30200/?amount=" "Mozilla/5.0 (Macintosh; Intel Mac OS X 10_10_5) AppleWebKit/537.36 (KHTML, like Gecko) Chrome/52.0.2743.116 Safari/537.36"
::1 - - [15/Sep/2016:20:04:50 +0000] "POST /api/getCustomerBalance HTTP/1.1" 200 35 "http://localhost:30200/?amount=" "Mozilla/5.0 (Macintosh; Intel Mac OS X 10_10_5) AppleWebKit/537.36 (KHTML, like Gecko) Chrome/52.0.2743.116 Safari/537.36"
::1 - - [15/Sep/2016:20:04:50 +0000] "POST /api/getPlans HTTP/1.1" 200 1990 "http://localhost:30200/?amount=" "Mozilla/5.0 (Macintosh; Intel Mac OS X 10_10_5) AppleWebKit/537.36 (KHTML, like Gecko) Chrome/52.0.2743.116 Safari/537.36"
::1 - - [15/Sep/2016:20:04:51 +0000] "POST /api/getBranches HTTP/1.1" 200 13152 "http://localhost:30200/?amount=" "Mozilla/5.0 (Macintosh; Intel Mac OS X 10_10_5) AppleWebKit/537.36 (KHTML, like Gecko) Chrome/52.0.2743.116 Safari/537.36"
::1 - - [15/Sep/2016:20:05:16 +0000] "GET /api/loggedin HTTP/1.1" 200 213 "http://localhost:30200/?amount=" "Mozilla/5.0 (Macintosh; Intel Mac OS X 10_10_5) AppleWebKit/537.36 (KHTML, like Gecko) Chrome/52.0.2743.116 Safari/537.36"
::1 - - [15/Sep/2016:20:05:17 +0000] "POST /api/getCustomerBalance HTTP/1.1" 200 35 "http://localhost:30200/?amount=" "Mozilla/5.0 (Macintosh; Intel Mac OS X 10_10_5) AppleWebKit/537.36 (KHTML, like Gecko) Chrome/52.0.2743.116 Safari/537.36"
::1 - - [15/Sep/2016:20:05:17 +0000] "POST /api/getServers HTTP/1.1" 200 98 "http://localhost:30200/?amount=" "Mozilla/5.0 (Macintosh; Intel Mac OS X 10_10_5) AppleWebKit/537.36 (KHTML, like Gecko) Chrome/52.0.2743.116 Safari/537.36"
::1 - - [15/Sep/2016:20:05:17 +0000] "POST /api/getPlans HTTP/1.1" 200 1990 "http://localhost:30200/?amount=" "Mozilla/5.0 (Macintosh; Intel Mac OS X 10_10_5) AppleWebKit/537.36 (KHTML, like Gecko) Chrome/52.0.2743.116 Safari/537.36"
::1 - - [15/Sep/2016:20:05:36 +0000] "GET /api/loggedin HTTP/1.1" 200 213 "http://localhost:30200/?amount=" "Mozilla/5.0 (Macintosh; Intel Mac OS X 10_10_5) AppleWebKit/537.36 (KHTML, like Gecko) Chrome/52.0.2743.116 Safari/537.36"
::1 - - [15/Sep/2016:20:05:36 +0000] "POST /api/getCustomerBalance HTTP/1.1" 200 35 "http://localhost:30200/?amount=" "Mozilla/5.0 (Macintosh; Intel Mac OS X 10_10_5) AppleWebKit/537.36 (KHTML, like Gecko) Chrome/52.0.2743.116 Safari/537.36"
::1 - - [15/Sep/2016:20:05:36 +0000] "POST /api/getPlans HTTP/1.1" 200 1990 "http://localhost:30200/?amount=" "Mozilla/5.0 (Macintosh; Intel Mac OS X 10_10_5) AppleWebKit/537.36 (KHTML, like Gecko) Chrome/52.0.2743.116 Safari/537.36"
::1 - - [15/Sep/2016:20:05:37 +0000] "POST /api/getBranches HTTP/1.1" 200 13152 "http://localhost:30200/?amount=" "Mozilla/5.0 (Macintosh; Intel Mac OS X 10_10_5) AppleWebKit/537.36 (KHTML, like Gecko) Chrome/52.0.2743.116 Safari/537.36"
::1 - - [15/Sep/2016:20:05:39 +0000] "GET /billing/billing.html HTTP/1.1" 200 734 "http://localhost:30200/?amount=" "Mozilla/5.0 (Macintosh; Intel Mac OS X 10_10_5) AppleWebKit/537.36 (KHTML, like Gecko) Chrome/52.0.2743.116 Safari/537.36"
::1 - - [15/Sep/2016:20:05:39 +0000] "GET /api/loggedin HTTP/1.1" 200 213 "http://localhost:30200/?amount=" "Mozilla/5.0 (Macintosh; Intel Mac OS X 10_10_5) AppleWebKit/537.36 (KHTML, like Gecko) Chrome/52.0.2743.116 Safari/537.36"
::1 - - [15/Sep/2016:20:05:39 +0000] "POST /api/getCustomerBalance HTTP/1.1" 200 35 "http://localhost:30200/?amount=" "Mozilla/5.0 (Macintosh; Intel Mac OS X 10_10_5) AppleWebKit/537.36 (KHTML, like Gecko) Chrome/52.0.2743.116 Safari/537.36"
::1 - - [15/Sep/2016:20:05:39 +0000] "POST /api/transactions HTTP/1.1" 200 28 "http://localhost:30200/?amount=" "Mozilla/5.0 (Macintosh; Intel Mac OS X 10_10_5) AppleWebKit/537.36 (KHTML, like Gecko) Chrome/52.0.2743.116 Safari/537.36"
::1 - - [15/Sep/2016:20:05:40 +0000] "POST /api/charges HTTP/1.1" 200 6020 "http://localhost:30200/?amount=" "Mozilla/5.0 (Macintosh; Intel Mac OS X 10_10_5) AppleWebKit/537.36 (KHTML, like Gecko) Chrome/52.0.2743.116 Safari/537.36"
